<?xml version="1.0" encoding="UTF-8"?>
<!-- Generated by org.testng.reporters.JUnitXMLReporter -->
<testsuite ignored="16" hostname="Shraddha-PC" failures="5" tests="5" name="ProgramsTest(failed)" time="110.232" errors="0" timestamp="24 Feb 2022 19:18:19 GMT">
  <testcase classname="com.jsp.tests.Test_DataProvider" name="doLogin" time="1.211">
    <failure type="org.testng.internal.reflect.MethodMatcherException" message="
Data provider mismatch
Method: doLogin([Parameter{index=0, type=java.lang.String, declaredAnnotations=[]}])
Arguments: [(java.lang.String) shraddha,(java.lang.String) 123456,(java.lang.String) shraddha,(java.lang.String) thakur]">
      <![CDATA[org.testng.internal.reflect.MethodMatcherException: 
Data provider mismatch
Method: doLogin([Parameter{index=0, type=java.lang.String, declaredAnnotations=[]}])
Arguments: [(java.lang.String) shraddha,(java.lang.String) 123456,(java.lang.String) shraddha,(java.lang.String) thakur]
at java.base/java.util.concurrent.ThreadPoolExecutor.runWorker(ThreadPoolExecutor.java:1130)
at java.base/java.util.concurrent.ThreadPoolExecutor$Worker.run(ThreadPoolExecutor.java:630)
at java.base/java.lang.Thread.run(Thread.java:832)
... Removed 5 stack frames]]>
    </failure>
  </testcase> <!-- doLogin -->
  <testcase classname="com.jsp.tests.ExcelPOIDataProvider" name="excelFileReadDP" time="1.253">
    <failure type="org.testng.internal.reflect.MethodMatcherException" message="
Data provider mismatch
Method: excelFileReadDP([Parameter{index=0, type=java.lang.String, declaredAnnotations=[]}, Parameter{index=1, type=java.lang.String, declaredAnnotations=[]}])
Arguments: [(java.lang.String) shraddha,(java.lang.String) 123456,(java.lang.String) shraddha,(java.lang.String) thakur]">
      <![CDATA[org.testng.internal.reflect.MethodMatcherException: 
Data provider mismatch
Method: excelFileReadDP([Parameter{index=0, type=java.lang.String, declaredAnnotations=[]}, Parameter{index=1, type=java.lang.String, declaredAnnotations=[]}])
Arguments: [(java.lang.String) shraddha,(java.lang.String) 123456,(java.lang.String) shraddha,(java.lang.String) thakur]
at java.base/java.util.concurrent.ThreadPoolExecutor.runWorker(ThreadPoolExecutor.java:1130)
at java.base/java.util.concurrent.ThreadPoolExecutor$Worker.run(ThreadPoolExecutor.java:630)
at java.base/java.lang.Thread.run(Thread.java:832)
... Removed 5 stack frames]]>
    </failure>
  </testcase> <!-- excelFileReadDP -->
  <testcase classname="com.jsp.tests.Action" name="testAction6" time="10.345">
    <failure type="org.openqa.selenium.interactions.MoveTargetOutOfBoundsException" message="move target out of bounds
  (Session info: chrome=98.0.4758.102)
Build info: version: &amp;apos;3.141.59&amp;apos;, revision: &amp;apos;e82be7d358&amp;apos;, time: &amp;apos;2018-11-14T08:17:03&amp;apos;
System info: host: &amp;apos;SHRADDHA-PC&amp;apos;, ip: &amp;apos;192.168.144.139&amp;apos;, os.name: &amp;apos;Windows 7&amp;apos;, os.arch: &amp;apos;amd64&amp;apos;, os.version: &amp;apos;6.1&amp;apos;, java.version: &amp;apos;15.0.1&amp;apos;
Driver info: org.openqa.selenium.chrome.ChromeDriver
Capabilities {acceptInsecureCerts: false, browserName: chrome, browserVersion: 98.0.4758.102, chrome: {chromedriverVersion: 98.0.4758.48 (d869ab3eda606..., userDataDir: C:\Users\SHRADD~1\AppData\L...}, goog:chromeOptions: {debuggerAddress: localhost:51991}, javascriptEnabled: true, networkConnectionEnabled: false, pageLoadStrategy: normal, platform: WINDOWS, platformName: WINDOWS, proxy: Proxy(), setWindowRect: true, strictFileInteractability: false, timeouts: {implicit: 0, pageLoad: 300000, script: 30000}, unhandledPromptBehavior: dismiss and notify, webauthn:extension:credBlob: true, webauthn:extension:largeBlob: true, webauthn:virtualAuthenticators: true}
Session ID: 64495cdb8b2703dfa8ca6c12f760cd89">
      <![CDATA[org.openqa.selenium.interactions.MoveTargetOutOfBoundsException: move target out of bounds
  (Session info: chrome=98.0.4758.102)
Build info: version: '3.141.59', revision: 'e82be7d358', time: '2018-11-14T08:17:03'
System info: host: 'SHRADDHA-PC', ip: '192.168.144.139', os.name: 'Windows 7', os.arch: 'amd64', os.version: '6.1', java.version: '15.0.1'
Driver info: org.openqa.selenium.chrome.ChromeDriver
Capabilities {acceptInsecureCerts: false, browserName: chrome, browserVersion: 98.0.4758.102, chrome: {chromedriverVersion: 98.0.4758.48 (d869ab3eda606..., userDataDir: C:\Users\SHRADD~1\AppData\L...}, goog:chromeOptions: {debuggerAddress: localhost:51991}, javascriptEnabled: true, networkConnectionEnabled: false, pageLoadStrategy: normal, platform: WINDOWS, platformName: WINDOWS, proxy: Proxy(), setWindowRect: true, strictFileInteractability: false, timeouts: {implicit: 0, pageLoad: 300000, script: 30000}, unhandledPromptBehavior: dismiss and notify, webauthn:extension:credBlob: true, webauthn:extension:largeBlob: true, webauthn:virtualAuthenticators: true}
Session ID: 64495cdb8b2703dfa8ca6c12f760cd89
at org.openqa.selenium.remote.http.W3CHttpResponseCodec.createException(W3CHttpResponseCodec.java:187)
at org.openqa.selenium.remote.http.W3CHttpResponseCodec.decode(W3CHttpResponseCodec.java:122)
at org.openqa.selenium.remote.http.W3CHttpResponseCodec.decode(W3CHttpResponseCodec.java:49)
at org.openqa.selenium.remote.HttpCommandExecutor.execute(HttpCommandExecutor.java:158)
at org.openqa.selenium.remote.service.DriverCommandExecutor.execute(DriverCommandExecutor.java:83)
at org.openqa.selenium.remote.RemoteWebDriver.execute(RemoteWebDriver.java:552)
at org.openqa.selenium.remote.RemoteWebDriver.perform(RemoteWebDriver.java:618)
at org.openqa.selenium.interactions.Actions$BuiltAction.perform(Actions.java:639)
at com.jsp.tests.Action.testAction6(Action.java:198)
at java.base/java.util.concurrent.ThreadPoolExecutor.runWorker(ThreadPoolExecutor.java:1130)
at java.base/java.util.concurrent.ThreadPoolExecutor$Worker.run(ThreadPoolExecutor.java:630)
at java.base/java.lang.Thread.run(Thread.java:832)
... Removed 15 stack frames]]>
    </failure>
  </testcase> <!-- testAction6 -->
  <testcase classname="com.jsp.tests.DropDownListSortedOrNot" name="dropDownListSortedOrNot" time="25.392">
    <failure type="java.lang.AssertionError" message="expected [false] but found [true]">
      <![CDATA[java.lang.AssertionError: expected [false] but found [true]
at com.jsp.tests.DropDownListSortedOrNot.dropDownListSortedOrNot(dropDownListSortedOrNot.java:44)
at java.base/java.util.concurrent.ThreadPoolExecutor.runWorker(ThreadPoolExecutor.java:1130)
at java.base/java.util.concurrent.ThreadPoolExecutor$Worker.run(ThreadPoolExecutor.java:630)
at java.base/java.lang.Thread.run(Thread.java:832)
... Removed 16 stack frames]]>
    </failure>
  </testcase> <!-- dropDownListSortedOrNot -->
  <testcase classname="com.jsp.tests.BrokenLinksTest2" name="verifyBrokenLinks" time="102.238">
    <failure type="java.lang.ClassCastException" message="class sun.net.www.protocol.mailto.MailToURLConnection cannot be cast to class java.net.HttpURLConnection (sun.net.www.protocol.mailto.MailToURLConnection and java.net.HttpURLConnection are in module java.base of loader &amp;apos;bootstrap&amp;apos;)">
      <![CDATA[java.lang.ClassCastException: class sun.net.www.protocol.mailto.MailToURLConnection cannot be cast to class java.net.HttpURLConnection (sun.net.www.protocol.mailto.MailToURLConnection and java.net.HttpURLConnection are in module java.base of loader 'bootstrap')
at com.jsp.tests.BrokenLinksTest2.verifyUrl(BrokenLinksTest2.java:47)
at com.jsp.tests.BrokenLinksTest2.verifyBrokenLinks(BrokenLinksTest2.java:38)
at java.base/java.util.concurrent.ThreadPoolExecutor.runWorker(ThreadPoolExecutor.java:1130)
at java.base/java.util.concurrent.ThreadPoolExecutor$Worker.run(ThreadPoolExecutor.java:630)
at java.base/java.lang.Thread.run(Thread.java:832)
... Removed 10 stack frames]]>
    </failure>
  </testcase> <!-- verifyBrokenLinks -->
  <testcase classname="com.jsp.tests.Action" name="testAction8" time="0.0">
    <ignored/>
  </testcase> <!-- testAction8 -->
  <testcase classname="com.jsp.tests.Action" name="testAction9" time="0.0">
    <ignored/>
  </testcase> <!-- testAction9 -->
  <testcase classname="com.jsp.tests.BaseTestClass" name="@BeforeSuite beforeSuite" time="0.0">
    <ignored/>
  </testcase> <!-- @BeforeSuite beforeSuite -->
  <testcase classname="com.jsp.tests.BaseTestClass" name="@BeforeSuite beforeSuite" time="0.0">
    <ignored/>
  </testcase> <!-- @BeforeSuite beforeSuite -->
  <testcase classname="com.jsp.tests.BaseTestClass" name="@BeforeSuite beforeSuite" time="0.0">
    <ignored/>
  </testcase> <!-- @BeforeSuite beforeSuite -->
  <testcase classname="com.jsp.tests.BaseTestClass" name="@BeforeSuite beforeSuite" time="0.0">
    <ignored/>
  </testcase> <!-- @BeforeSuite beforeSuite -->
  <testcase classname="com.jsp.tests.Action" name="testAction2" time="0.0">
    <ignored/>
  </testcase> <!-- testAction2 -->
  <testcase classname="com.jsp.tests.Action" name="testAction1" time="0.0">
    <ignored/>
  </testcase> <!-- testAction1 -->
  <testcase classname="com.jsp.tests.Action" name="testAction4" time="0.0">
    <ignored/>
  </testcase> <!-- testAction4 -->
  <testcase classname="com.jsp.tests.Action" name="testAction3" time="0.0">
    <ignored/>
  </testcase> <!-- testAction3 -->
  <testcase classname="com.jsp.tests.Action" name="testAction5" time="0.0">
    <ignored/>
  </testcase> <!-- testAction5 -->
  <testcase classname="com.jsp.tests.Action" name="testAction7" time="0.0">
    <ignored/>
  </testcase> <!-- testAction7 -->
  <testcase classname="com.jsp.tests.BaseTestClass" name="@AfterSuite afterSuite" time="0.0">
    <ignored/>
  </testcase> <!-- @AfterSuite afterSuite -->
  <testcase classname="com.jsp.tests.BaseTestClass" name="@AfterSuite afterSuite" time="0.0">
    <ignored/>
  </testcase> <!-- @AfterSuite afterSuite -->
  <testcase classname="com.jsp.tests.BaseTestClass" name="@AfterSuite afterSuite" time="0.0">
    <ignored/>
  </testcase> <!-- @AfterSuite afterSuite -->
  <testcase classname="com.jsp.tests.BaseTestClass" name="@AfterSuite afterSuite" time="0.0">
    <ignored/>
  </testcase> <!-- @AfterSuite afterSuite -->
</testsuite> <!-- ProgramsTest(failed) -->
