<?xml version="1.0" encoding="UTF-8"?>
<!-- Generated by org.testng.reporters.JUnitXMLReporter -->
<testsuite ignored="18" hostname="Shraddha-PC" failures="5" tests="21" name="ProgramsTest" time="208.184" errors="0" timestamp="09 Mar 2022 20:12:59 GMT">
  <testcase classname="com.jsp.tests.ElementSpecificCmd" name="elementSpecificCmd" time="16.6"/>
  <testcase classname="com.jsp.tests.BrowserNavigationCmd" name="browserNavigationCmd" time="28.661"/>
  <testcase classname="com.jsp.tests.BrowserSpecificCmd" name="browserSpecificCommands" time="30.448"/>
  <testcase classname="com.jsp.tests.DropDown" name="dropDownTest" time="42.685"/>
  <testcase classname="com.jsp.tests.simplepingtest" name="pingtest" time="3.539"/>
  <testcase classname="com.jsp.tests.Action" name="testAction2" time="4.642"/>
  <testcase classname="com.jsp.tests.Action" name="testAction3" time="4.213"/>
  <testcase classname="com.jsp.tests.Action" name="testAction1" time="14.978"/>
  <testcase classname="com.jsp.tests.Action" name="testAction5" time="21.658"/>
  <testcase classname="com.jsp.tests.Action" name="testAction6" time="6.623">
    <failure type="org.openqa.selenium.interactions.MoveTargetOutOfBoundsException" message="move target out of bounds
  (Session info: chrome=98.0.4758.102)
Build info: version: &amp;apos;3.141.59&amp;apos;, revision: &amp;apos;e82be7d358&amp;apos;, time: &amp;apos;2018-11-14T08:17:03&amp;apos;
System info: host: &amp;apos;SHRADDHA-PC&amp;apos;, ip: &amp;apos;192.168.29.116&amp;apos;, os.name: &amp;apos;Windows 7&amp;apos;, os.arch: &amp;apos;amd64&amp;apos;, os.version: &amp;apos;6.1&amp;apos;, java.version: &amp;apos;15.0.1&amp;apos;
Driver info: org.openqa.selenium.chrome.ChromeDriver
Capabilities {acceptInsecureCerts: false, browserName: chrome, browserVersion: 98.0.4758.102, chrome: {chromedriverVersion: 98.0.4758.48 (d869ab3eda606..., userDataDir: C:\Users\SHRADD~1\AppData\L...}, goog:chromeOptions: {debuggerAddress: localhost:52922}, javascriptEnabled: true, networkConnectionEnabled: false, pageLoadStrategy: normal, platform: WINDOWS, platformName: WINDOWS, proxy: Proxy(), setWindowRect: true, strictFileInteractability: false, timeouts: {implicit: 0, pageLoad: 300000, script: 30000}, unhandledPromptBehavior: dismiss and notify, webauthn:extension:credBlob: true, webauthn:extension:largeBlob: true, webauthn:virtualAuthenticators: true}
Session ID: e68ac1f16959d063b0b71ad9045b094f">
      <![CDATA[org.openqa.selenium.interactions.MoveTargetOutOfBoundsException: move target out of bounds
  (Session info: chrome=98.0.4758.102)
Build info: version: '3.141.59', revision: 'e82be7d358', time: '2018-11-14T08:17:03'
System info: host: 'SHRADDHA-PC', ip: '192.168.29.116', os.name: 'Windows 7', os.arch: 'amd64', os.version: '6.1', java.version: '15.0.1'
Driver info: org.openqa.selenium.chrome.ChromeDriver
Capabilities {acceptInsecureCerts: false, browserName: chrome, browserVersion: 98.0.4758.102, chrome: {chromedriverVersion: 98.0.4758.48 (d869ab3eda606..., userDataDir: C:\Users\SHRADD~1\AppData\L...}, goog:chromeOptions: {debuggerAddress: localhost:52922}, javascriptEnabled: true, networkConnectionEnabled: false, pageLoadStrategy: normal, platform: WINDOWS, platformName: WINDOWS, proxy: Proxy(), setWindowRect: true, strictFileInteractability: false, timeouts: {implicit: 0, pageLoad: 300000, script: 30000}, unhandledPromptBehavior: dismiss and notify, webauthn:extension:credBlob: true, webauthn:extension:largeBlob: true, webauthn:virtualAuthenticators: true}
Session ID: e68ac1f16959d063b0b71ad9045b094f
at org.openqa.selenium.remote.http.W3CHttpResponseCodec.createException(W3CHttpResponseCodec.java:187)
at org.openqa.selenium.remote.http.W3CHttpResponseCodec.decode(W3CHttpResponseCodec.java:122)
at org.openqa.selenium.remote.http.W3CHttpResponseCodec.decode(W3CHttpResponseCodec.java:49)
at org.openqa.selenium.remote.HttpCommandExecutor.execute(HttpCommandExecutor.java:158)
at org.openqa.selenium.remote.service.DriverCommandExecutor.execute(DriverCommandExecutor.java:83)
at org.openqa.selenium.remote.RemoteWebDriver.execute(RemoteWebDriver.java:552)
at org.openqa.selenium.remote.RemoteWebDriver.perform(RemoteWebDriver.java:618)
at org.openqa.selenium.interactions.Actions$BuiltAction.perform(Actions.java:639)
at com.jsp.tests.Action.testAction6(Action.java:198)
at java.base/java.util.concurrent.ThreadPoolExecutor.runWorker(ThreadPoolExecutor.java:1130)
at java.base/java.util.concurrent.ThreadPoolExecutor$Worker.run(ThreadPoolExecutor.java:630)
at java.base/java.lang.Thread.run(Thread.java:832)
... Removed 15 stack frames]]>
    </failure>
  </testcase> <!-- testAction6 -->
  <testcase classname="com.jsp.tests.Action" name="testAction4" time="41.204"/>
  <testcase classname="com.jsp.tests.Action" name="testAction7" time="16.581"/>
  <testcase classname="com.jsp.tests.Action" name="testAction9" time="7.128"/>
  <testcase classname="com.jsp.tests.Action" name="testAction8" time="23.568"/>
  <testcase classname="com.jsp.tests.DropDownListSortedOrNot" name="dropDownListSortedOrNot" time="31.595">
    <failure type="java.lang.AssertionError" message="expected [true] but found [false]">
      <![CDATA[java.lang.AssertionError: expected [true] but found [false]
at com.jsp.tests.DropDownListSortedOrNot.dropDownListSortedOrNot(DropDownListSortedOrNot.java:43)
at java.base/java.util.concurrent.ThreadPoolExecutor.runWorker(ThreadPoolExecutor.java:1130)
at java.base/java.util.concurrent.ThreadPoolExecutor$Worker.run(ThreadPoolExecutor.java:630)
at java.base/java.lang.Thread.run(Thread.java:832)
... Removed 16 stack frames]]>
    </failure>
  </testcase> <!-- dropDownListSortedOrNot -->
  <testcase classname="com.jsp.tests.MultiSelect" name="multiSelect" time="33.677"/>
  <testcase classname="com.jsp.tests.DynamicWebTable" name="dynamicWebTable1" time="9.111"/>
  <testcase classname="com.jsp.tests.ToolTip" name="ToolTipbyAction" time="5.863">
    <failure type="java.lang.AssertionError" message="expected [What&amp;apos;s new in 3.2+++++] but found [What&amp;apos;s new in 3.2]">
      <![CDATA[java.lang.AssertionError: expected [What's new in 3.2+++++] but found [What's new in 3.2]
at com.jsp.tests.ToolTip.ToolTipbyAction(ToolTip.java:40)
at java.base/java.util.concurrent.ThreadPoolExecutor.runWorker(ThreadPoolExecutor.java:1130)
at java.base/java.util.concurrent.ThreadPoolExecutor$Worker.run(ThreadPoolExecutor.java:630)
at java.base/java.lang.Thread.run(Thread.java:832)
... Removed 16 stack frames]]>
    </failure>
  </testcase> <!-- ToolTipbyAction -->
  <testcase classname="com.jsp.tests.ToolTip" name="ToolTipbyAction" time="5.467">
    <failure type="java.lang.AssertionError" message="expected [What&amp;apos;s new in 3.2+++++] but found []">
      <![CDATA[java.lang.AssertionError: expected [What's new in 3.2+++++] but found []
at com.jsp.tests.ToolTip.ToolTipbyAction(ToolTip.java:40)
at java.base/java.util.concurrent.ThreadPoolExecutor.runWorker(ThreadPoolExecutor.java:1130)
at java.base/java.util.concurrent.ThreadPoolExecutor$Worker.run(ThreadPoolExecutor.java:630)
at java.base/java.lang.Thread.run(Thread.java:832)
... Removed 16 stack frames]]>
    </failure>
  </testcase> <!-- ToolTipbyAction -->
  <testcase classname="com.jsp.tests.ToolTip" name="ToolTipbyAction" time="5.798">
    <failure type="java.lang.AssertionError" message="expected [What&amp;apos;s new in 3.2+++++] but found [What&amp;apos;s new in 3.2]">
      <![CDATA[java.lang.AssertionError: expected [What's new in 3.2+++++] but found [What's new in 3.2]
at com.jsp.tests.ToolTip.ToolTipbyAction(ToolTip.java:40)
at java.base/java.util.concurrent.ThreadPoolExecutor.runWorker(ThreadPoolExecutor.java:1130)
at java.base/java.util.concurrent.ThreadPoolExecutor$Worker.run(ThreadPoolExecutor.java:630)
at java.base/java.lang.Thread.run(Thread.java:832)
... Removed 16 stack frames]]>
    </failure>
  </testcase> <!-- ToolTipbyAction -->
  <testcase classname="com.jsp.tests.ToolTip" name="ToolTipbyAtributeTitle" time="2.677"/>
  <testcase classname="com.jsp.tests.BaseTestClass" name="@BeforeSuite beforeSuite" time="0.0">
    <ignored/>
  </testcase> <!-- @BeforeSuite beforeSuite -->
  <testcase classname="com.jsp.tests.BaseTestClass" name="@BeforeSuite beforeSuite" time="0.0">
    <ignored/>
  </testcase> <!-- @BeforeSuite beforeSuite -->
  <testcase classname="com.jsp.tests.BaseTestClass" name="@BeforeSuite beforeSuite" time="0.0">
    <ignored/>
  </testcase> <!-- @BeforeSuite beforeSuite -->
  <testcase classname="com.jsp.tests.BaseTestClass" name="@BeforeSuite beforeSuite" time="0.0">
    <ignored/>
  </testcase> <!-- @BeforeSuite beforeSuite -->
  <testcase classname="com.jsp.tests.BaseTestClass" name="@BeforeSuite beforeSuite" time="0.0">
    <ignored/>
  </testcase> <!-- @BeforeSuite beforeSuite -->
  <testcase classname="com.jsp.tests.BaseTestClass" name="@BeforeSuite beforeSuite" time="0.0">
    <ignored/>
  </testcase> <!-- @BeforeSuite beforeSuite -->
  <testcase classname="com.jsp.tests.BaseTestClass" name="@BeforeSuite beforeSuite" time="0.0">
    <ignored/>
  </testcase> <!-- @BeforeSuite beforeSuite -->
  <testcase classname="com.jsp.tests.BaseTestClass" name="@BeforeSuite beforeSuite" time="0.0">
    <ignored/>
  </testcase> <!-- @BeforeSuite beforeSuite -->
  <testcase classname="com.jsp.tests.BaseTestClass" name="@BeforeSuite beforeSuite" time="0.0">
    <ignored/>
  </testcase> <!-- @BeforeSuite beforeSuite -->
  <testcase classname="com.jsp.tests.BaseTestClass" name="@AfterSuite afterSuite" time="0.0">
    <ignored/>
  </testcase> <!-- @AfterSuite afterSuite -->
  <testcase classname="com.jsp.tests.BaseTestClass" name="@AfterSuite afterSuite" time="0.0">
    <ignored/>
  </testcase> <!-- @AfterSuite afterSuite -->
  <testcase classname="com.jsp.tests.BaseTestClass" name="@AfterSuite afterSuite" time="0.0">
    <ignored/>
  </testcase> <!-- @AfterSuite afterSuite -->
  <testcase classname="com.jsp.tests.BaseTestClass" name="@AfterSuite afterSuite" time="0.0">
    <ignored/>
  </testcase> <!-- @AfterSuite afterSuite -->
  <testcase classname="com.jsp.tests.BaseTestClass" name="@AfterSuite afterSuite" time="0.0">
    <ignored/>
  </testcase> <!-- @AfterSuite afterSuite -->
  <testcase classname="com.jsp.tests.BaseTestClass" name="@AfterSuite afterSuite" time="0.0">
    <ignored/>
  </testcase> <!-- @AfterSuite afterSuite -->
  <testcase classname="com.jsp.tests.BaseTestClass" name="@AfterSuite afterSuite" time="0.0">
    <ignored/>
  </testcase> <!-- @AfterSuite afterSuite -->
  <testcase classname="com.jsp.tests.BaseTestClass" name="@AfterSuite afterSuite" time="0.0">
    <ignored/>
  </testcase> <!-- @AfterSuite afterSuite -->
  <testcase classname="com.jsp.tests.BaseTestClass" name="@AfterSuite afterSuite" time="0.0">
    <ignored/>
  </testcase> <!-- @AfterSuite afterSuite -->
</testsuite> <!-- ProgramsTest -->
