<html>
<head>
<title>TestNG:  Selenium Java Programs</title>
<link href="../testng.css" rel="stylesheet" type="text/css" />
<link href="../my-testng.css" rel="stylesheet" type="text/css" />

<style type="text/css">
.log { display: none;} 
.stack-trace { display: none;} 
</style>
<script type="text/javascript">
<!--
function flip(e) {
  current = e.style.display;
  if (current == 'block') {
    e.style.display = 'none';
    return 0;
  }
  else {
    e.style.display = 'block';
    return 1;
  }
}

function toggleBox(szDivId, elem, msg1, msg2)
{
  var res = -1;  if (document.getElementById) {
    res = flip(document.getElementById(szDivId));
  }
  else if (document.all) {
    // this is the way old msie versions work
    res = flip(document.all[szDivId]);
  }
  if(elem) {
    if(res == 0) elem.innerHTML = msg1; else elem.innerHTML = msg2;
  }

}

function toggleAllBoxes() {
  if (document.getElementsByTagName) {
    d = document.getElementsByTagName('div');
    for (i = 0; i < d.length; i++) {
      if (d[i].className == 'log') {
        flip(d[i]);
      }
    }
  }
}

// -->
</script>

</head>
<body>
<h2 align='center'>Selenium Java Programs</h2><table border='1' align="center">
<tr>
<td>Tests passed/Failed/Skipped:</td><td>0/0/3</td>
</tr><tr>
<td>Started on:</td><td>Thu Feb 17 10:52:56 IST 2022</td>
</tr>
<tr><td>Total time:</td><td>62 seconds (62255 ms)</td>
</tr><tr>
<td>Included groups:</td><td></td>
</tr><tr>
<td>Excluded groups:</td><td></td>
</tr>
</table><p/>
<small><i>(Hover the method name to see the test class name)</i></small><p/>
<table width='100%' border='1' class='invocation-failed'>
<tr><td colspan='4' align='center'><b>FAILED CONFIGURATIONS</b></td></tr>
<tr><td><b>Test method</b></td>
<td width="30%"><b>Exception</b></td>
<td width="10%"><b>Time (seconds)</b></td>
<td><b>Instance</b></td>
</tr>
<tr>
<td title='com.jsp.tests.Locators.setUp()'><b>setUp</b><br>Test class: com.jsp.tests.Locators</td>
<td><div><pre>org.openqa.selenium.WebDriverException: unknown error: Chrome failed to start: was killed.
  (chrome not reachable)
  (The process started from chrome location C:\Program Files (x86)\Google\Chrome\Application\chrome.exe is no longer running, so ChromeDriver is assuming that Chrome has crashed.)
Build info: version: &apos;3.141.59&apos;, revision: &apos;e82be7d358&apos;, time: &apos;2018-11-14T08:17:03&apos;
System info: host: &apos;SHRADDHA-PC&apos;, ip: &apos;192.168.125.139&apos;, os.name: &apos;Windows 7&apos;, os.arch: &apos;amd64&apos;, os.version: &apos;6.1&apos;, java.version: &apos;15.0.1&apos;
Driver info: driver.version: Driver
remote stacktrace: Backtrace:
	Ordinal0 [0x0161A0A3+2597027]
	Ordinal0 [0x015ABA61+2144865]
	Ordinal0 [0x014A3C58+1064024]
	Ordinal0 [0x014C07B1+1181617]
	Ordinal0 [0x014BCD41+1166657]
	Ordinal0 [0x014ED23F+1364543]
	Ordinal0 [0x014ECE6A+1363562]
	Ordinal0 [0x014E85C6+1344966]
	Ordinal0 [0x014C54C6+1201350]
	Ordinal0 [0x014C63B6+1205174]
	GetHandleVerifier [0x017C10A2+1681842]
	GetHandleVerifier [0x01873B0C+2413596]
	GetHandleVerifier [0x016B1221+568113]
	GetHandleVerifier [0x016AFFA3+563379]
	Ordinal0 [0x015B174E+2168654]
	Ordinal0 [0x015B6538+2188600]
	Ordinal0 [0x015B6680+2188928]
	Ordinal0 [0x015C030C+2229004]
	BaseThreadInitThunk [0x7724343D+18]
	RtlInitializeExceptionChain [0x77C99812+99]
	RtlInitializeExceptionChain [0x77C997E5+54]

	at org.openqa.selenium.remote.W3CHandshakeResponse.lambda$errorHandler$0(W3CHandshakeResponse.java:62)
	at org.openqa.selenium.remote.HandshakeResponse.lambda$getResponseFunction$0(HandshakeResponse.java:30)
	at org.openqa.selenium.remote.ProtocolHandshake.lambda$createSession$0(ProtocolHandshake.java:126)
	at java.base/java.util.stream.ReferencePipeline$3$1.accept(ReferencePipeline.java:195)
	at java.base/java.util.Spliterators$ArraySpliterator.tryAdvance(Spliterators.java:958)
	at java.base/java.util.stream.ReferencePipeline.forEachWithCancel(ReferencePipeline.java:127)
	at java.base/java.util.stream.AbstractPipeline.copyIntoWithCancel(AbstractPipeline.java:502)
	at java.base/java.util.stream.AbstractPipeline.copyInto(AbstractPipeline.java:488)
	at java.base/java.util.stream.AbstractPipeline.wrapAndCopyInto(AbstractPipeline.java:474)
	at java.base/java.util.stream.FindOps$FindOp.evaluateSequential(FindOps.java:150)
	at java.base/java.util.stream.AbstractPipeline.evaluate(AbstractPipeline.java:234)
	at java.base/java.util.stream.ReferencePipeline.findFirst(ReferencePipeline.java:543)
	at org.openqa.selenium.remote.ProtocolHandshake.createSession(ProtocolHandshake.java:128)
	at org.openqa.selenium.remote.ProtocolHandshake.createSession(ProtocolHandshake.java:74)
	at org.openqa.selenium.remote.HttpCommandExecutor.execute(HttpCommandExecutor.java:136)
	at org.openqa.selenium.remote.service.DriverCommandExecutor.execute(DriverCommandExecutor.java:83)
	at org.openqa.selenium.remote.RemoteWebDriver.execute(RemoteWebDriver.java:552)
	at org.openqa.selenium.remote.RemoteWebDriver.startSession(RemoteWebDriver.java:213)
	at org.openqa.selenium.remote.RemoteWebDriver.&lt;init&gt;(RemoteWebDriver.java:131)
	at org.openqa.selenium.chrome.ChromeDriver.&lt;init&gt;(ChromeDriver.java:181)
	at org.openqa.selenium.chrome.ChromeDriver.&lt;init&gt;(ChromeDriver.java:147)
	at com.jsp.drivers.Driver.initDriver(Driver.java:33)
	at com.jsp.basepackage.xBaseTestClass.setUp(BaseTestClass.java:36)
	at java.base/java.util.concurrent.ThreadPoolExecutor.runWorker(ThreadPoolExecutor.java:1130)
	at java.base/java.util.concurrent.ThreadPoolExecutor$Worker.run(ThreadPoolExecutor.java:630)
	at java.base/java.lang.Thread.run(Thread.java:832)
... Removed 18 stack frames</pre></div><a href='#' onClick='toggleBox("stack-trace1031230054", this, "Click to show all stack frames", "Click to hide stack frames")'>Click to show all stack frames</a>
<div class='stack-trace' id='stack-trace1031230054'><pre>org.openqa.selenium.WebDriverException: unknown error: Chrome failed to start: was killed.
  (chrome not reachable)
  (The process started from chrome location C:\Program Files (x86)\Google\Chrome\Application\chrome.exe is no longer running, so ChromeDriver is assuming that Chrome has crashed.)
Build info: version: &apos;3.141.59&apos;, revision: &apos;e82be7d358&apos;, time: &apos;2018-11-14T08:17:03&apos;
System info: host: &apos;SHRADDHA-PC&apos;, ip: &apos;192.168.125.139&apos;, os.name: &apos;Windows 7&apos;, os.arch: &apos;amd64&apos;, os.version: &apos;6.1&apos;, java.version: &apos;15.0.1&apos;
Driver info: driver.version: Driver
remote stacktrace: Backtrace:
	Ordinal0 [0x0161A0A3+2597027]
	Ordinal0 [0x015ABA61+2144865]
	Ordinal0 [0x014A3C58+1064024]
	Ordinal0 [0x014C07B1+1181617]
	Ordinal0 [0x014BCD41+1166657]
	Ordinal0 [0x014ED23F+1364543]
	Ordinal0 [0x014ECE6A+1363562]
	Ordinal0 [0x014E85C6+1344966]
	Ordinal0 [0x014C54C6+1201350]
	Ordinal0 [0x014C63B6+1205174]
	GetHandleVerifier [0x017C10A2+1681842]
	GetHandleVerifier [0x01873B0C+2413596]
	GetHandleVerifier [0x016B1221+568113]
	GetHandleVerifier [0x016AFFA3+563379]
	Ordinal0 [0x015B174E+2168654]
	Ordinal0 [0x015B6538+2188600]
	Ordinal0 [0x015B6680+2188928]
	Ordinal0 [0x015C030C+2229004]
	BaseThreadInitThunk [0x7724343D+18]
	RtlInitializeExceptionChain [0x77C99812+99]
	RtlInitializeExceptionChain [0x77C997E5+54]

	at java.base/jdk.internal.reflect.NativeConstructorAccessorImpl.newInstance0(Native Method)
	at java.base/jdk.internal.reflect.NativeConstructorAccessorImpl.newInstance(NativeConstructorAccessorImpl.java:64)
	at java.base/jdk.internal.reflect.DelegatingConstructorAccessorImpl.newInstance(DelegatingConstructorAccessorImpl.java:45)
	at java.base/java.lang.reflect.Constructor.newInstanceWithCaller(Constructor.java:500)
	at java.base/java.lang.reflect.Constructor.newInstance(Constructor.java:481)
	at org.openqa.selenium.remote.W3CHandshakeResponse.lambda$errorHandler$0(W3CHandshakeResponse.java:62)
	at org.openqa.selenium.remote.HandshakeResponse.lambda$getResponseFunction$0(HandshakeResponse.java:30)
	at org.openqa.selenium.remote.ProtocolHandshake.lambda$createSession$0(ProtocolHandshake.java:126)
	at java.base/java.util.stream.ReferencePipeline$3$1.accept(ReferencePipeline.java:195)
	at java.base/java.util.Spliterators$ArraySpliterator.tryAdvance(Spliterators.java:958)
	at java.base/java.util.stream.ReferencePipeline.forEachWithCancel(ReferencePipeline.java:127)
	at java.base/java.util.stream.AbstractPipeline.copyIntoWithCancel(AbstractPipeline.java:502)
	at java.base/java.util.stream.AbstractPipeline.copyInto(AbstractPipeline.java:488)
	at java.base/java.util.stream.AbstractPipeline.wrapAndCopyInto(AbstractPipeline.java:474)
	at java.base/java.util.stream.FindOps$FindOp.evaluateSequential(FindOps.java:150)
	at java.base/java.util.stream.AbstractPipeline.evaluate(AbstractPipeline.java:234)
	at java.base/java.util.stream.ReferencePipeline.findFirst(ReferencePipeline.java:543)
	at org.openqa.selenium.remote.ProtocolHandshake.createSession(ProtocolHandshake.java:128)
	at org.openqa.selenium.remote.ProtocolHandshake.createSession(ProtocolHandshake.java:74)
	at org.openqa.selenium.remote.HttpCommandExecutor.execute(HttpCommandExecutor.java:136)
	at org.openqa.selenium.remote.service.DriverCommandExecutor.execute(DriverCommandExecutor.java:83)
	at org.openqa.selenium.remote.RemoteWebDriver.execute(RemoteWebDriver.java:552)
	at org.openqa.selenium.remote.RemoteWebDriver.startSession(RemoteWebDriver.java:213)
	at org.openqa.selenium.remote.RemoteWebDriver.&lt;init&gt;(RemoteWebDriver.java:131)
	at org.openqa.selenium.chrome.ChromeDriver.&lt;init&gt;(ChromeDriver.java:181)
	at org.openqa.selenium.chrome.ChromeDriver.&lt;init&gt;(ChromeDriver.java:147)
	at com.jsp.drivers.Driver.initDriver(Driver.java:33)
	at com.jsp.basepackage.xBaseTestClass.setUp(BaseTestClass.java:36)
	at java.base/jdk.internal.reflect.NativeMethodAccessorImpl.invoke0(Native Method)
	at java.base/jdk.internal.reflect.NativeMethodAccessorImpl.invoke(NativeMethodAccessorImpl.java:64)
	at java.base/jdk.internal.reflect.DelegatingMethodAccessorImpl.invoke(DelegatingMethodAccessorImpl.java:43)
	at java.base/java.lang.reflect.Method.invoke(Method.java:564)
	at org.testng.internal.MethodInvocationHelper.invokeMethod(MethodInvocationHelper.java:124)
	at org.testng.internal.MethodInvocationHelper.invokeMethodConsideringTimeout(MethodInvocationHelper.java:59)
	at org.testng.internal.Invoker.invokeConfigurationMethod(Invoker.java:458)
	at org.testng.internal.Invoker.invokeConfigurations(Invoker.java:222)
	at org.testng.internal.Invoker.invokeMethod(Invoker.java:523)
	at org.testng.internal.Invoker.invokeTestMethod(Invoker.java:719)
	at org.testng.internal.Invoker.invokeTestMethods(Invoker.java:989)
	at org.testng.internal.TestMethodWorker.invokeTestMethods(TestMethodWorker.java:125)
	at org.testng.internal.TestMethodWorker.run(TestMethodWorker.java:109)
	at java.base/java.util.concurrent.ThreadPoolExecutor.runWorker(ThreadPoolExecutor.java:1130)
	at java.base/java.util.concurrent.ThreadPoolExecutor$Worker.run(ThreadPoolExecutor.java:630)
	at java.base/java.lang.Thread.run(Thread.java:832)
</pre></div></td>
<td>10</td>
<td>com.jsp.tests.Locators@2f67a4d3</td></tr>
<tr>
<td title='com.jsp.tests.simplepingtest.setUp()'><b>setUp</b><br>Test class: com.jsp.tests.simplepingtest</td>
<td><div><pre>org.openqa.selenium.SessionNotCreatedException: session not created
from disconnected: Unable to receive message from renderer
  (Session info: chrome=98.0.4758.102)
Build info: version: &apos;3.141.59&apos;, revision: &apos;e82be7d358&apos;, time: &apos;2018-11-14T08:17:03&apos;
System info: host: &apos;SHRADDHA-PC&apos;, ip: &apos;192.168.125.139&apos;, os.name: &apos;Windows 7&apos;, os.arch: &apos;amd64&apos;, os.version: &apos;6.1&apos;, java.version: &apos;15.0.1&apos;
Driver info: driver.version: Driver
remote stacktrace: Backtrace:
	Ordinal0 [0x0161A0A3+2597027]
	Ordinal0 [0x015ABA61+2144865]
	Ordinal0 [0x014A3C58+1064024]
	Ordinal0 [0x01495992+1005970]
	Ordinal0 [0x014948D7+1001687]
	Ordinal0 [0x01494B96+1002390]
	Ordinal0 [0x01494475+1000565]
	Ordinal0 [0x0149FB43+1047363]
	Ordinal0 [0x01494425+1000485]
	Ordinal0 [0x014953A8+1004456]
	Ordinal0 [0x014948D7+1001687]
	Ordinal0 [0x01494B96+1002390]
	Ordinal0 [0x01494475+1000565]
	Ordinal0 [0x0149D883+1038467]
	Ordinal0 [0x01494425+1000485]
	Ordinal0 [0x014953A8+1004456]
	Ordinal0 [0x014948D7+1001687]
	Ordinal0 [0x01494B96+1002390]
	Ordinal0 [0x01494475+1000565]
	Ordinal0 [0x0149B569+1029481]
	Ordinal0 [0x01494425+1000485]
	Ordinal0 [0x014953A8+1004456]
	Ordinal0 [0x014948D7+1001687]
	Ordinal0 [0x01494CA7+1002663]
	Ordinal0 [0x01494C58+1002584]
	Ordinal0 [0x0149A716+1025814]
	Ordinal0 [0x01494425+1000485]
	Ordinal0 [0x014953A8+1004456]
	Ordinal0 [0x014948D7+1001687]
	Ordinal0 [0x01494B96+1002390]
	Ordinal0 [0x01494475+1000565]
	Ordinal0 [0x0148FE3D+982589]
	Ordinal0 [0x01494425+1000485]
	Ordinal0 [0x014941B0+999856]
	Ordinal0 [0x01493EF9+999161]
	Ordinal0 [0x014A4F90+1068944]
	Ordinal0 [0x014EE27C+1368700]
	Ordinal0 [0x014ECE6A+1363562]
	Ordinal0 [0x014E85C6+1344966]
	Ordinal0 [0x014C54C6+1201350]
	Ordinal0 [0x014C63B6+1205174]
	GetHandleVerifier [0x017C10A2+1681842]
	GetHandleVerifier [0x01873B0C+2413596]
	GetHandleVerifier [0x016B1221+568113]
	GetHandleVerifier [0x016AFFA3+563379]
	Ordinal0 [0x015B174E+2168654]
	Ordinal0 [0x015B6538+2188600]
	Ordinal0 [0x015B6680+2188928]
	Ordinal0 [0x015C030C+2229004]
	BaseThreadInitThunk [0x7724343D+18]
	RtlInitializeExceptionChain [0x77C99812+99]
	RtlInitializeExceptionChain [0x77C997E5+54]

	at org.openqa.selenium.remote.W3CHandshakeResponse.lambda$errorHandler$0(W3CHandshakeResponse.java:62)
	at org.openqa.selenium.remote.HandshakeResponse.lambda$getResponseFunction$0(HandshakeResponse.java:30)
	at org.openqa.selenium.remote.ProtocolHandshake.lambda$createSession$0(ProtocolHandshake.java:126)
	at java.base/java.util.stream.ReferencePipeline$3$1.accept(ReferencePipeline.java:195)
	at java.base/java.util.Spliterators$ArraySpliterator.tryAdvance(Spliterators.java:958)
	at java.base/java.util.stream.ReferencePipeline.forEachWithCancel(ReferencePipeline.java:127)
	at java.base/java.util.stream.AbstractPipeline.copyIntoWithCancel(AbstractPipeline.java:502)
	at java.base/java.util.stream.AbstractPipeline.copyInto(AbstractPipeline.java:488)
	at java.base/java.util.stream.AbstractPipeline.wrapAndCopyInto(AbstractPipeline.java:474)
	at java.base/java.util.stream.FindOps$FindOp.evaluateSequential(FindOps.java:150)
	at java.base/java.util.stream.AbstractPipeline.evaluate(AbstractPipeline.java:234)
	at java.base/java.util.stream.ReferencePipeline.findFirst(ReferencePipeline.java:543)
	at org.openqa.selenium.remote.ProtocolHandshake.createSession(ProtocolHandshake.java:128)
	at org.openqa.selenium.remote.ProtocolHandshake.createSession(ProtocolHandshake.java:74)
	at org.openqa.selenium.remote.HttpCommandExecutor.execute(HttpCommandExecutor.java:136)
	at org.openqa.selenium.remote.service.DriverCommandExecutor.execute(DriverCommandExecutor.java:83)
	at org.openqa.selenium.remote.RemoteWebDriver.execute(RemoteWebDriver.java:552)
	at org.openqa.selenium.remote.RemoteWebDriver.startSession(RemoteWebDriver.java:213)
	at org.openqa.selenium.remote.RemoteWebDriver.&lt;init&gt;(RemoteWebDriver.java:131)
	at org.openqa.selenium.chrome.ChromeDriver.&lt;init&gt;(ChromeDriver.java:181)
	at org.openqa.selenium.chrome.ChromeDriver.&lt;init&gt;(ChromeDriver.java:147)
	at com.jsp.drivers.Driver.initDriver(Driver.java:33)
	at com.jsp.basepackage.xBaseTestClass.setUp(BaseTestClass.java:36)
	at java.base/java.util.concurrent.ThreadPoolExecutor.runWorker(ThreadPoolExecutor.java:1130)
	at java.base/java.util.concurrent.ThreadPoolExecutor$Worker.run(ThreadPoolExecutor.java:630)
	at java.base/java.lang.Thread.run(Thread.java:832)
... Removed 18 stack frames</pre></div><a href='#' onClick='toggleBox("stack-trace439560704", this, "Click to show all stack frames", "Click to hide stack frames")'>Click to show all stack frames</a>
<div class='stack-trace' id='stack-trace439560704'><pre>org.openqa.selenium.SessionNotCreatedException: session not created
from disconnected: Unable to receive message from renderer
  (Session info: chrome=98.0.4758.102)
Build info: version: &apos;3.141.59&apos;, revision: &apos;e82be7d358&apos;, time: &apos;2018-11-14T08:17:03&apos;
System info: host: &apos;SHRADDHA-PC&apos;, ip: &apos;192.168.125.139&apos;, os.name: &apos;Windows 7&apos;, os.arch: &apos;amd64&apos;, os.version: &apos;6.1&apos;, java.version: &apos;15.0.1&apos;
Driver info: driver.version: Driver
remote stacktrace: Backtrace:
	Ordinal0 [0x0161A0A3+2597027]
	Ordinal0 [0x015ABA61+2144865]
	Ordinal0 [0x014A3C58+1064024]
	Ordinal0 [0x01495992+1005970]
	Ordinal0 [0x014948D7+1001687]
	Ordinal0 [0x01494B96+1002390]
	Ordinal0 [0x01494475+1000565]
	Ordinal0 [0x0149FB43+1047363]
	Ordinal0 [0x01494425+1000485]
	Ordinal0 [0x014953A8+1004456]
	Ordinal0 [0x014948D7+1001687]
	Ordinal0 [0x01494B96+1002390]
	Ordinal0 [0x01494475+1000565]
	Ordinal0 [0x0149D883+1038467]
	Ordinal0 [0x01494425+1000485]
	Ordinal0 [0x014953A8+1004456]
	Ordinal0 [0x014948D7+1001687]
	Ordinal0 [0x01494B96+1002390]
	Ordinal0 [0x01494475+1000565]
	Ordinal0 [0x0149B569+1029481]
	Ordinal0 [0x01494425+1000485]
	Ordinal0 [0x014953A8+1004456]
	Ordinal0 [0x014948D7+1001687]
	Ordinal0 [0x01494CA7+1002663]
	Ordinal0 [0x01494C58+1002584]
	Ordinal0 [0x0149A716+1025814]
	Ordinal0 [0x01494425+1000485]
	Ordinal0 [0x014953A8+1004456]
	Ordinal0 [0x014948D7+1001687]
	Ordinal0 [0x01494B96+1002390]
	Ordinal0 [0x01494475+1000565]
	Ordinal0 [0x0148FE3D+982589]
	Ordinal0 [0x01494425+1000485]
	Ordinal0 [0x014941B0+999856]
	Ordinal0 [0x01493EF9+999161]
	Ordinal0 [0x014A4F90+1068944]
	Ordinal0 [0x014EE27C+1368700]
	Ordinal0 [0x014ECE6A+1363562]
	Ordinal0 [0x014E85C6+1344966]
	Ordinal0 [0x014C54C6+1201350]
	Ordinal0 [0x014C63B6+1205174]
	GetHandleVerifier [0x017C10A2+1681842]
	GetHandleVerifier [0x01873B0C+2413596]
	GetHandleVerifier [0x016B1221+568113]
	GetHandleVerifier [0x016AFFA3+563379]
	Ordinal0 [0x015B174E+2168654]
	Ordinal0 [0x015B6538+2188600]
	Ordinal0 [0x015B6680+2188928]
	Ordinal0 [0x015C030C+2229004]
	BaseThreadInitThunk [0x7724343D+18]
	RtlInitializeExceptionChain [0x77C99812+99]
	RtlInitializeExceptionChain [0x77C997E5+54]

	at java.base/jdk.internal.reflect.NativeConstructorAccessorImpl.newInstance0(Native Method)
	at java.base/jdk.internal.reflect.NativeConstructorAccessorImpl.newInstance(NativeConstructorAccessorImpl.java:64)
	at java.base/jdk.internal.reflect.DelegatingConstructorAccessorImpl.newInstance(DelegatingConstructorAccessorImpl.java:45)
	at java.base/java.lang.reflect.Constructor.newInstanceWithCaller(Constructor.java:500)
	at java.base/java.lang.reflect.Constructor.newInstance(Constructor.java:481)
	at org.openqa.selenium.remote.W3CHandshakeResponse.lambda$errorHandler$0(W3CHandshakeResponse.java:62)
	at org.openqa.selenium.remote.HandshakeResponse.lambda$getResponseFunction$0(HandshakeResponse.java:30)
	at org.openqa.selenium.remote.ProtocolHandshake.lambda$createSession$0(ProtocolHandshake.java:126)
	at java.base/java.util.stream.ReferencePipeline$3$1.accept(ReferencePipeline.java:195)
	at java.base/java.util.Spliterators$ArraySpliterator.tryAdvance(Spliterators.java:958)
	at java.base/java.util.stream.ReferencePipeline.forEachWithCancel(ReferencePipeline.java:127)
	at java.base/java.util.stream.AbstractPipeline.copyIntoWithCancel(AbstractPipeline.java:502)
	at java.base/java.util.stream.AbstractPipeline.copyInto(AbstractPipeline.java:488)
	at java.base/java.util.stream.AbstractPipeline.wrapAndCopyInto(AbstractPipeline.java:474)
	at java.base/java.util.stream.FindOps$FindOp.evaluateSequential(FindOps.java:150)
	at java.base/java.util.stream.AbstractPipeline.evaluate(AbstractPipeline.java:234)
	at java.base/java.util.stream.ReferencePipeline.findFirst(ReferencePipeline.java:543)
	at org.openqa.selenium.remote.ProtocolHandshake.createSession(ProtocolHandshake.java:128)
	at org.openqa.selenium.remote.ProtocolHandshake.createSession(ProtocolHandshake.java:74)
	at org.openqa.selenium.remote.HttpCommandExecutor.execute(HttpCommandExecutor.java:136)
	at org.openqa.selenium.remote.service.DriverCommandExecutor.execute(DriverCommandExecutor.java:83)
	at org.openqa.selenium.remote.RemoteWebDriver.execute(RemoteWebDriver.java:552)
	at org.openqa.selenium.remote.RemoteWebDriver.startSession(RemoteWebDriver.java:213)
	at org.openqa.selenium.remote.RemoteWebDriver.&lt;init&gt;(RemoteWebDriver.java:131)
	at org.openqa.selenium.chrome.ChromeDriver.&lt;init&gt;(ChromeDriver.java:181)
	at org.openqa.selenium.chrome.ChromeDriver.&lt;init&gt;(ChromeDriver.java:147)
	at com.jsp.drivers.Driver.initDriver(Driver.java:33)
	at com.jsp.basepackage.xBaseTestClass.setUp(BaseTestClass.java:36)
	at java.base/jdk.internal.reflect.NativeMethodAccessorImpl.invoke0(Native Method)
	at java.base/jdk.internal.reflect.NativeMethodAccessorImpl.invoke(NativeMethodAccessorImpl.java:64)
	at java.base/jdk.internal.reflect.DelegatingMethodAccessorImpl.invoke(DelegatingMethodAccessorImpl.java:43)
	at java.base/java.lang.reflect.Method.invoke(Method.java:564)
	at org.testng.internal.MethodInvocationHelper.invokeMethod(MethodInvocationHelper.java:124)
	at org.testng.internal.MethodInvocationHelper.invokeMethodConsideringTimeout(MethodInvocationHelper.java:59)
	at org.testng.internal.Invoker.invokeConfigurationMethod(Invoker.java:458)
	at org.testng.internal.Invoker.invokeConfigurations(Invoker.java:222)
	at org.testng.internal.Invoker.invokeMethod(Invoker.java:523)
	at org.testng.internal.Invoker.invokeTestMethod(Invoker.java:719)
	at org.testng.internal.Invoker.invokeTestMethods(Invoker.java:989)
	at org.testng.internal.TestMethodWorker.invokeTestMethods(TestMethodWorker.java:125)
	at org.testng.internal.TestMethodWorker.run(TestMethodWorker.java:109)
	at java.base/java.util.concurrent.ThreadPoolExecutor.runWorker(ThreadPoolExecutor.java:1130)
	at java.base/java.util.concurrent.ThreadPoolExecutor$Worker.run(ThreadPoolExecutor.java:630)
	at java.base/java.lang.Thread.run(Thread.java:832)
</pre></div></td>
<td>10</td>
<td>com.jsp.tests.simplepingtest@7dc3712</td></tr>
<tr>
<td title='com.jsp.tests.DropDown.setUp()'><b>setUp</b><br>Test class: com.jsp.tests.DropDown</td>
<td><div><pre>org.openqa.selenium.WebDriverException: unknown error: unable to discover open pages
Build info: version: &apos;3.141.59&apos;, revision: &apos;e82be7d358&apos;, time: &apos;2018-11-14T08:17:03&apos;
System info: host: &apos;SHRADDHA-PC&apos;, ip: &apos;192.168.125.139&apos;, os.name: &apos;Windows 7&apos;, os.arch: &apos;amd64&apos;, os.version: &apos;6.1&apos;, java.version: &apos;15.0.1&apos;
Driver info: driver.version: Driver
remote stacktrace: Backtrace:
	Ordinal0 [0x0161A0A3+2597027]
	Ordinal0 [0x015ABA61+2144865]
	Ordinal0 [0x014A3C58+1064024]
	Ordinal0 [0x014C3708+1193736]
	Ordinal0 [0x014BF585+1176965]
	Ordinal0 [0x014BCD41+1166657]
	Ordinal0 [0x014ED23F+1364543]
	Ordinal0 [0x014ECE6A+1363562]
	Ordinal0 [0x014E85C6+1344966]
	Ordinal0 [0x014C54C6+1201350]
	Ordinal0 [0x014C63B6+1205174]
	GetHandleVerifier [0x017C10A2+1681842]
	GetHandleVerifier [0x01873B0C+2413596]
	GetHandleVerifier [0x016B1221+568113]
	GetHandleVerifier [0x016AFFA3+563379]
	Ordinal0 [0x015B174E+2168654]
	Ordinal0 [0x015B6538+2188600]
	Ordinal0 [0x015B6680+2188928]
	Ordinal0 [0x015C030C+2229004]
	BaseThreadInitThunk [0x7724343D+18]
	RtlInitializeExceptionChain [0x77C99812+99]
	RtlInitializeExceptionChain [0x77C997E5+54]

	at org.openqa.selenium.remote.W3CHandshakeResponse.lambda$errorHandler$0(W3CHandshakeResponse.java:62)
	at org.openqa.selenium.remote.HandshakeResponse.lambda$getResponseFunction$0(HandshakeResponse.java:30)
	at org.openqa.selenium.remote.ProtocolHandshake.lambda$createSession$0(ProtocolHandshake.java:126)
	at java.base/java.util.stream.ReferencePipeline$3$1.accept(ReferencePipeline.java:195)
	at java.base/java.util.Spliterators$ArraySpliterator.tryAdvance(Spliterators.java:958)
	at java.base/java.util.stream.ReferencePipeline.forEachWithCancel(ReferencePipeline.java:127)
	at java.base/java.util.stream.AbstractPipeline.copyIntoWithCancel(AbstractPipeline.java:502)
	at java.base/java.util.stream.AbstractPipeline.copyInto(AbstractPipeline.java:488)
	at java.base/java.util.stream.AbstractPipeline.wrapAndCopyInto(AbstractPipeline.java:474)
	at java.base/java.util.stream.FindOps$FindOp.evaluateSequential(FindOps.java:150)
	at java.base/java.util.stream.AbstractPipeline.evaluate(AbstractPipeline.java:234)
	at java.base/java.util.stream.ReferencePipeline.findFirst(ReferencePipeline.java:543)
	at org.openqa.selenium.remote.ProtocolHandshake.createSession(ProtocolHandshake.java:128)
	at org.openqa.selenium.remote.ProtocolHandshake.createSession(ProtocolHandshake.java:74)
	at org.openqa.selenium.remote.HttpCommandExecutor.execute(HttpCommandExecutor.java:136)
	at org.openqa.selenium.remote.service.DriverCommandExecutor.execute(DriverCommandExecutor.java:83)
	at org.openqa.selenium.remote.RemoteWebDriver.execute(RemoteWebDriver.java:552)
	at org.openqa.selenium.remote.RemoteWebDriver.startSession(RemoteWebDriver.java:213)
	at org.openqa.selenium.remote.RemoteWebDriver.&lt;init&gt;(RemoteWebDriver.java:131)
	at org.openqa.selenium.chrome.ChromeDriver.&lt;init&gt;(ChromeDriver.java:181)
	at org.openqa.selenium.chrome.ChromeDriver.&lt;init&gt;(ChromeDriver.java:147)
	at com.jsp.drivers.Driver.initDriver(Driver.java:33)
	at com.jsp.basepackage.xBaseTestClass.setUp(BaseTestClass.java:36)
	at java.base/java.util.concurrent.ThreadPoolExecutor.runWorker(ThreadPoolExecutor.java:1130)
	at java.base/java.util.concurrent.ThreadPoolExecutor$Worker.run(ThreadPoolExecutor.java:630)
	at java.base/java.lang.Thread.run(Thread.java:832)
... Removed 18 stack frames</pre></div><a href='#' onClick='toggleBox("stack-trace166452555", this, "Click to show all stack frames", "Click to hide stack frames")'>Click to show all stack frames</a>
<div class='stack-trace' id='stack-trace166452555'><pre>org.openqa.selenium.WebDriverException: unknown error: unable to discover open pages
Build info: version: &apos;3.141.59&apos;, revision: &apos;e82be7d358&apos;, time: &apos;2018-11-14T08:17:03&apos;
System info: host: &apos;SHRADDHA-PC&apos;, ip: &apos;192.168.125.139&apos;, os.name: &apos;Windows 7&apos;, os.arch: &apos;amd64&apos;, os.version: &apos;6.1&apos;, java.version: &apos;15.0.1&apos;
Driver info: driver.version: Driver
remote stacktrace: Backtrace:
	Ordinal0 [0x0161A0A3+2597027]
	Ordinal0 [0x015ABA61+2144865]
	Ordinal0 [0x014A3C58+1064024]
	Ordinal0 [0x014C3708+1193736]
	Ordinal0 [0x014BF585+1176965]
	Ordinal0 [0x014BCD41+1166657]
	Ordinal0 [0x014ED23F+1364543]
	Ordinal0 [0x014ECE6A+1363562]
	Ordinal0 [0x014E85C6+1344966]
	Ordinal0 [0x014C54C6+1201350]
	Ordinal0 [0x014C63B6+1205174]
	GetHandleVerifier [0x017C10A2+1681842]
	GetHandleVerifier [0x01873B0C+2413596]
	GetHandleVerifier [0x016B1221+568113]
	GetHandleVerifier [0x016AFFA3+563379]
	Ordinal0 [0x015B174E+2168654]
	Ordinal0 [0x015B6538+2188600]
	Ordinal0 [0x015B6680+2188928]
	Ordinal0 [0x015C030C+2229004]
	BaseThreadInitThunk [0x7724343D+18]
	RtlInitializeExceptionChain [0x77C99812+99]
	RtlInitializeExceptionChain [0x77C997E5+54]

	at java.base/jdk.internal.reflect.NativeConstructorAccessorImpl.newInstance0(Native Method)
	at java.base/jdk.internal.reflect.NativeConstructorAccessorImpl.newInstance(NativeConstructorAccessorImpl.java:64)
	at java.base/jdk.internal.reflect.DelegatingConstructorAccessorImpl.newInstance(DelegatingConstructorAccessorImpl.java:45)
	at java.base/java.lang.reflect.Constructor.newInstanceWithCaller(Constructor.java:500)
	at java.base/java.lang.reflect.Constructor.newInstance(Constructor.java:481)
	at org.openqa.selenium.remote.W3CHandshakeResponse.lambda$errorHandler$0(W3CHandshakeResponse.java:62)
	at org.openqa.selenium.remote.HandshakeResponse.lambda$getResponseFunction$0(HandshakeResponse.java:30)
	at org.openqa.selenium.remote.ProtocolHandshake.lambda$createSession$0(ProtocolHandshake.java:126)
	at java.base/java.util.stream.ReferencePipeline$3$1.accept(ReferencePipeline.java:195)
	at java.base/java.util.Spliterators$ArraySpliterator.tryAdvance(Spliterators.java:958)
	at java.base/java.util.stream.ReferencePipeline.forEachWithCancel(ReferencePipeline.java:127)
	at java.base/java.util.stream.AbstractPipeline.copyIntoWithCancel(AbstractPipeline.java:502)
	at java.base/java.util.stream.AbstractPipeline.copyInto(AbstractPipeline.java:488)
	at java.base/java.util.stream.AbstractPipeline.wrapAndCopyInto(AbstractPipeline.java:474)
	at java.base/java.util.stream.FindOps$FindOp.evaluateSequential(FindOps.java:150)
	at java.base/java.util.stream.AbstractPipeline.evaluate(AbstractPipeline.java:234)
	at java.base/java.util.stream.ReferencePipeline.findFirst(ReferencePipeline.java:543)
	at org.openqa.selenium.remote.ProtocolHandshake.createSession(ProtocolHandshake.java:128)
	at org.openqa.selenium.remote.ProtocolHandshake.createSession(ProtocolHandshake.java:74)
	at org.openqa.selenium.remote.HttpCommandExecutor.execute(HttpCommandExecutor.java:136)
	at org.openqa.selenium.remote.service.DriverCommandExecutor.execute(DriverCommandExecutor.java:83)
	at org.openqa.selenium.remote.RemoteWebDriver.execute(RemoteWebDriver.java:552)
	at org.openqa.selenium.remote.RemoteWebDriver.startSession(RemoteWebDriver.java:213)
	at org.openqa.selenium.remote.RemoteWebDriver.&lt;init&gt;(RemoteWebDriver.java:131)
	at org.openqa.selenium.chrome.ChromeDriver.&lt;init&gt;(ChromeDriver.java:181)
	at org.openqa.selenium.chrome.ChromeDriver.&lt;init&gt;(ChromeDriver.java:147)
	at com.jsp.drivers.Driver.initDriver(Driver.java:33)
	at com.jsp.basepackage.xBaseTestClass.setUp(BaseTestClass.java:36)
	at java.base/jdk.internal.reflect.NativeMethodAccessorImpl.invoke0(Native Method)
	at java.base/jdk.internal.reflect.NativeMethodAccessorImpl.invoke(NativeMethodAccessorImpl.java:64)
	at java.base/jdk.internal.reflect.DelegatingMethodAccessorImpl.invoke(DelegatingMethodAccessorImpl.java:43)
	at java.base/java.lang.reflect.Method.invoke(Method.java:564)
	at org.testng.internal.MethodInvocationHelper.invokeMethod(MethodInvocationHelper.java:124)
	at org.testng.internal.MethodInvocationHelper.invokeMethodConsideringTimeout(MethodInvocationHelper.java:59)
	at org.testng.internal.Invoker.invokeConfigurationMethod(Invoker.java:458)
	at org.testng.internal.Invoker.invokeConfigurations(Invoker.java:222)
	at org.testng.internal.Invoker.invokeMethod(Invoker.java:523)
	at org.testng.internal.Invoker.invokeTestMethod(Invoker.java:719)
	at org.testng.internal.Invoker.invokeTestMethods(Invoker.java:989)
	at org.testng.internal.TestMethodWorker.invokeTestMethods(TestMethodWorker.java:125)
	at org.testng.internal.TestMethodWorker.run(TestMethodWorker.java:109)
	at java.base/java.util.concurrent.ThreadPoolExecutor.runWorker(ThreadPoolExecutor.java:1130)
	at java.base/java.util.concurrent.ThreadPoolExecutor$Worker.run(ThreadPoolExecutor.java:630)
	at java.base/java.lang.Thread.run(Thread.java:832)
</pre></div></td>
<td>62</td>
<td>com.jsp.tests.DropDown@565f390</td></tr>
</table><p>
<table width='100%' border='1' class='invocation-skipped'>
<tr><td colspan='4' align='center'><b>SKIPPED CONFIGURATIONS</b></td></tr>
<tr><td><b>Test method</b></td>
<td width="30%"><b>Exception</b></td>
<td width="10%"><b>Time (seconds)</b></td>
<td><b>Instance</b></td>
</tr>
<tr>
<td title='com.jsp.tests.Locators.tearDown()'><b>tearDown</b><br>Test class: com.jsp.tests.Locators</td>
<td></td>
<td>0</td>
<td>com.jsp.tests.Locators@2f67a4d3</td></tr>
<tr>
<td title='com.jsp.tests.simplepingtest.tearDown()'><b>tearDown</b><br>Test class: com.jsp.tests.simplepingtest</td>
<td></td>
<td>0</td>
<td>com.jsp.tests.simplepingtest@7dc3712</td></tr>
<tr>
<td title='com.jsp.tests.DropDown.tearDown()'><b>tearDown</b><br>Test class: com.jsp.tests.DropDown</td>
<td></td>
<td>0</td>
<td>com.jsp.tests.DropDown@565f390</td></tr>
</table><p>
<table width='100%' border='1' class='invocation-skipped'>
<tr><td colspan='4' align='center'><b>SKIPPED TESTS</b></td></tr>
<tr><td><b>Test method</b></td>
<td width="30%"><b>Exception</b></td>
<td width="10%"><b>Time (seconds)</b></td>
<td><b>Instance</b></td>
</tr>
<tr>
<td title='com.jsp.tests.DropDown.dropDownTest()'><b>dropDownTest</b><br>Test class: com.jsp.tests.DropDown</td>
<td><div><pre>org.openqa.selenium.WebDriverException: unknown error: unable to discover open pages
Build info: version: &apos;3.141.59&apos;, revision: &apos;e82be7d358&apos;, time: &apos;2018-11-14T08:17:03&apos;
System info: host: &apos;SHRADDHA-PC&apos;, ip: &apos;192.168.125.139&apos;, os.name: &apos;Windows 7&apos;, os.arch: &apos;amd64&apos;, os.version: &apos;6.1&apos;, java.version: &apos;15.0.1&apos;
Driver info: driver.version: Driver
remote stacktrace: Backtrace:
	Ordinal0 [0x0161A0A3+2597027]
	Ordinal0 [0x015ABA61+2144865]
	Ordinal0 [0x014A3C58+1064024]
	Ordinal0 [0x014C3708+1193736]
	Ordinal0 [0x014BF585+1176965]
	Ordinal0 [0x014BCD41+1166657]
	Ordinal0 [0x014ED23F+1364543]
	Ordinal0 [0x014ECE6A+1363562]
	Ordinal0 [0x014E85C6+1344966]
	Ordinal0 [0x014C54C6+1201350]
	Ordinal0 [0x014C63B6+1205174]
	GetHandleVerifier [0x017C10A2+1681842]
	GetHandleVerifier [0x01873B0C+2413596]
	GetHandleVerifier [0x016B1221+568113]
	GetHandleVerifier [0x016AFFA3+563379]
	Ordinal0 [0x015B174E+2168654]
	Ordinal0 [0x015B6538+2188600]
	Ordinal0 [0x015B6680+2188928]
	Ordinal0 [0x015C030C+2229004]
	BaseThreadInitThunk [0x7724343D+18]
	RtlInitializeExceptionChain [0x77C99812+99]
	RtlInitializeExceptionChain [0x77C997E5+54]

	at org.openqa.selenium.remote.W3CHandshakeResponse.lambda$errorHandler$0(W3CHandshakeResponse.java:62)
	at org.openqa.selenium.remote.HandshakeResponse.lambda$getResponseFunction$0(HandshakeResponse.java:30)
	at org.openqa.selenium.remote.ProtocolHandshake.lambda$createSession$0(ProtocolHandshake.java:126)
	at java.base/java.util.stream.ReferencePipeline$3$1.accept(ReferencePipeline.java:195)
	at java.base/java.util.Spliterators$ArraySpliterator.tryAdvance(Spliterators.java:958)
	at java.base/java.util.stream.ReferencePipeline.forEachWithCancel(ReferencePipeline.java:127)
	at java.base/java.util.stream.AbstractPipeline.copyIntoWithCancel(AbstractPipeline.java:502)
	at java.base/java.util.stream.AbstractPipeline.copyInto(AbstractPipeline.java:488)
	at java.base/java.util.stream.AbstractPipeline.wrapAndCopyInto(AbstractPipeline.java:474)
	at java.base/java.util.stream.FindOps$FindOp.evaluateSequential(FindOps.java:150)
	at java.base/java.util.stream.AbstractPipeline.evaluate(AbstractPipeline.java:234)
	at java.base/java.util.stream.ReferencePipeline.findFirst(ReferencePipeline.java:543)
	at org.openqa.selenium.remote.ProtocolHandshake.createSession(ProtocolHandshake.java:128)
	at org.openqa.selenium.remote.ProtocolHandshake.createSession(ProtocolHandshake.java:74)
	at org.openqa.selenium.remote.HttpCommandExecutor.execute(HttpCommandExecutor.java:136)
	at org.openqa.selenium.remote.service.DriverCommandExecutor.execute(DriverCommandExecutor.java:83)
	at org.openqa.selenium.remote.RemoteWebDriver.execute(RemoteWebDriver.java:552)
	at org.openqa.selenium.remote.RemoteWebDriver.startSession(RemoteWebDriver.java:213)
	at org.openqa.selenium.remote.RemoteWebDriver.&lt;init&gt;(RemoteWebDriver.java:131)
	at org.openqa.selenium.chrome.ChromeDriver.&lt;init&gt;(ChromeDriver.java:181)
	at org.openqa.selenium.chrome.ChromeDriver.&lt;init&gt;(ChromeDriver.java:147)
	at com.jsp.drivers.Driver.initDriver(Driver.java:33)
	at com.jsp.basepackage.xBaseTestClass.setUp(BaseTestClass.java:36)
	at java.base/java.util.concurrent.ThreadPoolExecutor.runWorker(ThreadPoolExecutor.java:1130)
	at java.base/java.util.concurrent.ThreadPoolExecutor$Worker.run(ThreadPoolExecutor.java:630)
	at java.base/java.lang.Thread.run(Thread.java:832)
... Removed 18 stack frames</pre></div><a href='#' onClick='toggleBox("stack-trace1356721373", this, "Click to show all stack frames", "Click to hide stack frames")'>Click to show all stack frames</a>
<div class='stack-trace' id='stack-trace1356721373'><pre>org.openqa.selenium.WebDriverException: unknown error: unable to discover open pages
Build info: version: &apos;3.141.59&apos;, revision: &apos;e82be7d358&apos;, time: &apos;2018-11-14T08:17:03&apos;
System info: host: &apos;SHRADDHA-PC&apos;, ip: &apos;192.168.125.139&apos;, os.name: &apos;Windows 7&apos;, os.arch: &apos;amd64&apos;, os.version: &apos;6.1&apos;, java.version: &apos;15.0.1&apos;
Driver info: driver.version: Driver
remote stacktrace: Backtrace:
	Ordinal0 [0x0161A0A3+2597027]
	Ordinal0 [0x015ABA61+2144865]
	Ordinal0 [0x014A3C58+1064024]
	Ordinal0 [0x014C3708+1193736]
	Ordinal0 [0x014BF585+1176965]
	Ordinal0 [0x014BCD41+1166657]
	Ordinal0 [0x014ED23F+1364543]
	Ordinal0 [0x014ECE6A+1363562]
	Ordinal0 [0x014E85C6+1344966]
	Ordinal0 [0x014C54C6+1201350]
	Ordinal0 [0x014C63B6+1205174]
	GetHandleVerifier [0x017C10A2+1681842]
	GetHandleVerifier [0x01873B0C+2413596]
	GetHandleVerifier [0x016B1221+568113]
	GetHandleVerifier [0x016AFFA3+563379]
	Ordinal0 [0x015B174E+2168654]
	Ordinal0 [0x015B6538+2188600]
	Ordinal0 [0x015B6680+2188928]
	Ordinal0 [0x015C030C+2229004]
	BaseThreadInitThunk [0x7724343D+18]
	RtlInitializeExceptionChain [0x77C99812+99]
	RtlInitializeExceptionChain [0x77C997E5+54]

	at java.base/jdk.internal.reflect.NativeConstructorAccessorImpl.newInstance0(Native Method)
	at java.base/jdk.internal.reflect.NativeConstructorAccessorImpl.newInstance(NativeConstructorAccessorImpl.java:64)
	at java.base/jdk.internal.reflect.DelegatingConstructorAccessorImpl.newInstance(DelegatingConstructorAccessorImpl.java:45)
	at java.base/java.lang.reflect.Constructor.newInstanceWithCaller(Constructor.java:500)
	at java.base/java.lang.reflect.Constructor.newInstance(Constructor.java:481)
	at org.openqa.selenium.remote.W3CHandshakeResponse.lambda$errorHandler$0(W3CHandshakeResponse.java:62)
	at org.openqa.selenium.remote.HandshakeResponse.lambda$getResponseFunction$0(HandshakeResponse.java:30)
	at org.openqa.selenium.remote.ProtocolHandshake.lambda$createSession$0(ProtocolHandshake.java:126)
	at java.base/java.util.stream.ReferencePipeline$3$1.accept(ReferencePipeline.java:195)
	at java.base/java.util.Spliterators$ArraySpliterator.tryAdvance(Spliterators.java:958)
	at java.base/java.util.stream.ReferencePipeline.forEachWithCancel(ReferencePipeline.java:127)
	at java.base/java.util.stream.AbstractPipeline.copyIntoWithCancel(AbstractPipeline.java:502)
	at java.base/java.util.stream.AbstractPipeline.copyInto(AbstractPipeline.java:488)
	at java.base/java.util.stream.AbstractPipeline.wrapAndCopyInto(AbstractPipeline.java:474)
	at java.base/java.util.stream.FindOps$FindOp.evaluateSequential(FindOps.java:150)
	at java.base/java.util.stream.AbstractPipeline.evaluate(AbstractPipeline.java:234)
	at java.base/java.util.stream.ReferencePipeline.findFirst(ReferencePipeline.java:543)
	at org.openqa.selenium.remote.ProtocolHandshake.createSession(ProtocolHandshake.java:128)
	at org.openqa.selenium.remote.ProtocolHandshake.createSession(ProtocolHandshake.java:74)
	at org.openqa.selenium.remote.HttpCommandExecutor.execute(HttpCommandExecutor.java:136)
	at org.openqa.selenium.remote.service.DriverCommandExecutor.execute(DriverCommandExecutor.java:83)
	at org.openqa.selenium.remote.RemoteWebDriver.execute(RemoteWebDriver.java:552)
	at org.openqa.selenium.remote.RemoteWebDriver.startSession(RemoteWebDriver.java:213)
	at org.openqa.selenium.remote.RemoteWebDriver.&lt;init&gt;(RemoteWebDriver.java:131)
	at org.openqa.selenium.chrome.ChromeDriver.&lt;init&gt;(ChromeDriver.java:181)
	at org.openqa.selenium.chrome.ChromeDriver.&lt;init&gt;(ChromeDriver.java:147)
	at com.jsp.drivers.Driver.initDriver(Driver.java:33)
	at com.jsp.basepackage.xBaseTestClass.setUp(BaseTestClass.java:36)
	at java.base/jdk.internal.reflect.NativeMethodAccessorImpl.invoke0(Native Method)
	at java.base/jdk.internal.reflect.NativeMethodAccessorImpl.invoke(NativeMethodAccessorImpl.java:64)
	at java.base/jdk.internal.reflect.DelegatingMethodAccessorImpl.invoke(DelegatingMethodAccessorImpl.java:43)
	at java.base/java.lang.reflect.Method.invoke(Method.java:564)
	at org.testng.internal.MethodInvocationHelper.invokeMethod(MethodInvocationHelper.java:124)
	at org.testng.internal.MethodInvocationHelper.invokeMethodConsideringTimeout(MethodInvocationHelper.java:59)
	at org.testng.internal.Invoker.invokeConfigurationMethod(Invoker.java:458)
	at org.testng.internal.Invoker.invokeConfigurations(Invoker.java:222)
	at org.testng.internal.Invoker.invokeMethod(Invoker.java:523)
	at org.testng.internal.Invoker.invokeTestMethod(Invoker.java:719)
	at org.testng.internal.Invoker.invokeTestMethods(Invoker.java:989)
	at org.testng.internal.TestMethodWorker.invokeTestMethods(TestMethodWorker.java:125)
	at org.testng.internal.TestMethodWorker.run(TestMethodWorker.java:109)
	at java.base/java.util.concurrent.ThreadPoolExecutor.runWorker(ThreadPoolExecutor.java:1130)
	at java.base/java.util.concurrent.ThreadPoolExecutor$Worker.run(ThreadPoolExecutor.java:630)
	at java.base/java.lang.Thread.run(Thread.java:832)
</pre></div></td>
<td>0</td>
<td>com.jsp.tests.DropDown@565f390</td></tr>
<tr>
<td title='com.jsp.tests.Locators.locators()'><b>locators</b><br>Test class: com.jsp.tests.Locators</td>
<td><div><pre>org.openqa.selenium.WebDriverException: unknown error: Chrome failed to start: was killed.
  (chrome not reachable)
  (The process started from chrome location C:\Program Files (x86)\Google\Chrome\Application\chrome.exe is no longer running, so ChromeDriver is assuming that Chrome has crashed.)
Build info: version: &apos;3.141.59&apos;, revision: &apos;e82be7d358&apos;, time: &apos;2018-11-14T08:17:03&apos;
System info: host: &apos;SHRADDHA-PC&apos;, ip: &apos;192.168.125.139&apos;, os.name: &apos;Windows 7&apos;, os.arch: &apos;amd64&apos;, os.version: &apos;6.1&apos;, java.version: &apos;15.0.1&apos;
Driver info: driver.version: Driver
remote stacktrace: Backtrace:
	Ordinal0 [0x0161A0A3+2597027]
	Ordinal0 [0x015ABA61+2144865]
	Ordinal0 [0x014A3C58+1064024]
	Ordinal0 [0x014C07B1+1181617]
	Ordinal0 [0x014BCD41+1166657]
	Ordinal0 [0x014ED23F+1364543]
	Ordinal0 [0x014ECE6A+1363562]
	Ordinal0 [0x014E85C6+1344966]
	Ordinal0 [0x014C54C6+1201350]
	Ordinal0 [0x014C63B6+1205174]
	GetHandleVerifier [0x017C10A2+1681842]
	GetHandleVerifier [0x01873B0C+2413596]
	GetHandleVerifier [0x016B1221+568113]
	GetHandleVerifier [0x016AFFA3+563379]
	Ordinal0 [0x015B174E+2168654]
	Ordinal0 [0x015B6538+2188600]
	Ordinal0 [0x015B6680+2188928]
	Ordinal0 [0x015C030C+2229004]
	BaseThreadInitThunk [0x7724343D+18]
	RtlInitializeExceptionChain [0x77C99812+99]
	RtlInitializeExceptionChain [0x77C997E5+54]

	at org.openqa.selenium.remote.W3CHandshakeResponse.lambda$errorHandler$0(W3CHandshakeResponse.java:62)
	at org.openqa.selenium.remote.HandshakeResponse.lambda$getResponseFunction$0(HandshakeResponse.java:30)
	at org.openqa.selenium.remote.ProtocolHandshake.lambda$createSession$0(ProtocolHandshake.java:126)
	at java.base/java.util.stream.ReferencePipeline$3$1.accept(ReferencePipeline.java:195)
	at java.base/java.util.Spliterators$ArraySpliterator.tryAdvance(Spliterators.java:958)
	at java.base/java.util.stream.ReferencePipeline.forEachWithCancel(ReferencePipeline.java:127)
	at java.base/java.util.stream.AbstractPipeline.copyIntoWithCancel(AbstractPipeline.java:502)
	at java.base/java.util.stream.AbstractPipeline.copyInto(AbstractPipeline.java:488)
	at java.base/java.util.stream.AbstractPipeline.wrapAndCopyInto(AbstractPipeline.java:474)
	at java.base/java.util.stream.FindOps$FindOp.evaluateSequential(FindOps.java:150)
	at java.base/java.util.stream.AbstractPipeline.evaluate(AbstractPipeline.java:234)
	at java.base/java.util.stream.ReferencePipeline.findFirst(ReferencePipeline.java:543)
	at org.openqa.selenium.remote.ProtocolHandshake.createSession(ProtocolHandshake.java:128)
	at org.openqa.selenium.remote.ProtocolHandshake.createSession(ProtocolHandshake.java:74)
	at org.openqa.selenium.remote.HttpCommandExecutor.execute(HttpCommandExecutor.java:136)
	at org.openqa.selenium.remote.service.DriverCommandExecutor.execute(DriverCommandExecutor.java:83)
	at org.openqa.selenium.remote.RemoteWebDriver.execute(RemoteWebDriver.java:552)
	at org.openqa.selenium.remote.RemoteWebDriver.startSession(RemoteWebDriver.java:213)
	at org.openqa.selenium.remote.RemoteWebDriver.&lt;init&gt;(RemoteWebDriver.java:131)
	at org.openqa.selenium.chrome.ChromeDriver.&lt;init&gt;(ChromeDriver.java:181)
	at org.openqa.selenium.chrome.ChromeDriver.&lt;init&gt;(ChromeDriver.java:147)
	at com.jsp.drivers.Driver.initDriver(Driver.java:33)
	at com.jsp.basepackage.xBaseTestClass.setUp(BaseTestClass.java:36)
	at java.base/java.util.concurrent.ThreadPoolExecutor.runWorker(ThreadPoolExecutor.java:1130)
	at java.base/java.util.concurrent.ThreadPoolExecutor$Worker.run(ThreadPoolExecutor.java:630)
	at java.base/java.lang.Thread.run(Thread.java:832)
... Removed 18 stack frames</pre></div><a href='#' onClick='toggleBox("stack-trace1168465146", this, "Click to show all stack frames", "Click to hide stack frames")'>Click to show all stack frames</a>
<div class='stack-trace' id='stack-trace1168465146'><pre>org.openqa.selenium.WebDriverException: unknown error: Chrome failed to start: was killed.
  (chrome not reachable)
  (The process started from chrome location C:\Program Files (x86)\Google\Chrome\Application\chrome.exe is no longer running, so ChromeDriver is assuming that Chrome has crashed.)
Build info: version: &apos;3.141.59&apos;, revision: &apos;e82be7d358&apos;, time: &apos;2018-11-14T08:17:03&apos;
System info: host: &apos;SHRADDHA-PC&apos;, ip: &apos;192.168.125.139&apos;, os.name: &apos;Windows 7&apos;, os.arch: &apos;amd64&apos;, os.version: &apos;6.1&apos;, java.version: &apos;15.0.1&apos;
Driver info: driver.version: Driver
remote stacktrace: Backtrace:
	Ordinal0 [0x0161A0A3+2597027]
	Ordinal0 [0x015ABA61+2144865]
	Ordinal0 [0x014A3C58+1064024]
	Ordinal0 [0x014C07B1+1181617]
	Ordinal0 [0x014BCD41+1166657]
	Ordinal0 [0x014ED23F+1364543]
	Ordinal0 [0x014ECE6A+1363562]
	Ordinal0 [0x014E85C6+1344966]
	Ordinal0 [0x014C54C6+1201350]
	Ordinal0 [0x014C63B6+1205174]
	GetHandleVerifier [0x017C10A2+1681842]
	GetHandleVerifier [0x01873B0C+2413596]
	GetHandleVerifier [0x016B1221+568113]
	GetHandleVerifier [0x016AFFA3+563379]
	Ordinal0 [0x015B174E+2168654]
	Ordinal0 [0x015B6538+2188600]
	Ordinal0 [0x015B6680+2188928]
	Ordinal0 [0x015C030C+2229004]
	BaseThreadInitThunk [0x7724343D+18]
	RtlInitializeExceptionChain [0x77C99812+99]
	RtlInitializeExceptionChain [0x77C997E5+54]

	at java.base/jdk.internal.reflect.NativeConstructorAccessorImpl.newInstance0(Native Method)
	at java.base/jdk.internal.reflect.NativeConstructorAccessorImpl.newInstance(NativeConstructorAccessorImpl.java:64)
	at java.base/jdk.internal.reflect.DelegatingConstructorAccessorImpl.newInstance(DelegatingConstructorAccessorImpl.java:45)
	at java.base/java.lang.reflect.Constructor.newInstanceWithCaller(Constructor.java:500)
	at java.base/java.lang.reflect.Constructor.newInstance(Constructor.java:481)
	at org.openqa.selenium.remote.W3CHandshakeResponse.lambda$errorHandler$0(W3CHandshakeResponse.java:62)
	at org.openqa.selenium.remote.HandshakeResponse.lambda$getResponseFunction$0(HandshakeResponse.java:30)
	at org.openqa.selenium.remote.ProtocolHandshake.lambda$createSession$0(ProtocolHandshake.java:126)
	at java.base/java.util.stream.ReferencePipeline$3$1.accept(ReferencePipeline.java:195)
	at java.base/java.util.Spliterators$ArraySpliterator.tryAdvance(Spliterators.java:958)
	at java.base/java.util.stream.ReferencePipeline.forEachWithCancel(ReferencePipeline.java:127)
	at java.base/java.util.stream.AbstractPipeline.copyIntoWithCancel(AbstractPipeline.java:502)
	at java.base/java.util.stream.AbstractPipeline.copyInto(AbstractPipeline.java:488)
	at java.base/java.util.stream.AbstractPipeline.wrapAndCopyInto(AbstractPipeline.java:474)
	at java.base/java.util.stream.FindOps$FindOp.evaluateSequential(FindOps.java:150)
	at java.base/java.util.stream.AbstractPipeline.evaluate(AbstractPipeline.java:234)
	at java.base/java.util.stream.ReferencePipeline.findFirst(ReferencePipeline.java:543)
	at org.openqa.selenium.remote.ProtocolHandshake.createSession(ProtocolHandshake.java:128)
	at org.openqa.selenium.remote.ProtocolHandshake.createSession(ProtocolHandshake.java:74)
	at org.openqa.selenium.remote.HttpCommandExecutor.execute(HttpCommandExecutor.java:136)
	at org.openqa.selenium.remote.service.DriverCommandExecutor.execute(DriverCommandExecutor.java:83)
	at org.openqa.selenium.remote.RemoteWebDriver.execute(RemoteWebDriver.java:552)
	at org.openqa.selenium.remote.RemoteWebDriver.startSession(RemoteWebDriver.java:213)
	at org.openqa.selenium.remote.RemoteWebDriver.&lt;init&gt;(RemoteWebDriver.java:131)
	at org.openqa.selenium.chrome.ChromeDriver.&lt;init&gt;(ChromeDriver.java:181)
	at org.openqa.selenium.chrome.ChromeDriver.&lt;init&gt;(ChromeDriver.java:147)
	at com.jsp.drivers.Driver.initDriver(Driver.java:33)
	at com.jsp.basepackage.xBaseTestClass.setUp(BaseTestClass.java:36)
	at java.base/jdk.internal.reflect.NativeMethodAccessorImpl.invoke0(Native Method)
	at java.base/jdk.internal.reflect.NativeMethodAccessorImpl.invoke(NativeMethodAccessorImpl.java:64)
	at java.base/jdk.internal.reflect.DelegatingMethodAccessorImpl.invoke(DelegatingMethodAccessorImpl.java:43)
	at java.base/java.lang.reflect.Method.invoke(Method.java:564)
	at org.testng.internal.MethodInvocationHelper.invokeMethod(MethodInvocationHelper.java:124)
	at org.testng.internal.MethodInvocationHelper.invokeMethodConsideringTimeout(MethodInvocationHelper.java:59)
	at org.testng.internal.Invoker.invokeConfigurationMethod(Invoker.java:458)
	at org.testng.internal.Invoker.invokeConfigurations(Invoker.java:222)
	at org.testng.internal.Invoker.invokeMethod(Invoker.java:523)
	at org.testng.internal.Invoker.invokeTestMethod(Invoker.java:719)
	at org.testng.internal.Invoker.invokeTestMethods(Invoker.java:989)
	at org.testng.internal.TestMethodWorker.invokeTestMethods(TestMethodWorker.java:125)
	at org.testng.internal.TestMethodWorker.run(TestMethodWorker.java:109)
	at java.base/java.util.concurrent.ThreadPoolExecutor.runWorker(ThreadPoolExecutor.java:1130)
	at java.base/java.util.concurrent.ThreadPoolExecutor$Worker.run(ThreadPoolExecutor.java:630)
	at java.base/java.lang.Thread.run(Thread.java:832)
</pre></div></td>
<td>0</td>
<td>com.jsp.tests.Locators@2f67a4d3</td></tr>
<tr>
<td title='com.jsp.tests.simplepingtest.pingtest()'><b>pingtest</b><br>Test class: com.jsp.tests.simplepingtest</td>
<td><div><pre>org.openqa.selenium.SessionNotCreatedException: session not created
from disconnected: Unable to receive message from renderer
  (Session info: chrome=98.0.4758.102)
Build info: version: &apos;3.141.59&apos;, revision: &apos;e82be7d358&apos;, time: &apos;2018-11-14T08:17:03&apos;
System info: host: &apos;SHRADDHA-PC&apos;, ip: &apos;192.168.125.139&apos;, os.name: &apos;Windows 7&apos;, os.arch: &apos;amd64&apos;, os.version: &apos;6.1&apos;, java.version: &apos;15.0.1&apos;
Driver info: driver.version: Driver
remote stacktrace: Backtrace:
	Ordinal0 [0x0161A0A3+2597027]
	Ordinal0 [0x015ABA61+2144865]
	Ordinal0 [0x014A3C58+1064024]
	Ordinal0 [0x01495992+1005970]
	Ordinal0 [0x014948D7+1001687]
	Ordinal0 [0x01494B96+1002390]
	Ordinal0 [0x01494475+1000565]
	Ordinal0 [0x0149FB43+1047363]
	Ordinal0 [0x01494425+1000485]
	Ordinal0 [0x014953A8+1004456]
	Ordinal0 [0x014948D7+1001687]
	Ordinal0 [0x01494B96+1002390]
	Ordinal0 [0x01494475+1000565]
	Ordinal0 [0x0149D883+1038467]
	Ordinal0 [0x01494425+1000485]
	Ordinal0 [0x014953A8+1004456]
	Ordinal0 [0x014948D7+1001687]
	Ordinal0 [0x01494B96+1002390]
	Ordinal0 [0x01494475+1000565]
	Ordinal0 [0x0149B569+1029481]
	Ordinal0 [0x01494425+1000485]
	Ordinal0 [0x014953A8+1004456]
	Ordinal0 [0x014948D7+1001687]
	Ordinal0 [0x01494CA7+1002663]
	Ordinal0 [0x01494C58+1002584]
	Ordinal0 [0x0149A716+1025814]
	Ordinal0 [0x01494425+1000485]
	Ordinal0 [0x014953A8+1004456]
	Ordinal0 [0x014948D7+1001687]
	Ordinal0 [0x01494B96+1002390]
	Ordinal0 [0x01494475+1000565]
	Ordinal0 [0x0148FE3D+982589]
	Ordinal0 [0x01494425+1000485]
	Ordinal0 [0x014941B0+999856]
	Ordinal0 [0x01493EF9+999161]
	Ordinal0 [0x014A4F90+1068944]
	Ordinal0 [0x014EE27C+1368700]
	Ordinal0 [0x014ECE6A+1363562]
	Ordinal0 [0x014E85C6+1344966]
	Ordinal0 [0x014C54C6+1201350]
	Ordinal0 [0x014C63B6+1205174]
	GetHandleVerifier [0x017C10A2+1681842]
	GetHandleVerifier [0x01873B0C+2413596]
	GetHandleVerifier [0x016B1221+568113]
	GetHandleVerifier [0x016AFFA3+563379]
	Ordinal0 [0x015B174E+2168654]
	Ordinal0 [0x015B6538+2188600]
	Ordinal0 [0x015B6680+2188928]
	Ordinal0 [0x015C030C+2229004]
	BaseThreadInitThunk [0x7724343D+18]
	RtlInitializeExceptionChain [0x77C99812+99]
	RtlInitializeExceptionChain [0x77C997E5+54]

	at org.openqa.selenium.remote.W3CHandshakeResponse.lambda$errorHandler$0(W3CHandshakeResponse.java:62)
	at org.openqa.selenium.remote.HandshakeResponse.lambda$getResponseFunction$0(HandshakeResponse.java:30)
	at org.openqa.selenium.remote.ProtocolHandshake.lambda$createSession$0(ProtocolHandshake.java:126)
	at java.base/java.util.stream.ReferencePipeline$3$1.accept(ReferencePipeline.java:195)
	at java.base/java.util.Spliterators$ArraySpliterator.tryAdvance(Spliterators.java:958)
	at java.base/java.util.stream.ReferencePipeline.forEachWithCancel(ReferencePipeline.java:127)
	at java.base/java.util.stream.AbstractPipeline.copyIntoWithCancel(AbstractPipeline.java:502)
	at java.base/java.util.stream.AbstractPipeline.copyInto(AbstractPipeline.java:488)
	at java.base/java.util.stream.AbstractPipeline.wrapAndCopyInto(AbstractPipeline.java:474)
	at java.base/java.util.stream.FindOps$FindOp.evaluateSequential(FindOps.java:150)
	at java.base/java.util.stream.AbstractPipeline.evaluate(AbstractPipeline.java:234)
	at java.base/java.util.stream.ReferencePipeline.findFirst(ReferencePipeline.java:543)
	at org.openqa.selenium.remote.ProtocolHandshake.createSession(ProtocolHandshake.java:128)
	at org.openqa.selenium.remote.ProtocolHandshake.createSession(ProtocolHandshake.java:74)
	at org.openqa.selenium.remote.HttpCommandExecutor.execute(HttpCommandExecutor.java:136)
	at org.openqa.selenium.remote.service.DriverCommandExecutor.execute(DriverCommandExecutor.java:83)
	at org.openqa.selenium.remote.RemoteWebDriver.execute(RemoteWebDriver.java:552)
	at org.openqa.selenium.remote.RemoteWebDriver.startSession(RemoteWebDriver.java:213)
	at org.openqa.selenium.remote.RemoteWebDriver.&lt;init&gt;(RemoteWebDriver.java:131)
	at org.openqa.selenium.chrome.ChromeDriver.&lt;init&gt;(ChromeDriver.java:181)
	at org.openqa.selenium.chrome.ChromeDriver.&lt;init&gt;(ChromeDriver.java:147)
	at com.jsp.drivers.Driver.initDriver(Driver.java:33)
	at com.jsp.basepackage.xBaseTestClass.setUp(BaseTestClass.java:36)
	at java.base/java.util.concurrent.ThreadPoolExecutor.runWorker(ThreadPoolExecutor.java:1130)
	at java.base/java.util.concurrent.ThreadPoolExecutor$Worker.run(ThreadPoolExecutor.java:630)
	at java.base/java.lang.Thread.run(Thread.java:832)
... Removed 18 stack frames</pre></div><a href='#' onClick='toggleBox("stack-trace462894042", this, "Click to show all stack frames", "Click to hide stack frames")'>Click to show all stack frames</a>
<div class='stack-trace' id='stack-trace462894042'><pre>org.openqa.selenium.SessionNotCreatedException: session not created
from disconnected: Unable to receive message from renderer
  (Session info: chrome=98.0.4758.102)
Build info: version: &apos;3.141.59&apos;, revision: &apos;e82be7d358&apos;, time: &apos;2018-11-14T08:17:03&apos;
System info: host: &apos;SHRADDHA-PC&apos;, ip: &apos;192.168.125.139&apos;, os.name: &apos;Windows 7&apos;, os.arch: &apos;amd64&apos;, os.version: &apos;6.1&apos;, java.version: &apos;15.0.1&apos;
Driver info: driver.version: Driver
remote stacktrace: Backtrace:
	Ordinal0 [0x0161A0A3+2597027]
	Ordinal0 [0x015ABA61+2144865]
	Ordinal0 [0x014A3C58+1064024]
	Ordinal0 [0x01495992+1005970]
	Ordinal0 [0x014948D7+1001687]
	Ordinal0 [0x01494B96+1002390]
	Ordinal0 [0x01494475+1000565]
	Ordinal0 [0x0149FB43+1047363]
	Ordinal0 [0x01494425+1000485]
	Ordinal0 [0x014953A8+1004456]
	Ordinal0 [0x014948D7+1001687]
	Ordinal0 [0x01494B96+1002390]
	Ordinal0 [0x01494475+1000565]
	Ordinal0 [0x0149D883+1038467]
	Ordinal0 [0x01494425+1000485]
	Ordinal0 [0x014953A8+1004456]
	Ordinal0 [0x014948D7+1001687]
	Ordinal0 [0x01494B96+1002390]
	Ordinal0 [0x01494475+1000565]
	Ordinal0 [0x0149B569+1029481]
	Ordinal0 [0x01494425+1000485]
	Ordinal0 [0x014953A8+1004456]
	Ordinal0 [0x014948D7+1001687]
	Ordinal0 [0x01494CA7+1002663]
	Ordinal0 [0x01494C58+1002584]
	Ordinal0 [0x0149A716+1025814]
	Ordinal0 [0x01494425+1000485]
	Ordinal0 [0x014953A8+1004456]
	Ordinal0 [0x014948D7+1001687]
	Ordinal0 [0x01494B96+1002390]
	Ordinal0 [0x01494475+1000565]
	Ordinal0 [0x0148FE3D+982589]
	Ordinal0 [0x01494425+1000485]
	Ordinal0 [0x014941B0+999856]
	Ordinal0 [0x01493EF9+999161]
	Ordinal0 [0x014A4F90+1068944]
	Ordinal0 [0x014EE27C+1368700]
	Ordinal0 [0x014ECE6A+1363562]
	Ordinal0 [0x014E85C6+1344966]
	Ordinal0 [0x014C54C6+1201350]
	Ordinal0 [0x014C63B6+1205174]
	GetHandleVerifier [0x017C10A2+1681842]
	GetHandleVerifier [0x01873B0C+2413596]
	GetHandleVerifier [0x016B1221+568113]
	GetHandleVerifier [0x016AFFA3+563379]
	Ordinal0 [0x015B174E+2168654]
	Ordinal0 [0x015B6538+2188600]
	Ordinal0 [0x015B6680+2188928]
	Ordinal0 [0x015C030C+2229004]
	BaseThreadInitThunk [0x7724343D+18]
	RtlInitializeExceptionChain [0x77C99812+99]
	RtlInitializeExceptionChain [0x77C997E5+54]

	at java.base/jdk.internal.reflect.NativeConstructorAccessorImpl.newInstance0(Native Method)
	at java.base/jdk.internal.reflect.NativeConstructorAccessorImpl.newInstance(NativeConstructorAccessorImpl.java:64)
	at java.base/jdk.internal.reflect.DelegatingConstructorAccessorImpl.newInstance(DelegatingConstructorAccessorImpl.java:45)
	at java.base/java.lang.reflect.Constructor.newInstanceWithCaller(Constructor.java:500)
	at java.base/java.lang.reflect.Constructor.newInstance(Constructor.java:481)
	at org.openqa.selenium.remote.W3CHandshakeResponse.lambda$errorHandler$0(W3CHandshakeResponse.java:62)
	at org.openqa.selenium.remote.HandshakeResponse.lambda$getResponseFunction$0(HandshakeResponse.java:30)
	at org.openqa.selenium.remote.ProtocolHandshake.lambda$createSession$0(ProtocolHandshake.java:126)
	at java.base/java.util.stream.ReferencePipeline$3$1.accept(ReferencePipeline.java:195)
	at java.base/java.util.Spliterators$ArraySpliterator.tryAdvance(Spliterators.java:958)
	at java.base/java.util.stream.ReferencePipeline.forEachWithCancel(ReferencePipeline.java:127)
	at java.base/java.util.stream.AbstractPipeline.copyIntoWithCancel(AbstractPipeline.java:502)
	at java.base/java.util.stream.AbstractPipeline.copyInto(AbstractPipeline.java:488)
	at java.base/java.util.stream.AbstractPipeline.wrapAndCopyInto(AbstractPipeline.java:474)
	at java.base/java.util.stream.FindOps$FindOp.evaluateSequential(FindOps.java:150)
	at java.base/java.util.stream.AbstractPipeline.evaluate(AbstractPipeline.java:234)
	at java.base/java.util.stream.ReferencePipeline.findFirst(ReferencePipeline.java:543)
	at org.openqa.selenium.remote.ProtocolHandshake.createSession(ProtocolHandshake.java:128)
	at org.openqa.selenium.remote.ProtocolHandshake.createSession(ProtocolHandshake.java:74)
	at org.openqa.selenium.remote.HttpCommandExecutor.execute(HttpCommandExecutor.java:136)
	at org.openqa.selenium.remote.service.DriverCommandExecutor.execute(DriverCommandExecutor.java:83)
	at org.openqa.selenium.remote.RemoteWebDriver.execute(RemoteWebDriver.java:552)
	at org.openqa.selenium.remote.RemoteWebDriver.startSession(RemoteWebDriver.java:213)
	at org.openqa.selenium.remote.RemoteWebDriver.&lt;init&gt;(RemoteWebDriver.java:131)
	at org.openqa.selenium.chrome.ChromeDriver.&lt;init&gt;(ChromeDriver.java:181)
	at org.openqa.selenium.chrome.ChromeDriver.&lt;init&gt;(ChromeDriver.java:147)
	at com.jsp.drivers.Driver.initDriver(Driver.java:33)
	at com.jsp.basepackage.xBaseTestClass.setUp(BaseTestClass.java:36)
	at java.base/jdk.internal.reflect.NativeMethodAccessorImpl.invoke0(Native Method)
	at java.base/jdk.internal.reflect.NativeMethodAccessorImpl.invoke(NativeMethodAccessorImpl.java:64)
	at java.base/jdk.internal.reflect.DelegatingMethodAccessorImpl.invoke(DelegatingMethodAccessorImpl.java:43)
	at java.base/java.lang.reflect.Method.invoke(Method.java:564)
	at org.testng.internal.MethodInvocationHelper.invokeMethod(MethodInvocationHelper.java:124)
	at org.testng.internal.MethodInvocationHelper.invokeMethodConsideringTimeout(MethodInvocationHelper.java:59)
	at org.testng.internal.Invoker.invokeConfigurationMethod(Invoker.java:458)
	at org.testng.internal.Invoker.invokeConfigurations(Invoker.java:222)
	at org.testng.internal.Invoker.invokeMethod(Invoker.java:523)
	at org.testng.internal.Invoker.invokeTestMethod(Invoker.java:719)
	at org.testng.internal.Invoker.invokeTestMethods(Invoker.java:989)
	at org.testng.internal.TestMethodWorker.invokeTestMethods(TestMethodWorker.java:125)
	at org.testng.internal.TestMethodWorker.run(TestMethodWorker.java:109)
	at java.base/java.util.concurrent.ThreadPoolExecutor.runWorker(ThreadPoolExecutor.java:1130)
	at java.base/java.util.concurrent.ThreadPoolExecutor$Worker.run(ThreadPoolExecutor.java:630)
	at java.base/java.lang.Thread.run(Thread.java:832)
</pre></div></td>
<td>0</td>
<td>com.jsp.tests.simplepingtest@7dc3712</td></tr>
</table><p>
</body>
</html>