<?xml version="1.0" encoding="UTF-8"?>
<!-- Generated by org.testng.reporters.JUnitXMLReporter -->
<testsuite ignored="4" hostname="Shraddha-PC" failures="0" tests="3" name="Selenium Java Programs" time="62.255" errors="0" timestamp="17 Feb 2022 05:23:59 GMT">
  <testcase classname="com.jsp.basepackage.xBaseTestClass" name="@BeforeMethod setUp" time="10.396">
    <failure type="org.openqa.selenium.WebDriverException" message="unknown error: Chrome failed to start: was killed.
  (chrome not reachable)
  (The process started from chrome location C:\Program Files (x86)\Google\Chrome\Application\chrome.exe is no longer running, so ChromeDriver is assuming that Chrome has crashed.)
Build info: version: &amp;apos;3.141.59&amp;apos;, revision: &amp;apos;e82be7d358&amp;apos;, time: &amp;apos;2018-11-14T08:17:03&amp;apos;
System info: host: &amp;apos;SHRADDHA-PC&amp;apos;, ip: &amp;apos;192.168.125.139&amp;apos;, os.name: &amp;apos;Windows 7&amp;apos;, os.arch: &amp;apos;amd64&amp;apos;, os.version: &amp;apos;6.1&amp;apos;, java.version: &amp;apos;15.0.1&amp;apos;
Driver info: driver.version: Driver
remote stacktrace: Backtrace:
	Ordinal0 [0x0161A0A3+2597027]
	Ordinal0 [0x015ABA61+2144865]
	Ordinal0 [0x014A3C58+1064024]
	Ordinal0 [0x014C07B1+1181617]
	Ordinal0 [0x014BCD41+1166657]
	Ordinal0 [0x014ED23F+1364543]
	Ordinal0 [0x014ECE6A+1363562]
	Ordinal0 [0x014E85C6+1344966]
	Ordinal0 [0x014C54C6+1201350]
	Ordinal0 [0x014C63B6+1205174]
	GetHandleVerifier [0x017C10A2+1681842]
	GetHandleVerifier [0x01873B0C+2413596]
	GetHandleVerifier [0x016B1221+568113]
	GetHandleVerifier [0x016AFFA3+563379]
	Ordinal0 [0x015B174E+2168654]
	Ordinal0 [0x015B6538+2188600]
	Ordinal0 [0x015B6680+2188928]
	Ordinal0 [0x015C030C+2229004]
	BaseThreadInitThunk [0x7724343D+18]
	RtlInitializeExceptionChain [0x77C99812+99]
	RtlInitializeExceptionChain [0x77C997E5+54]
">
      <![CDATA[org.openqa.selenium.WebDriverException: unknown error: Chrome failed to start: was killed.
  (chrome not reachable)
  (The process started from chrome location C:\Program Files (x86)\Google\Chrome\Application\chrome.exe is no longer running, so ChromeDriver is assuming that Chrome has crashed.)
Build info: version: '3.141.59', revision: 'e82be7d358', time: '2018-11-14T08:17:03'
System info: host: 'SHRADDHA-PC', ip: '192.168.125.139', os.name: 'Windows 7', os.arch: 'amd64', os.version: '6.1', java.version: '15.0.1'
Driver info: driver.version: Driver
remote stacktrace: Backtrace:
Ordinal0 [0x0161A0A3+2597027]
Ordinal0 [0x015ABA61+2144865]
Ordinal0 [0x014A3C58+1064024]
Ordinal0 [0x014C07B1+1181617]
Ordinal0 [0x014BCD41+1166657]
Ordinal0 [0x014ED23F+1364543]
Ordinal0 [0x014ECE6A+1363562]
Ordinal0 [0x014E85C6+1344966]
Ordinal0 [0x014C54C6+1201350]
Ordinal0 [0x014C63B6+1205174]
GetHandleVerifier [0x017C10A2+1681842]
GetHandleVerifier [0x01873B0C+2413596]
GetHandleVerifier [0x016B1221+568113]
GetHandleVerifier [0x016AFFA3+563379]
Ordinal0 [0x015B174E+2168654]
Ordinal0 [0x015B6538+2188600]
Ordinal0 [0x015B6680+2188928]
Ordinal0 [0x015C030C+2229004]
BaseThreadInitThunk [0x7724343D+18]
RtlInitializeExceptionChain [0x77C99812+99]
RtlInitializeExceptionChain [0x77C997E5+54]

at org.openqa.selenium.remote.W3CHandshakeResponse.lambda$errorHandler$0(W3CHandshakeResponse.java:62)
at org.openqa.selenium.remote.HandshakeResponse.lambda$getResponseFunction$0(HandshakeResponse.java:30)
at org.openqa.selenium.remote.ProtocolHandshake.lambda$createSession$0(ProtocolHandshake.java:126)
at java.base/java.util.stream.ReferencePipeline$3$1.accept(ReferencePipeline.java:195)
at java.base/java.util.Spliterators$ArraySpliterator.tryAdvance(Spliterators.java:958)
at java.base/java.util.stream.ReferencePipeline.forEachWithCancel(ReferencePipeline.java:127)
at java.base/java.util.stream.AbstractPipeline.copyIntoWithCancel(AbstractPipeline.java:502)
at java.base/java.util.stream.AbstractPipeline.copyInto(AbstractPipeline.java:488)
at java.base/java.util.stream.AbstractPipeline.wrapAndCopyInto(AbstractPipeline.java:474)
at java.base/java.util.stream.FindOps$FindOp.evaluateSequential(FindOps.java:150)
at java.base/java.util.stream.AbstractPipeline.evaluate(AbstractPipeline.java:234)
at java.base/java.util.stream.ReferencePipeline.findFirst(ReferencePipeline.java:543)
at org.openqa.selenium.remote.ProtocolHandshake.createSession(ProtocolHandshake.java:128)
at org.openqa.selenium.remote.ProtocolHandshake.createSession(ProtocolHandshake.java:74)
at org.openqa.selenium.remote.HttpCommandExecutor.execute(HttpCommandExecutor.java:136)
at org.openqa.selenium.remote.service.DriverCommandExecutor.execute(DriverCommandExecutor.java:83)
at org.openqa.selenium.remote.RemoteWebDriver.execute(RemoteWebDriver.java:552)
at org.openqa.selenium.remote.RemoteWebDriver.startSession(RemoteWebDriver.java:213)
at org.openqa.selenium.remote.RemoteWebDriver.<init>(RemoteWebDriver.java:131)
at org.openqa.selenium.chrome.ChromeDriver.<init>(ChromeDriver.java:181)
at org.openqa.selenium.chrome.ChromeDriver.<init>(ChromeDriver.java:147)
at com.jsp.drivers.Driver.initDriver(Driver.java:33)
at com.jsp.basepackage.xBaseTestClass.setUp(BaseTestClass.java:36)
at java.base/java.util.concurrent.ThreadPoolExecutor.runWorker(ThreadPoolExecutor.java:1130)
at java.base/java.util.concurrent.ThreadPoolExecutor$Worker.run(ThreadPoolExecutor.java:630)
at java.base/java.lang.Thread.run(Thread.java:832)
... Removed 18 stack frames]]>
    </failure>
  </testcase> <!-- @BeforeMethod setUp -->
  <testcase classname="com.jsp.basepackage.xBaseTestClass" name="@AfterMethod tearDown" time="0.0">
    <skipped/>
  </testcase> <!-- @AfterMethod tearDown -->
  <testcase classname="com.jsp.basepackage.xBaseTestClass" name="@BeforeMethod setUp" time="10.4">
    <failure type="org.openqa.selenium.SessionNotCreatedException" message="session not created
from disconnected: Unable to receive message from renderer
  (Session info: chrome=98.0.4758.102)
Build info: version: &amp;apos;3.141.59&amp;apos;, revision: &amp;apos;e82be7d358&amp;apos;, time: &amp;apos;2018-11-14T08:17:03&amp;apos;
System info: host: &amp;apos;SHRADDHA-PC&amp;apos;, ip: &amp;apos;192.168.125.139&amp;apos;, os.name: &amp;apos;Windows 7&amp;apos;, os.arch: &amp;apos;amd64&amp;apos;, os.version: &amp;apos;6.1&amp;apos;, java.version: &amp;apos;15.0.1&amp;apos;
Driver info: driver.version: Driver
remote stacktrace: Backtrace:
	Ordinal0 [0x0161A0A3+2597027]
	Ordinal0 [0x015ABA61+2144865]
	Ordinal0 [0x014A3C58+1064024]
	Ordinal0 [0x01495992+1005970]
	Ordinal0 [0x014948D7+1001687]
	Ordinal0 [0x01494B96+1002390]
	Ordinal0 [0x01494475+1000565]
	Ordinal0 [0x0149FB43+1047363]
	Ordinal0 [0x01494425+1000485]
	Ordinal0 [0x014953A8+1004456]
	Ordinal0 [0x014948D7+1001687]
	Ordinal0 [0x01494B96+1002390]
	Ordinal0 [0x01494475+1000565]
	Ordinal0 [0x0149D883+1038467]
	Ordinal0 [0x01494425+1000485]
	Ordinal0 [0x014953A8+1004456]
	Ordinal0 [0x014948D7+1001687]
	Ordinal0 [0x01494B96+1002390]
	Ordinal0 [0x01494475+1000565]
	Ordinal0 [0x0149B569+1029481]
	Ordinal0 [0x01494425+1000485]
	Ordinal0 [0x014953A8+1004456]
	Ordinal0 [0x014948D7+1001687]
	Ordinal0 [0x01494CA7+1002663]
	Ordinal0 [0x01494C58+1002584]
	Ordinal0 [0x0149A716+1025814]
	Ordinal0 [0x01494425+1000485]
	Ordinal0 [0x014953A8+1004456]
	Ordinal0 [0x014948D7+1001687]
	Ordinal0 [0x01494B96+1002390]
	Ordinal0 [0x01494475+1000565]
	Ordinal0 [0x0148FE3D+982589]
	Ordinal0 [0x01494425+1000485]
	Ordinal0 [0x014941B0+999856]
	Ordinal0 [0x01493EF9+999161]
	Ordinal0 [0x014A4F90+1068944]
	Ordinal0 [0x014EE27C+1368700]
	Ordinal0 [0x014ECE6A+1363562]
	Ordinal0 [0x014E85C6+1344966]
	Ordinal0 [0x014C54C6+1201350]
	Ordinal0 [0x014C63B6+1205174]
	GetHandleVerifier [0x017C10A2+1681842]
	GetHandleVerifier [0x01873B0C+2413596]
	GetHandleVerifier [0x016B1221+568113]
	GetHandleVerifier [0x016AFFA3+563379]
	Ordinal0 [0x015B174E+2168654]
	Ordinal0 [0x015B6538+2188600]
	Ordinal0 [0x015B6680+2188928]
	Ordinal0 [0x015C030C+2229004]
	BaseThreadInitThunk [0x7724343D+18]
	RtlInitializeExceptionChain [0x77C99812+99]
	RtlInitializeExceptionChain [0x77C997E5+54]
">
      <![CDATA[org.openqa.selenium.SessionNotCreatedException: session not created
from disconnected: Unable to receive message from renderer
  (Session info: chrome=98.0.4758.102)
Build info: version: '3.141.59', revision: 'e82be7d358', time: '2018-11-14T08:17:03'
System info: host: 'SHRADDHA-PC', ip: '192.168.125.139', os.name: 'Windows 7', os.arch: 'amd64', os.version: '6.1', java.version: '15.0.1'
Driver info: driver.version: Driver
remote stacktrace: Backtrace:
Ordinal0 [0x0161A0A3+2597027]
Ordinal0 [0x015ABA61+2144865]
Ordinal0 [0x014A3C58+1064024]
Ordinal0 [0x01495992+1005970]
Ordinal0 [0x014948D7+1001687]
Ordinal0 [0x01494B96+1002390]
Ordinal0 [0x01494475+1000565]
Ordinal0 [0x0149FB43+1047363]
Ordinal0 [0x01494425+1000485]
Ordinal0 [0x014953A8+1004456]
Ordinal0 [0x014948D7+1001687]
Ordinal0 [0x01494B96+1002390]
Ordinal0 [0x01494475+1000565]
Ordinal0 [0x0149D883+1038467]
Ordinal0 [0x01494425+1000485]
Ordinal0 [0x014953A8+1004456]
Ordinal0 [0x014948D7+1001687]
Ordinal0 [0x01494B96+1002390]
Ordinal0 [0x01494475+1000565]
Ordinal0 [0x0149B569+1029481]
Ordinal0 [0x01494425+1000485]
Ordinal0 [0x014953A8+1004456]
Ordinal0 [0x014948D7+1001687]
Ordinal0 [0x01494CA7+1002663]
Ordinal0 [0x01494C58+1002584]
Ordinal0 [0x0149A716+1025814]
Ordinal0 [0x01494425+1000485]
Ordinal0 [0x014953A8+1004456]
Ordinal0 [0x014948D7+1001687]
Ordinal0 [0x01494B96+1002390]
Ordinal0 [0x01494475+1000565]
Ordinal0 [0x0148FE3D+982589]
Ordinal0 [0x01494425+1000485]
Ordinal0 [0x014941B0+999856]
Ordinal0 [0x01493EF9+999161]
Ordinal0 [0x014A4F90+1068944]
Ordinal0 [0x014EE27C+1368700]
Ordinal0 [0x014ECE6A+1363562]
Ordinal0 [0x014E85C6+1344966]
Ordinal0 [0x014C54C6+1201350]
Ordinal0 [0x014C63B6+1205174]
GetHandleVerifier [0x017C10A2+1681842]
GetHandleVerifier [0x01873B0C+2413596]
GetHandleVerifier [0x016B1221+568113]
GetHandleVerifier [0x016AFFA3+563379]
Ordinal0 [0x015B174E+2168654]
Ordinal0 [0x015B6538+2188600]
Ordinal0 [0x015B6680+2188928]
Ordinal0 [0x015C030C+2229004]
BaseThreadInitThunk [0x7724343D+18]
RtlInitializeExceptionChain [0x77C99812+99]
RtlInitializeExceptionChain [0x77C997E5+54]

at org.openqa.selenium.remote.W3CHandshakeResponse.lambda$errorHandler$0(W3CHandshakeResponse.java:62)
at org.openqa.selenium.remote.HandshakeResponse.lambda$getResponseFunction$0(HandshakeResponse.java:30)
at org.openqa.selenium.remote.ProtocolHandshake.lambda$createSession$0(ProtocolHandshake.java:126)
at java.base/java.util.stream.ReferencePipeline$3$1.accept(ReferencePipeline.java:195)
at java.base/java.util.Spliterators$ArraySpliterator.tryAdvance(Spliterators.java:958)
at java.base/java.util.stream.ReferencePipeline.forEachWithCancel(ReferencePipeline.java:127)
at java.base/java.util.stream.AbstractPipeline.copyIntoWithCancel(AbstractPipeline.java:502)
at java.base/java.util.stream.AbstractPipeline.copyInto(AbstractPipeline.java:488)
at java.base/java.util.stream.AbstractPipeline.wrapAndCopyInto(AbstractPipeline.java:474)
at java.base/java.util.stream.FindOps$FindOp.evaluateSequential(FindOps.java:150)
at java.base/java.util.stream.AbstractPipeline.evaluate(AbstractPipeline.java:234)
at java.base/java.util.stream.ReferencePipeline.findFirst(ReferencePipeline.java:543)
at org.openqa.selenium.remote.ProtocolHandshake.createSession(ProtocolHandshake.java:128)
at org.openqa.selenium.remote.ProtocolHandshake.createSession(ProtocolHandshake.java:74)
at org.openqa.selenium.remote.HttpCommandExecutor.execute(HttpCommandExecutor.java:136)
at org.openqa.selenium.remote.service.DriverCommandExecutor.execute(DriverCommandExecutor.java:83)
at org.openqa.selenium.remote.RemoteWebDriver.execute(RemoteWebDriver.java:552)
at org.openqa.selenium.remote.RemoteWebDriver.startSession(RemoteWebDriver.java:213)
at org.openqa.selenium.remote.RemoteWebDriver.<init>(RemoteWebDriver.java:131)
at org.openqa.selenium.chrome.ChromeDriver.<init>(ChromeDriver.java:181)
at org.openqa.selenium.chrome.ChromeDriver.<init>(ChromeDriver.java:147)
at com.jsp.drivers.Driver.initDriver(Driver.java:33)
at com.jsp.basepackage.xBaseTestClass.setUp(BaseTestClass.java:36)
at java.base/java.util.concurrent.ThreadPoolExecutor.runWorker(ThreadPoolExecutor.java:1130)
at java.base/java.util.concurrent.ThreadPoolExecutor$Worker.run(ThreadPoolExecutor.java:630)
at java.base/java.lang.Thread.run(Thread.java:832)
... Removed 18 stack frames]]>
    </failure>
  </testcase> <!-- @BeforeMethod setUp -->
  <testcase classname="com.jsp.basepackage.xBaseTestClass" name="@AfterMethod tearDown" time="0.0">
    <skipped/>
  </testcase> <!-- @AfterMethod tearDown -->
  <testcase classname="com.jsp.basepackage.xBaseTestClass" name="@BeforeMethod setUp" time="62.099">
    <failure type="org.openqa.selenium.WebDriverException" message="unknown error: unable to discover open pages
Build info: version: &amp;apos;3.141.59&amp;apos;, revision: &amp;apos;e82be7d358&amp;apos;, time: &amp;apos;2018-11-14T08:17:03&amp;apos;
System info: host: &amp;apos;SHRADDHA-PC&amp;apos;, ip: &amp;apos;192.168.125.139&amp;apos;, os.name: &amp;apos;Windows 7&amp;apos;, os.arch: &amp;apos;amd64&amp;apos;, os.version: &amp;apos;6.1&amp;apos;, java.version: &amp;apos;15.0.1&amp;apos;
Driver info: driver.version: Driver
remote stacktrace: Backtrace:
	Ordinal0 [0x0161A0A3+2597027]
	Ordinal0 [0x015ABA61+2144865]
	Ordinal0 [0x014A3C58+1064024]
	Ordinal0 [0x014C3708+1193736]
	Ordinal0 [0x014BF585+1176965]
	Ordinal0 [0x014BCD41+1166657]
	Ordinal0 [0x014ED23F+1364543]
	Ordinal0 [0x014ECE6A+1363562]
	Ordinal0 [0x014E85C6+1344966]
	Ordinal0 [0x014C54C6+1201350]
	Ordinal0 [0x014C63B6+1205174]
	GetHandleVerifier [0x017C10A2+1681842]
	GetHandleVerifier [0x01873B0C+2413596]
	GetHandleVerifier [0x016B1221+568113]
	GetHandleVerifier [0x016AFFA3+563379]
	Ordinal0 [0x015B174E+2168654]
	Ordinal0 [0x015B6538+2188600]
	Ordinal0 [0x015B6680+2188928]
	Ordinal0 [0x015C030C+2229004]
	BaseThreadInitThunk [0x7724343D+18]
	RtlInitializeExceptionChain [0x77C99812+99]
	RtlInitializeExceptionChain [0x77C997E5+54]
">
      <![CDATA[org.openqa.selenium.WebDriverException: unknown error: unable to discover open pages
Build info: version: '3.141.59', revision: 'e82be7d358', time: '2018-11-14T08:17:03'
System info: host: 'SHRADDHA-PC', ip: '192.168.125.139', os.name: 'Windows 7', os.arch: 'amd64', os.version: '6.1', java.version: '15.0.1'
Driver info: driver.version: Driver
remote stacktrace: Backtrace:
Ordinal0 [0x0161A0A3+2597027]
Ordinal0 [0x015ABA61+2144865]
Ordinal0 [0x014A3C58+1064024]
Ordinal0 [0x014C3708+1193736]
Ordinal0 [0x014BF585+1176965]
Ordinal0 [0x014BCD41+1166657]
Ordinal0 [0x014ED23F+1364543]
Ordinal0 [0x014ECE6A+1363562]
Ordinal0 [0x014E85C6+1344966]
Ordinal0 [0x014C54C6+1201350]
Ordinal0 [0x014C63B6+1205174]
GetHandleVerifier [0x017C10A2+1681842]
GetHandleVerifier [0x01873B0C+2413596]
GetHandleVerifier [0x016B1221+568113]
GetHandleVerifier [0x016AFFA3+563379]
Ordinal0 [0x015B174E+2168654]
Ordinal0 [0x015B6538+2188600]
Ordinal0 [0x015B6680+2188928]
Ordinal0 [0x015C030C+2229004]
BaseThreadInitThunk [0x7724343D+18]
RtlInitializeExceptionChain [0x77C99812+99]
RtlInitializeExceptionChain [0x77C997E5+54]

at org.openqa.selenium.remote.W3CHandshakeResponse.lambda$errorHandler$0(W3CHandshakeResponse.java:62)
at org.openqa.selenium.remote.HandshakeResponse.lambda$getResponseFunction$0(HandshakeResponse.java:30)
at org.openqa.selenium.remote.ProtocolHandshake.lambda$createSession$0(ProtocolHandshake.java:126)
at java.base/java.util.stream.ReferencePipeline$3$1.accept(ReferencePipeline.java:195)
at java.base/java.util.Spliterators$ArraySpliterator.tryAdvance(Spliterators.java:958)
at java.base/java.util.stream.ReferencePipeline.forEachWithCancel(ReferencePipeline.java:127)
at java.base/java.util.stream.AbstractPipeline.copyIntoWithCancel(AbstractPipeline.java:502)
at java.base/java.util.stream.AbstractPipeline.copyInto(AbstractPipeline.java:488)
at java.base/java.util.stream.AbstractPipeline.wrapAndCopyInto(AbstractPipeline.java:474)
at java.base/java.util.stream.FindOps$FindOp.evaluateSequential(FindOps.java:150)
at java.base/java.util.stream.AbstractPipeline.evaluate(AbstractPipeline.java:234)
at java.base/java.util.stream.ReferencePipeline.findFirst(ReferencePipeline.java:543)
at org.openqa.selenium.remote.ProtocolHandshake.createSession(ProtocolHandshake.java:128)
at org.openqa.selenium.remote.ProtocolHandshake.createSession(ProtocolHandshake.java:74)
at org.openqa.selenium.remote.HttpCommandExecutor.execute(HttpCommandExecutor.java:136)
at org.openqa.selenium.remote.service.DriverCommandExecutor.execute(DriverCommandExecutor.java:83)
at org.openqa.selenium.remote.RemoteWebDriver.execute(RemoteWebDriver.java:552)
at org.openqa.selenium.remote.RemoteWebDriver.startSession(RemoteWebDriver.java:213)
at org.openqa.selenium.remote.RemoteWebDriver.<init>(RemoteWebDriver.java:131)
at org.openqa.selenium.chrome.ChromeDriver.<init>(ChromeDriver.java:181)
at org.openqa.selenium.chrome.ChromeDriver.<init>(ChromeDriver.java:147)
at com.jsp.drivers.Driver.initDriver(Driver.java:33)
at com.jsp.basepackage.xBaseTestClass.setUp(BaseTestClass.java:36)
at java.base/java.util.concurrent.ThreadPoolExecutor.runWorker(ThreadPoolExecutor.java:1130)
at java.base/java.util.concurrent.ThreadPoolExecutor$Worker.run(ThreadPoolExecutor.java:630)
at java.base/java.lang.Thread.run(Thread.java:832)
... Removed 18 stack frames]]>
    </failure>
  </testcase> <!-- @BeforeMethod setUp -->
  <testcase classname="com.jsp.basepackage.xBaseTestClass" name="@AfterMethod tearDown" time="0.0">
    <skipped/>
  </testcase> <!-- @AfterMethod tearDown -->
  <testcase classname="com.jsp.tests.Locators" name="locators" time="0.0">
    <skipped/>
  </testcase> <!-- locators -->
  <testcase classname="com.jsp.tests.simplepingtest" name="pingtest" time="0.0">
    <skipped/>
  </testcase> <!-- pingtest -->
  <testcase classname="com.jsp.tests.DropDown" name="dropDownTest" time="0.0">
    <skipped/>
  </testcase> <!-- dropDownTest -->
  <testcase classname="com.jsp.basepackage.xBaseTestClass" name="@AfterSuite afterSuite" time="0.0">
    <ignored/>
  </testcase> <!-- @AfterSuite afterSuite -->
  <testcase classname="com.jsp.basepackage.xBaseTestClass" name="@AfterSuite afterSuite" time="0.0">
    <ignored/>
  </testcase> <!-- @AfterSuite afterSuite -->
  <testcase classname="com.jsp.basepackage.xBaseTestClass" name="@BeforeSuite beforeSuite" time="0.0">
    <ignored/>
  </testcase> <!-- @BeforeSuite beforeSuite -->
  <testcase classname="com.jsp.basepackage.xBaseTestClass" name="@BeforeSuite beforeSuite" time="0.0">
    <ignored/>
  </testcase> <!-- @BeforeSuite beforeSuite -->
</testsuite> <!-- Selenium Java Programs -->
