<!DOCTYPE html PUBLIC "-//W3C//DTD XHTML 1.1//EN" "http://www.w3.org/TR/xhtml11/DTD/xhtml11.dtd">
<html xmlns="http://www.w3.org/1999/xhtml">
<head>
<meta http-equiv="content-type" content="text/html; charset=UTF-8"/>
<title>TestNG Report</title>
<style type="text/css">table {margin-bottom:10px;border-collapse:collapse;empty-cells:show}th,td {border:1px solid #009;padding:.25em .5em}th {vertical-align:bottom}td {vertical-align:top}table a {font-weight:bold}.stripe td {background-color: #E6EBF9}.num {text-align:right}.passedodd td {background-color: #3F3}.passedeven td {background-color: #0A0}.skippedodd td {background-color: #DDD}.skippedeven td {background-color: #CCC}.failedodd td,.attn {background-color: #F33}.failedeven td,.stripe .attn {background-color: #D00}.stacktrace {white-space:pre;font-family:monospace}.totop {font-size:85%;text-align:center;border-bottom:2px solid #000}.invisible {display:none}</style>
</head>
<body>
<table>
<tr><th>Test</th><th># Passed</th><th># Skipped</th><th># Failed</th><th>Time (ms)</th><th>Included Groups</th><th>Excluded Groups</th></tr>
<tr><th colspan="7">Suite</th></tr>
<tr><td><a href="#t0">Test</a></td><td class="num">49</td><td class="num attn">4</td><td class="num attn">19</td><td class="num">1,232,670</td><td></td><td></td></tr>
</table>
<table id='summary'><thead><tr><th>Class</th><th>Method</th><th>Start</th><th>Time (ms)</th></tr></thead><tbody><tr><th colspan="4">Suite</th></tr></tbody><tbody id="t0"><tr><th colspan="4">Test &#8212; failed (configuration methods)</th></tr><tr class="failedeven"><td rowspan="1">com.jsp.tests.PingTestNoReport</td><td><a href="#m0">setUp</a></td><td rowspan="1">1656183988586</td><td rowspan="1">8283</td></tr><tr class="failedodd"><td rowspan="1">com.jsp.tests.TestNGDataProviders</td><td><a href="#m1">setup</a></td><td rowspan="1">1656184098023</td><td rowspan="1">4238</td></tr><tr><th colspan="4">Test &#8212; failed</th></tr><tr class="failedeven"><td rowspan="1">com.jsp.tests.Action</td><td><a href="#m2">testAction6</a></td><td rowspan="1">1656183437690</td><td rowspan="1">13481</td></tr><tr class="failedodd"><td rowspan="1">com.jsp.tests.ActionsMultiSelect</td><td><a href="#m3">verifymultiSelectActions</a></td><td rowspan="1">1656183478298</td><td rowspan="1">15753</td></tr><tr class="failedeven"><td rowspan="1">com.jsp.tests.BrokenLinksTest2</td><td><a href="#m4">verifyBrokenLinks</a></td><td rowspan="1">1656183615005</td><td rowspan="1">82821</td></tr><tr class="failedodd"><td rowspan="1">com.jsp.tests.DoubleAndRightClick</td><td><a href="#m5">verifyDoubleAndRightClick</a></td><td rowspan="1">1656183662306</td><td rowspan="1">35549</td></tr><tr class="failedeven"><td rowspan="1">com.jsp.tests.DownloadFileChrome</td><td><a href="#m6">chromeHeadlessBrowsing</a></td><td rowspan="1">1656183680206</td><td rowspan="1">34405</td></tr><tr class="failedodd"><td rowspan="1">com.jsp.tests.DragAndDropDemo</td><td><a href="#m7">verifyDragAndDropDemo</a></td><td rowspan="1">1656183718431</td><td rowspan="1">40429</td></tr><tr class="failedeven"><td rowspan="1">com.jsp.tests.DropDownListSortedOrNot</td><td><a href="#m8">dropDownListSortedOrNot</a></td><td rowspan="1">1656183795193</td><td rowspan="1">35465</td></tr><tr class="failedodd"><td rowspan="1">com.jsp.tests.ExcelPOIDataProvider</td><td><a href="#m9">excelFileReadDP</a></td><td rowspan="1">1656183862411</td><td rowspan="1">37753</td></tr><tr class="failedeven"><td rowspan="1">com.jsp.tests.HeadlessBrowsingChrome</td><td><a href="#m10">chromeHeadlessBrowsing2</a></td><td rowspan="1">1656183920426</td><td rowspan="1">3022</td></tr><tr class="failedodd"><td rowspan="1">com.jsp.tests.HeadlessBrowsingFirefox</td><td><a href="#m11">firefoxHeadlessBrowsing</a></td><td rowspan="1">1656183923456</td><td rowspan="1">739</td></tr><tr class="failedeven"><td rowspan="1">com.jsp.tests.IframeDemo</td><td><a href="#m12">verifyIframeDemo</a></td><td rowspan="1">1656183936805</td><td rowspan="1">28417</td></tr><tr class="failedodd"><td rowspan="1">com.jsp.tests.MousehoverDemo</td><td><a href="#m13">verifyMousehoverDemo</a></td><td rowspan="1">1656183983609</td><td rowspan="1">3096</td></tr><tr class="failedeven"><td rowspan="1">com.jsp.tests.ScreenShotElementCrop</td><td><a href="#m14">screenShotElementCrop</a></td><td rowspan="1">1656184045191</td><td rowspan="1">19401</td></tr><tr class="failedodd"><td rowspan="1">com.jsp.tests.TakesScreenshotTest</td><td><a href="#m15">testCase1</a></td><td rowspan="1">1656184085232</td><td rowspan="1">3814</td></tr><tr class="failedeven"><td rowspan="1">com.jsp.tests.TestNGParameters</td><td><a href="#m16">loginTest</a></td><td rowspan="1">1656184102293</td><td rowspan="1">0</td></tr><tr class="failedodd"><td rowspan="1">com.jsp.tests.Test_DataProvider</td><td><a href="#m17">doLogin</a></td><td rowspan="1">1656184102296</td><td rowspan="1">94</td></tr><tr class="failedeven"><td rowspan="3">com.jsp.tests.ToolTip</td><td><a href="#m18">ToolTipbyAction</a></td><td rowspan="3">1656184394689</td><td rowspan="3">47742</td></tr><tr class="failedeven"><td><a href="#m19">ToolTipbyAction</a></td></tr><tr class="failedeven"><td><a href="#m20">ToolTipbyAction</a></td></tr><tr><th colspan="4">Test &#8212; skipped (configuration methods)</th></tr><tr class="skippedeven"><td rowspan="1">com.jsp.tests.PingTestNoReport</td><td><a href="#m21">tearDown</a></td><td rowspan="1">1656183996875</td><td rowspan="1">0</td></tr><tr class="skippedodd"><td rowspan="5">com.jsp.tests.TestNGDataProviders</td><td><a href="#m22">setup</a></td><td rowspan="2">1656184102275</td><td rowspan="2">0</td></tr><tr class="skippedodd"><td><a href="#m23">setup</a></td></tr><tr class="skippedodd"><td><a href="#m24">tearDown</a></td><td rowspan="3">1656184102268</td><td rowspan="3">0</td></tr><tr class="skippedodd"><td><a href="#m25">tearDown</a></td></tr><tr class="skippedodd"><td><a href="#m26">tearDown</a></td></tr><tr><th colspan="4">Test &#8212; skipped</th></tr><tr class="skippedeven"><td rowspan="1">com.jsp.tests.PingTestNoReport</td><td><a href="#m27">pinggoogle</a></td><td rowspan="1">1656183996872</td><td rowspan="1">0</td></tr><tr class="skippedodd"><td rowspan="3">com.jsp.tests.TestNGDataProviders</td><td><a href="#m28">loginTest</a></td><td rowspan="3">1656184102264</td><td rowspan="3">0</td></tr><tr class="skippedodd"><td><a href="#m29">loginTest</a></td></tr><tr class="skippedodd"><td><a href="#m30">loginTest</a></td></tr><tr><th colspan="4">Test &#8212; passed</th></tr><tr class="passedeven"><td rowspan="1">com.jsp.assignments.CheckBoxTest</td><td><a href="#m31">checkBoxTest</a></td><td rowspan="1">1656183316576</td><td rowspan="1">59919</td></tr><tr class="passedodd"><td rowspan="1">com.jsp.assignments.MissingKinkofWiki</td><td><a href="#m32">missingLink</a></td><td rowspan="1">1656183316571</td><td rowspan="1">79380</td></tr><tr class="passedeven"><td rowspan="8">com.jsp.tests.Action</td><td><a href="#m33">testAction1</a></td><td rowspan="1">1656183316571</td><td rowspan="1">76929</td></tr><tr class="passedeven"><td><a href="#m34">testAction2</a></td><td rowspan="1">1656183316571</td><td rowspan="1">30583</td></tr><tr class="passedeven"><td><a href="#m35">testAction3</a></td><td rowspan="1">1656183316571</td><td rowspan="1">24234</td></tr><tr class="passedeven"><td><a href="#m36">testAction4</a></td><td rowspan="1">1656183400945</td><td rowspan="1">86821</td></tr><tr class="passedeven"><td><a href="#m37">testAction5</a></td><td rowspan="1">1656183411450</td><td rowspan="1">32629</td></tr><tr class="passedeven"><td><a href="#m38">testAction7</a></td><td rowspan="1">1656183456139</td><td rowspan="1">19325</td></tr><tr class="passedeven"><td><a href="#m39">testAction8</a></td><td rowspan="1">1656183483328</td><td rowspan="1">52920</td></tr><tr class="passedeven"><td><a href="#m40">testAction9</a></td><td rowspan="1">1656183483406</td><td rowspan="1">7846</td></tr><tr class="passedodd"><td rowspan="2">com.jsp.tests.ActiveElement</td><td><a href="#m41">verifyActiveElement1</a></td><td rowspan="1">1656183497977</td><td rowspan="1">9794</td></tr><tr class="passedodd"><td><a href="#m42">verifyActiveElement2</a></td><td rowspan="1">1656183501618</td><td rowspan="1">6129</td></tr><tr class="passedeven"><td rowspan="1">com.jsp.tests.AlertDemo</td><td><a href="#m43">verifyPromptAlert</a></td><td rowspan="1">1656183502222</td><td rowspan="1">660835</td></tr><tr class="passedodd"><td rowspan="1">com.jsp.tests.AleternateOfSendKeys</td><td><a href="#m44">alternateOfSendkeys2</a></td><td rowspan="1">1656183507582</td><td rowspan="1">15909</td></tr><tr class="passedeven"><td rowspan="1">com.jsp.tests.AshotTest1FullSS</td><td><a href="#m45">ashotTest1</a></td><td rowspan="1">1656183539919</td><td rowspan="1">59717</td></tr><tr class="passedodd"><td rowspan="1">com.jsp.tests.AshotTest2ElementSS</td><td><a href="#m46">ashotTest2</a></td><td rowspan="1">1656183539847</td><td rowspan="1">41472</td></tr><tr class="passedeven"><td rowspan="1">com.jsp.tests.AutoSuggestionList</td><td><a href="#m47">autoSuggestion2</a></td><td rowspan="1">1656183567887</td><td rowspan="1">18372</td></tr><tr class="passedodd"><td rowspan="1">com.jsp.tests.BrokenLinksTest</td><td><a href="#m48">getLinks</a></td><td rowspan="1">1656184332778</td><td rowspan="1">20672</td></tr><tr class="passedeven"><td rowspan="1">com.jsp.tests.BrowserNavigationCmd</td><td><a href="#m49">browserNavigationCmd</a></td><td rowspan="1">1656183621597</td><td rowspan="1">17855</td></tr><tr class="passedodd"><td rowspan="1">com.jsp.tests.BrowserSpecificCmd</td><td><a href="#m50">browserSpecificCommands</a></td><td rowspan="1">1656183621303</td><td rowspan="1">20429</td></tr><tr class="passedeven"><td rowspan="1">com.jsp.tests.CSVRead</td><td><a href="#m51">csvReadtest</a></td><td rowspan="1">1656183655530</td><td rowspan="1">754</td></tr><tr class="passedodd"><td rowspan="1">com.jsp.tests.CheckBoxex</td><td><a href="#m52">checkBoxTest</a></td><td rowspan="1">1656183655730</td><td rowspan="1">17057</td></tr><tr class="passedeven"><td rowspan="1">com.jsp.tests.ClicksLinksRandomly</td><td><a href="#m53">clicksLinksRandomly</a></td><td rowspan="1">1656183655717</td><td rowspan="1">672303</td></tr><tr class="passedodd"><td rowspan="1">com.jsp.tests.DropDown</td><td><a href="#m54">dropdownWiki</a></td><td rowspan="1">1656183718389</td><td rowspan="1">59210</td></tr><tr class="passedeven"><td rowspan="1">com.jsp.tests.DropDownBootStrap</td><td><a href="#m55">dropDownDemo</a></td><td rowspan="1">1656183720691</td><td rowspan="1">74289</td></tr><tr class="passedodd"><td rowspan="1">com.jsp.tests.DropDownDemo</td><td><a href="#m56">dropDownDemo</a></td><td rowspan="1">1656183788631</td><td rowspan="1">47583</td></tr><tr class="passedeven"><td rowspan="1">com.jsp.tests.DynamicWebTable</td><td><a href="#m57">dynamicWebTable1</a></td><td rowspan="1">1656183827478</td><td rowspan="1">29147</td></tr><tr class="passedodd"><td rowspan="1">com.jsp.tests.DynamicWebTable2</td><td><a href="#m58">dynamicWebTable3</a></td><td rowspan="1">1656183849694</td><td rowspan="1">3523</td></tr><tr class="passedeven"><td rowspan="1">com.jsp.tests.ElementSpecificCmd</td><td><a href="#m59">elementSpecificCmd</a></td><td rowspan="1">1656183855240</td><td rowspan="1">5448</td></tr><tr class="passedodd"><td rowspan="1">com.jsp.tests.ExcelPOI</td><td><a href="#m60">excelFileRead</a></td><td rowspan="1">1656183864113</td><td rowspan="1">40771</td></tr><tr class="passedeven"><td rowspan="1">com.jsp.tests.FileUploadSendKeys</td><td><a href="#m61">fileUpload3</a></td><td rowspan="1">1656183868168</td><td rowspan="1">31944</td></tr><tr class="passedodd"><td rowspan="1">com.jsp.tests.GetBrowserName</td><td><a href="#m62">GetBrowserName</a></td><td rowspan="1">1656183921951</td><td rowspan="1">3013</td></tr><tr class="passedeven"><td rowspan="1">com.jsp.tests.HandleWindwowAuthentication</td><td><a href="#m63">verifyHandleWindwowAuthentication</a></td><td rowspan="1">1656183921017</td><td rowspan="1">10531</td></tr><tr class="passedodd"><td rowspan="1">com.jsp.tests.HeadlessBrowsingHTMLunit</td><td><a href="#m64">testHeadlessBrowser</a></td><td rowspan="1">1656183924202</td><td rowspan="1">38605</td></tr><tr class="passedeven"><td rowspan="1">com.jsp.tests.HighlightElementJS</td><td><a href="#m65">highlightElementJS</a></td><td rowspan="1">1656183929633</td><td rowspan="1">6961</td></tr><tr class="passedodd"><td rowspan="1">com.jsp.tests.ImportLinks</td><td><a href="#m66">importLinks</a></td><td rowspan="1">1656183954648</td><td rowspan="1">9028</td></tr><tr class="passedeven"><td rowspan="1">com.jsp.tests.Locators</td><td><a href="#m67">locators</a></td><td rowspan="1">1656183979067</td><td rowspan="1">9147</td></tr><tr class="passedodd"><td rowspan="1">com.jsp.tests.MultiSelect</td><td><a href="#m68">multiSelect</a></td><td rowspan="1">1656183984523</td><td rowspan="1">17448</td></tr><tr class="passedeven"><td rowspan="2">com.jsp.tests.RadioCheckbox</td><td><a href="#m69">verifyCheckbox</a></td><td rowspan="1">1656183998657</td><td rowspan="1">60858</td></tr><tr class="passedeven"><td><a href="#m70">verifyRadiobtn</a></td><td rowspan="1">1656184016261</td><td rowspan="1">55667</td></tr><tr class="passedodd"><td rowspan="1">com.jsp.tests.Scrolling</td><td><a href="#m71">verifyScrollUpDown</a></td><td rowspan="1">1656184083237</td><td rowspan="1">15482</td></tr><tr class="passedeven"><td rowspan="1">com.jsp.tests.TC001_GET_All_Emps</td><td><a href="#m72">checkResponseBody</a></td><td rowspan="1">1656184123036</td><td rowspan="1">131</td></tr><tr class="passedodd"><td rowspan="1">com.jsp.tests.TakesScreenshotTest</td><td><a href="#m73">testCase2</a></td><td rowspan="1">1656184093094</td><td rowspan="1">4059</td></tr><tr class="passedeven"><td rowspan="1">com.jsp.tests.ToolTip</td><td><a href="#m74">ToolTipbyAtributeTitle</a></td><td rowspan="1">1656184446322</td><td rowspan="1">2892</td></tr><tr class="passedodd"><td rowspan="1">com.jsp.tests.Waits</td><td><a href="#m75">threadSleepDemo6</a></td><td rowspan="1">1656184105904</td><td rowspan="1">33386</td></tr><tr class="passedeven"><td rowspan="1">com.jsp.tests.WindowChild</td><td><a href="#m76">verifyChildWindow</a></td><td rowspan="1">1656184113259</td><td rowspan="1">32678</td></tr><tr class="passedodd"><td rowspan="1">com.jsp.tests.WindowMultipleChild</td><td><a href="#m77">verifyMultipleWindows</a></td><td rowspan="1">1656184152183</td><td rowspan="1">8793</td></tr><tr class="passedeven"><td rowspan="1">com.jsp.tests.WindowSwitchBackParent</td><td><a href="#m78">verifySwitchBackParentWindow</a></td><td rowspan="1">1656184152430</td><td rowspan="1">16628</td></tr><tr class="passedodd"><td rowspan="1">com.jsp.tests.simplepingtest</td><td><a href="#m79">pingtest</a></td><td rowspan="1">1656184083064</td><td rowspan="1">5798</td></tr></tbody>
</table>
<h2>Test</h2><h3 id="m0">com.jsp.tests.PingTestNoReport#setUp</h3><table class="result"><tr><th>Exception</th></tr><tr><td><div class="stacktrace">org.openqa.selenium.SessionNotCreatedException: session not created: This version of ChromeDriver only supports Chrome version 98
Current browser version is 102.0.5005.115 with binary path C:\Program Files (x86)\Google\Chrome\Application\chrome.exe
Build info: version: &apos;3.141.59&apos;, revision: &apos;e82be7d358&apos;, time: &apos;2018-11-14T08:17:03&apos;
System info: host: &apos;SHRADDHA-PC&apos;, ip: &apos;192.168.29.116&apos;, os.name: &apos;Windows 7&apos;, os.arch: &apos;amd64&apos;, os.version: &apos;6.1&apos;, java.version: &apos;15.0.1&apos;
Driver info: driver.version: ChromeDriver
remote stacktrace: Backtrace:
	Ordinal0 [0x0042A0A3+2597027]
	Ordinal0 [0x003BBA61+2144865]
	Ordinal0 [0x002B3C58+1064024]
	Ordinal0 [0x002D3708+1193736]
	Ordinal0 [0x002CF585+1176965]
	Ordinal0 [0x002CCD41+1166657]
	Ordinal0 [0x002FD23F+1364543]
	Ordinal0 [0x002FCE6A+1363562]
	Ordinal0 [0x002F85C6+1344966]
	Ordinal0 [0x002D54C6+1201350]
	Ordinal0 [0x002D63B6+1205174]
	GetHandleVerifier [0x005D10A2+1681842]
	GetHandleVerifier [0x00683B0C+2413596]
	GetHandleVerifier [0x004C1221+568113]
	GetHandleVerifier [0x004BFFA3+563379]
	Ordinal0 [0x003C174E+2168654]
	Ordinal0 [0x003C6538+2188600]
	Ordinal0 [0x003C6680+2188928]
	Ordinal0 [0x003D030C+2229004]
	BaseThreadInitThunk [0x7674343D+18]
	RtlInitializeExceptionChain [0x77E29812+99]
	RtlInitializeExceptionChain [0x77E297E5+54]

	at org.openqa.selenium.remote.W3CHandshakeResponse.lambda$errorHandler$0(W3CHandshakeResponse.java:62)
	at org.openqa.selenium.remote.HandshakeResponse.lambda$getResponseFunction$0(HandshakeResponse.java:30)
	at org.openqa.selenium.remote.ProtocolHandshake.lambda$createSession$0(ProtocolHandshake.java:126)
	at java.base/java.util.stream.ReferencePipeline$3$1.accept(ReferencePipeline.java:195)
	at java.base/java.util.Spliterators$ArraySpliterator.tryAdvance(Spliterators.java:958)
	at java.base/java.util.stream.ReferencePipeline.forEachWithCancel(ReferencePipeline.java:127)
	at java.base/java.util.stream.AbstractPipeline.copyIntoWithCancel(AbstractPipeline.java:502)
	at java.base/java.util.stream.AbstractPipeline.copyInto(AbstractPipeline.java:488)
	at java.base/java.util.stream.AbstractPipeline.wrapAndCopyInto(AbstractPipeline.java:474)
	at java.base/java.util.stream.FindOps$FindOp.evaluateSequential(FindOps.java:150)
	at java.base/java.util.stream.AbstractPipeline.evaluate(AbstractPipeline.java:234)
	at java.base/java.util.stream.ReferencePipeline.findFirst(ReferencePipeline.java:543)
	at org.openqa.selenium.remote.ProtocolHandshake.createSession(ProtocolHandshake.java:128)
	at org.openqa.selenium.remote.ProtocolHandshake.createSession(ProtocolHandshake.java:74)
	at org.openqa.selenium.remote.HttpCommandExecutor.execute(HttpCommandExecutor.java:136)
	at org.openqa.selenium.remote.service.DriverCommandExecutor.execute(DriverCommandExecutor.java:83)
	at org.openqa.selenium.remote.RemoteWebDriver.execute(RemoteWebDriver.java:552)
	at org.openqa.selenium.remote.RemoteWebDriver.startSession(RemoteWebDriver.java:213)
	at org.openqa.selenium.remote.RemoteWebDriver.&lt;init&gt;(RemoteWebDriver.java:131)
	at org.openqa.selenium.chrome.ChromeDriver.&lt;init&gt;(ChromeDriver.java:181)
	at org.openqa.selenium.chrome.ChromeDriver.&lt;init&gt;(ChromeDriver.java:147)
	at com.jsp.basepackagesimple.BaseClassNoReport.setUp(BaseClassNoReport.java:83)
	at java.base/java.util.concurrent.ThreadPoolExecutor.runWorker(ThreadPoolExecutor.java:1130)
	at java.base/java.util.concurrent.ThreadPoolExecutor$Worker.run(ThreadPoolExecutor.java:630)
	at java.base/java.lang.Thread.run(Thread.java:832)
... Removed 18 stack frames</div></td></tr></table><p class="totop"><a href="#summary">back to summary</a></p>
<h3 id="m1">com.jsp.tests.TestNGDataProviders#setup</h3><table class="result"><tr><th>Exception</th></tr><tr><td><div class="stacktrace">org.openqa.selenium.SessionNotCreatedException: session not created: This version of ChromeDriver only supports Chrome version 98
Current browser version is 102.0.5005.115 with binary path C:\Program Files (x86)\Google\Chrome\Application\chrome.exe
Build info: version: &apos;3.141.59&apos;, revision: &apos;e82be7d358&apos;, time: &apos;2018-11-14T08:17:03&apos;
System info: host: &apos;SHRADDHA-PC&apos;, ip: &apos;192.168.29.116&apos;, os.name: &apos;Windows 7&apos;, os.arch: &apos;amd64&apos;, os.version: &apos;6.1&apos;, java.version: &apos;15.0.1&apos;
Driver info: driver.version: ChromeDriver
remote stacktrace: Backtrace:
	Ordinal0 [0x0042A0A3+2597027]
	Ordinal0 [0x003BBA61+2144865]
	Ordinal0 [0x002B3C58+1064024]
	Ordinal0 [0x002D3708+1193736]
	Ordinal0 [0x002CF585+1176965]
	Ordinal0 [0x002CCD41+1166657]
	Ordinal0 [0x002FD23F+1364543]
	Ordinal0 [0x002FCE6A+1363562]
	Ordinal0 [0x002F85C6+1344966]
	Ordinal0 [0x002D54C6+1201350]
	Ordinal0 [0x002D63B6+1205174]
	GetHandleVerifier [0x005D10A2+1681842]
	GetHandleVerifier [0x00683B0C+2413596]
	GetHandleVerifier [0x004C1221+568113]
	GetHandleVerifier [0x004BFFA3+563379]
	Ordinal0 [0x003C174E+2168654]
	Ordinal0 [0x003C6538+2188600]
	Ordinal0 [0x003C6680+2188928]
	Ordinal0 [0x003D030C+2229004]
	BaseThreadInitThunk [0x7674343D+18]
	RtlInitializeExceptionChain [0x77E29812+99]
	RtlInitializeExceptionChain [0x77E297E5+54]

	at org.openqa.selenium.remote.W3CHandshakeResponse.lambda$errorHandler$0(W3CHandshakeResponse.java:62)
	at org.openqa.selenium.remote.HandshakeResponse.lambda$getResponseFunction$0(HandshakeResponse.java:30)
	at org.openqa.selenium.remote.ProtocolHandshake.lambda$createSession$0(ProtocolHandshake.java:126)
	at java.base/java.util.stream.ReferencePipeline$3$1.accept(ReferencePipeline.java:195)
	at java.base/java.util.Spliterators$ArraySpliterator.tryAdvance(Spliterators.java:958)
	at java.base/java.util.stream.ReferencePipeline.forEachWithCancel(ReferencePipeline.java:127)
	at java.base/java.util.stream.AbstractPipeline.copyIntoWithCancel(AbstractPipeline.java:502)
	at java.base/java.util.stream.AbstractPipeline.copyInto(AbstractPipeline.java:488)
	at java.base/java.util.stream.AbstractPipeline.wrapAndCopyInto(AbstractPipeline.java:474)
	at java.base/java.util.stream.FindOps$FindOp.evaluateSequential(FindOps.java:150)
	at java.base/java.util.stream.AbstractPipeline.evaluate(AbstractPipeline.java:234)
	at java.base/java.util.stream.ReferencePipeline.findFirst(ReferencePipeline.java:543)
	at org.openqa.selenium.remote.ProtocolHandshake.createSession(ProtocolHandshake.java:128)
	at org.openqa.selenium.remote.ProtocolHandshake.createSession(ProtocolHandshake.java:74)
	at org.openqa.selenium.remote.HttpCommandExecutor.execute(HttpCommandExecutor.java:136)
	at org.openqa.selenium.remote.service.DriverCommandExecutor.execute(DriverCommandExecutor.java:83)
	at org.openqa.selenium.remote.RemoteWebDriver.execute(RemoteWebDriver.java:552)
	at org.openqa.selenium.remote.RemoteWebDriver.startSession(RemoteWebDriver.java:213)
	at org.openqa.selenium.remote.RemoteWebDriver.&lt;init&gt;(RemoteWebDriver.java:131)
	at org.openqa.selenium.chrome.ChromeDriver.&lt;init&gt;(ChromeDriver.java:181)
	at org.openqa.selenium.chrome.ChromeDriver.&lt;init&gt;(ChromeDriver.java:168)
	at org.openqa.selenium.chrome.ChromeDriver.&lt;init&gt;(ChromeDriver.java:123)
	at com.jsp.tests.TestNGDataProviders.setup(TestNGDataProviders.java:22)
	at java.base/java.util.concurrent.ThreadPoolExecutor.runWorker(ThreadPoolExecutor.java:1130)
	at java.base/java.util.concurrent.ThreadPoolExecutor$Worker.run(ThreadPoolExecutor.java:630)
	at java.base/java.lang.Thread.run(Thread.java:832)
... Removed 18 stack frames</div></td></tr></table><p class="totop"><a href="#summary">back to summary</a></p>
<h3 id="m2">com.jsp.tests.Action#testAction6</h3><table class="result"><tr><th>Exception</th></tr><tr><td><div class="stacktrace">org.openqa.selenium.interactions.MoveTargetOutOfBoundsException: move target out of bounds
  (Session info: chrome=102.0.5005.115)
Build info: version: &apos;3.141.59&apos;, revision: &apos;e82be7d358&apos;, time: &apos;2018-11-14T08:17:03&apos;
System info: host: &apos;SHRADDHA-PC&apos;, ip: &apos;192.168.29.116&apos;, os.name: &apos;Windows 7&apos;, os.arch: &apos;amd64&apos;, os.version: &apos;6.1&apos;, java.version: &apos;15.0.1&apos;
Driver info: org.openqa.selenium.chrome.ChromeDriver
Capabilities {acceptInsecureCerts: false, browserName: chrome, browserVersion: 102.0.5005.115, chrome: {chromedriverVersion: 102.0.5005.61 (0e59bcc00cc4..., userDataDir: C:\Users\SHRADD~1\AppData\L...}, goog:chromeOptions: {debuggerAddress: localhost:50971}, javascriptEnabled: true, networkConnectionEnabled: false, pageLoadStrategy: normal, platform: WINDOWS, platformName: WINDOWS, proxy: Proxy(), setWindowRect: true, strictFileInteractability: false, timeouts: {implicit: 0, pageLoad: 300000, script: 30000}, unhandledPromptBehavior: dismiss and notify, webauthn:extension:credBlob: true, webauthn:extension:largeBlob: true, webauthn:virtualAuthenticators: true}
Session ID: 549c72acc67b06efa1a3b72a6e36fcef
	at org.openqa.selenium.remote.http.W3CHttpResponseCodec.createException(W3CHttpResponseCodec.java:187)
	at org.openqa.selenium.remote.http.W3CHttpResponseCodec.decode(W3CHttpResponseCodec.java:122)
	at org.openqa.selenium.remote.http.W3CHttpResponseCodec.decode(W3CHttpResponseCodec.java:49)
	at org.openqa.selenium.remote.HttpCommandExecutor.execute(HttpCommandExecutor.java:158)
	at org.openqa.selenium.remote.service.DriverCommandExecutor.execute(DriverCommandExecutor.java:83)
	at org.openqa.selenium.remote.RemoteWebDriver.execute(RemoteWebDriver.java:552)
	at org.openqa.selenium.remote.RemoteWebDriver.perform(RemoteWebDriver.java:618)
	at org.openqa.selenium.interactions.Actions$BuiltAction.perform(Actions.java:639)
	at com.jsp.tests.Action.testAction6(Action.java:198)
	at java.base/java.util.concurrent.ThreadPoolExecutor.runWorker(ThreadPoolExecutor.java:1130)
	at java.base/java.util.concurrent.ThreadPoolExecutor$Worker.run(ThreadPoolExecutor.java:630)
	at java.base/java.lang.Thread.run(Thread.java:832)
... Removed 15 stack frames</div></td></tr></table><p class="totop"><a href="#summary">back to summary</a></p>
<h3 id="m3">com.jsp.tests.ActionsMultiSelect#verifymultiSelectActions</h3><table class="result"><tr><th>Exception</th></tr><tr><td><div class="stacktrace">java.lang.IndexOutOfBoundsException: Index 0 out of bounds for length 0
	at java.base/jdk.internal.util.Preconditions.outOfBounds(Preconditions.java:64)
	at java.base/jdk.internal.util.Preconditions.outOfBoundsCheckIndex(Preconditions.java:70)
	at java.base/jdk.internal.util.Preconditions.checkIndex(Preconditions.java:248)
	at java.base/java.util.Objects.checkIndex(Objects.java:359)
	at java.base/java.util.ArrayList.get(ArrayList.java:427)
	at com.jsp.tests.ActionsMultiSelect.verifymultiSelectActions(ActionsMultiSelect.java:33)
	at java.base/java.util.concurrent.ThreadPoolExecutor.runWorker(ThreadPoolExecutor.java:1130)
	at java.base/java.util.concurrent.ThreadPoolExecutor$Worker.run(ThreadPoolExecutor.java:630)
	at java.base/java.lang.Thread.run(Thread.java:832)
... Removed 10 stack frames</div></td></tr></table><p class="totop"><a href="#summary">back to summary</a></p>
<h3 id="m4">com.jsp.tests.BrokenLinksTest2#verifyBrokenLinks</h3><table class="result"><tr><th>Exception</th></tr><tr><td><div class="stacktrace">java.lang.ClassCastException: class sun.net.www.protocol.mailto.MailToURLConnection cannot be cast to class java.net.HttpURLConnection (sun.net.www.protocol.mailto.MailToURLConnection and java.net.HttpURLConnection are in module java.base of loader &apos;bootstrap&apos;)
	at com.jsp.tests.BrokenLinksTest2.verifyUrl(BrokenLinksTest2.java:47)
	at com.jsp.tests.BrokenLinksTest2.verifyBrokenLinks(BrokenLinksTest2.java:38)
	at java.base/java.util.concurrent.ThreadPoolExecutor.runWorker(ThreadPoolExecutor.java:1130)
	at java.base/java.util.concurrent.ThreadPoolExecutor$Worker.run(ThreadPoolExecutor.java:630)
	at java.base/java.lang.Thread.run(Thread.java:832)
... Removed 10 stack frames</div></td></tr></table><p class="totop"><a href="#summary">back to summary</a></p>
<h3 id="m5">com.jsp.tests.DoubleAndRightClick#verifyDoubleAndRightClick</h3><table class="result"><tr><th>Exception</th></tr><tr><td><div class="stacktrace">org.openqa.selenium.NoAlertPresentException: no such alert
  (Session info: chrome=102.0.5005.115)
Build info: version: &apos;3.141.59&apos;, revision: &apos;e82be7d358&apos;, time: &apos;2018-11-14T08:17:03&apos;
System info: host: &apos;SHRADDHA-PC&apos;, ip: &apos;192.168.29.116&apos;, os.name: &apos;Windows 7&apos;, os.arch: &apos;amd64&apos;, os.version: &apos;6.1&apos;, java.version: &apos;15.0.1&apos;
Driver info: org.openqa.selenium.chrome.ChromeDriver
Capabilities {acceptInsecureCerts: false, browserName: chrome, browserVersion: 102.0.5005.115, chrome: {chromedriverVersion: 102.0.5005.61 (0e59bcc00cc4..., userDataDir: C:\Users\SHRADD~1\AppData\L...}, goog:chromeOptions: {debuggerAddress: localhost:51808}, javascriptEnabled: true, networkConnectionEnabled: false, pageLoadStrategy: normal, platform: WINDOWS, platformName: WINDOWS, proxy: Proxy(), setWindowRect: true, strictFileInteractability: false, timeouts: {implicit: 0, pageLoad: 300000, script: 30000}, unhandledPromptBehavior: dismiss and notify, webauthn:extension:credBlob: true, webauthn:extension:largeBlob: true, webauthn:virtualAuthenticators: true}
Session ID: 7f93554513e7419c26aab351ce9a93f1
	at org.openqa.selenium.remote.http.W3CHttpResponseCodec.createException(W3CHttpResponseCodec.java:187)
	at org.openqa.selenium.remote.http.W3CHttpResponseCodec.decode(W3CHttpResponseCodec.java:122)
	at org.openqa.selenium.remote.http.W3CHttpResponseCodec.decode(W3CHttpResponseCodec.java:49)
	at org.openqa.selenium.remote.HttpCommandExecutor.execute(HttpCommandExecutor.java:158)
	at org.openqa.selenium.remote.service.DriverCommandExecutor.execute(DriverCommandExecutor.java:83)
	at org.openqa.selenium.remote.RemoteWebDriver.execute(RemoteWebDriver.java:552)
	at org.openqa.selenium.remote.RemoteWebDriver.execute(RemoteWebDriver.java:609)
	at org.openqa.selenium.remote.RemoteWebDriver$RemoteTargetLocator.alert(RemoteWebDriver.java:932)
	at com.jsp.tests.DoubleAndRightClick.verifyDoubleAndRightClick(DoubleAndRightClick.java:36)
	at java.base/java.util.concurrent.ThreadPoolExecutor.runWorker(ThreadPoolExecutor.java:1130)
	at java.base/java.util.concurrent.ThreadPoolExecutor$Worker.run(ThreadPoolExecutor.java:630)
	at java.base/java.lang.Thread.run(Thread.java:832)
... Removed 15 stack frames</div></td></tr></table><p class="totop"><a href="#summary">back to summary</a></p>
<h3 id="m6">com.jsp.tests.DownloadFileChrome#chromeHeadlessBrowsing</h3><table class="result"><tr><th>Exception</th></tr><tr><td><div class="stacktrace">org.openqa.selenium.SessionNotCreatedException: session not created: This version of ChromeDriver only supports Chrome version 98
Current browser version is 102.0.5005.115 with binary path C:\Program Files (x86)\Google\Chrome\Application\chrome.exe
Build info: version: &apos;3.141.59&apos;, revision: &apos;e82be7d358&apos;, time: &apos;2018-11-14T08:17:03&apos;
System info: host: &apos;SHRADDHA-PC&apos;, ip: &apos;192.168.29.116&apos;, os.name: &apos;Windows 7&apos;, os.arch: &apos;amd64&apos;, os.version: &apos;6.1&apos;, java.version: &apos;15.0.1&apos;
Driver info: driver.version: ChromeDriver
remote stacktrace: Backtrace:
	Ordinal0 [0x0042A0A3+2597027]
	Ordinal0 [0x003BBA61+2144865]
	Ordinal0 [0x002B3C58+1064024]
	Ordinal0 [0x002D3708+1193736]
	Ordinal0 [0x002CF585+1176965]
	Ordinal0 [0x002CCD41+1166657]
	Ordinal0 [0x002FD23F+1364543]
	Ordinal0 [0x002FCE6A+1363562]
	Ordinal0 [0x002F85C6+1344966]
	Ordinal0 [0x002D54C6+1201350]
	Ordinal0 [0x002D63B6+1205174]
	GetHandleVerifier [0x005D10A2+1681842]
	GetHandleVerifier [0x00683B0C+2413596]
	GetHandleVerifier [0x004C1221+568113]
	GetHandleVerifier [0x004BFFA3+563379]
	Ordinal0 [0x003C174E+2168654]
	Ordinal0 [0x003C6538+2188600]
	Ordinal0 [0x003C6680+2188928]
	Ordinal0 [0x003D030C+2229004]
	BaseThreadInitThunk [0x7674343D+18]
	RtlInitializeExceptionChain [0x77E29812+99]
	RtlInitializeExceptionChain [0x77E297E5+54]

	at org.openqa.selenium.remote.W3CHandshakeResponse.lambda$errorHandler$0(W3CHandshakeResponse.java:62)
	at org.openqa.selenium.remote.HandshakeResponse.lambda$getResponseFunction$0(HandshakeResponse.java:30)
	at org.openqa.selenium.remote.ProtocolHandshake.lambda$createSession$0(ProtocolHandshake.java:126)
	at java.base/java.util.stream.ReferencePipeline$3$1.accept(ReferencePipeline.java:195)
	at java.base/java.util.Spliterators$ArraySpliterator.tryAdvance(Spliterators.java:958)
	at java.base/java.util.stream.ReferencePipeline.forEachWithCancel(ReferencePipeline.java:127)
	at java.base/java.util.stream.AbstractPipeline.copyIntoWithCancel(AbstractPipeline.java:502)
	at java.base/java.util.stream.AbstractPipeline.copyInto(AbstractPipeline.java:488)
	at java.base/java.util.stream.AbstractPipeline.wrapAndCopyInto(AbstractPipeline.java:474)
	at java.base/java.util.stream.FindOps$FindOp.evaluateSequential(FindOps.java:150)
	at java.base/java.util.stream.AbstractPipeline.evaluate(AbstractPipeline.java:234)
	at java.base/java.util.stream.ReferencePipeline.findFirst(ReferencePipeline.java:543)
	at org.openqa.selenium.remote.ProtocolHandshake.createSession(ProtocolHandshake.java:128)
	at org.openqa.selenium.remote.ProtocolHandshake.createSession(ProtocolHandshake.java:74)
	at org.openqa.selenium.remote.HttpCommandExecutor.execute(HttpCommandExecutor.java:136)
	at org.openqa.selenium.remote.service.DriverCommandExecutor.execute(DriverCommandExecutor.java:83)
	at org.openqa.selenium.remote.RemoteWebDriver.execute(RemoteWebDriver.java:552)
	at org.openqa.selenium.remote.RemoteWebDriver.startSession(RemoteWebDriver.java:213)
	at org.openqa.selenium.remote.RemoteWebDriver.&lt;init&gt;(RemoteWebDriver.java:131)
	at org.openqa.selenium.chrome.ChromeDriver.&lt;init&gt;(ChromeDriver.java:181)
	at org.openqa.selenium.chrome.ChromeDriver.&lt;init&gt;(ChromeDriver.java:168)
	at org.openqa.selenium.chrome.ChromeDriver.&lt;init&gt;(ChromeDriver.java:157)
	at com.jsp.tests.DownloadFileChrome.chromeHeadlessBrowsing(DownloadFileChrome.java:31)
	at java.base/java.util.concurrent.ThreadPoolExecutor.runWorker(ThreadPoolExecutor.java:1130)
	at java.base/java.util.concurrent.ThreadPoolExecutor$Worker.run(ThreadPoolExecutor.java:630)
	at java.base/java.lang.Thread.run(Thread.java:832)
... Removed 15 stack frames</div></td></tr></table><p class="totop"><a href="#summary">back to summary</a></p>
<h3 id="m7">com.jsp.tests.DragAndDropDemo#verifyDragAndDropDemo</h3><table class="result"><tr><th>Exception</th></tr><tr><td><div class="stacktrace">org.openqa.selenium.NoSuchElementException: no such element: Unable to locate element: {&quot;method&quot;:&quot;xpath&quot;,&quot;selector&quot;:&quot;//div/p[(text()=&apos;Dropped!&apos;)]&quot;}
  (Session info: chrome=102.0.5005.115)
For documentation on this error, please visit: https://www.seleniumhq.org/exceptions/no_such_element.html
Build info: version: &apos;3.141.59&apos;, revision: &apos;e82be7d358&apos;, time: &apos;2018-11-14T08:17:03&apos;
System info: host: &apos;SHRADDHA-PC&apos;, ip: &apos;192.168.29.116&apos;, os.name: &apos;Windows 7&apos;, os.arch: &apos;amd64&apos;, os.version: &apos;6.1&apos;, java.version: &apos;15.0.1&apos;
Driver info: org.openqa.selenium.chrome.ChromeDriver
Capabilities {acceptInsecureCerts: false, browserName: chrome, browserVersion: 102.0.5005.115, chrome: {chromedriverVersion: 102.0.5005.61 (0e59bcc00cc4..., userDataDir: C:\Users\SHRADD~1\AppData\L...}, goog:chromeOptions: {debuggerAddress: localhost:52071}, javascriptEnabled: true, networkConnectionEnabled: false, pageLoadStrategy: normal, platform: WINDOWS, platformName: WINDOWS, proxy: Proxy(), setWindowRect: true, strictFileInteractability: false, timeouts: {implicit: 0, pageLoad: 300000, script: 30000}, unhandledPromptBehavior: dismiss and notify, webauthn:extension:credBlob: true, webauthn:extension:largeBlob: true, webauthn:virtualAuthenticators: true}
Session ID: 8e959ba14c996e3fb571ef8888ebdb6e
*** Element info: {Using=xpath, value=//div/p[(text()=&apos;Dropped!&apos;)]}
	at org.openqa.selenium.remote.http.W3CHttpResponseCodec.createException(W3CHttpResponseCodec.java:187)
	at org.openqa.selenium.remote.http.W3CHttpResponseCodec.decode(W3CHttpResponseCodec.java:122)
	at org.openqa.selenium.remote.http.W3CHttpResponseCodec.decode(W3CHttpResponseCodec.java:49)
	at org.openqa.selenium.remote.HttpCommandExecutor.execute(HttpCommandExecutor.java:158)
	at org.openqa.selenium.remote.service.DriverCommandExecutor.execute(DriverCommandExecutor.java:83)
	at org.openqa.selenium.remote.RemoteWebDriver.execute(RemoteWebDriver.java:552)
	at org.openqa.selenium.remote.RemoteWebDriver.findElement(RemoteWebDriver.java:323)
	at org.openqa.selenium.remote.RemoteWebDriver.findElementByXPath(RemoteWebDriver.java:428)
	at org.openqa.selenium.By$ByXPath.findElement(By.java:353)
	at org.openqa.selenium.remote.RemoteWebDriver.findElement(RemoteWebDriver.java:315)
	at com.jsp.tests.DragAndDropDemo.verifyDragAndDropDemo(DragAndDropDemo.java:35)
	at java.base/java.util.concurrent.ThreadPoolExecutor.runWorker(ThreadPoolExecutor.java:1130)
	at java.base/java.util.concurrent.ThreadPoolExecutor$Worker.run(ThreadPoolExecutor.java:630)
	at java.base/java.lang.Thread.run(Thread.java:832)
... Removed 15 stack frames</div></td></tr></table><p class="totop"><a href="#summary">back to summary</a></p>
<h3 id="m8">com.jsp.tests.DropDownListSortedOrNot#dropDownListSortedOrNot</h3><table class="result"><tr><th>Exception</th></tr><tr><td><div class="stacktrace">java.lang.AssertionError: expected [true] but found [false]
	at com.jsp.tests.DropDownListSortedOrNot.dropDownListSortedOrNot(DropDownListSortedOrNot.java:43)
	at java.base/java.util.concurrent.ThreadPoolExecutor.runWorker(ThreadPoolExecutor.java:1130)
	at java.base/java.util.concurrent.ThreadPoolExecutor$Worker.run(ThreadPoolExecutor.java:630)
	at java.base/java.lang.Thread.run(Thread.java:832)
... Removed 16 stack frames</div></td></tr></table><p class="totop"><a href="#summary">back to summary</a></p>
<h3 id="m9">com.jsp.tests.ExcelPOIDataProvider#excelFileReadDP</h3><table class="result"><tr><th>Exception</th></tr><tr><td><div class="stacktrace">org.testng.internal.reflect.MethodMatcherException: 
Data provider mismatch
Method: excelFileReadDP([Parameter{index=0, type=java.lang.String, declaredAnnotations=[]}, Parameter{index=1, type=java.lang.String, declaredAnnotations=[]}])
Arguments: [(java.lang.String) shraddha,(java.lang.String) 123456,(java.lang.String) shraddha,(java.lang.String) thakur]
	at java.base/java.util.concurrent.ThreadPoolExecutor.runWorker(ThreadPoolExecutor.java:1130)
	at java.base/java.util.concurrent.ThreadPoolExecutor$Worker.run(ThreadPoolExecutor.java:630)
	at java.base/java.lang.Thread.run(Thread.java:832)
... Removed 5 stack frames</div></td></tr></table><p class="totop"><a href="#summary">back to summary</a></p>
<h3 id="m10">com.jsp.tests.HeadlessBrowsingChrome#chromeHeadlessBrowsing2</h3><table class="result"><tr><th>Exception</th></tr><tr><td><div class="stacktrace">org.openqa.selenium.SessionNotCreatedException: session not created: This version of ChromeDriver only supports Chrome version 98
Current browser version is 102.0.5005.115 with binary path C:\Program Files (x86)\Google\Chrome\Application\chrome.exe
Build info: version: &apos;3.141.59&apos;, revision: &apos;e82be7d358&apos;, time: &apos;2018-11-14T08:17:03&apos;
System info: host: &apos;SHRADDHA-PC&apos;, ip: &apos;192.168.29.116&apos;, os.name: &apos;Windows 7&apos;, os.arch: &apos;amd64&apos;, os.version: &apos;6.1&apos;, java.version: &apos;15.0.1&apos;
Driver info: driver.version: ChromeDriver
remote stacktrace: Backtrace:
	Ordinal0 [0x0042A0A3+2597027]
	Ordinal0 [0x003BBA61+2144865]
	Ordinal0 [0x002B3C58+1064024]
	Ordinal0 [0x002D3708+1193736]
	Ordinal0 [0x002CF585+1176965]
	Ordinal0 [0x002CCD41+1166657]
	Ordinal0 [0x002FD23F+1364543]
	Ordinal0 [0x002FCE6A+1363562]
	Ordinal0 [0x002F85C6+1344966]
	Ordinal0 [0x002D54C6+1201350]
	Ordinal0 [0x002D63B6+1205174]
	GetHandleVerifier [0x005D10A2+1681842]
	GetHandleVerifier [0x00683B0C+2413596]
	GetHandleVerifier [0x004C1221+568113]
	GetHandleVerifier [0x004BFFA3+563379]
	Ordinal0 [0x003C174E+2168654]
	Ordinal0 [0x003C6538+2188600]
	Ordinal0 [0x003C6680+2188928]
	Ordinal0 [0x003D030C+2229004]
	BaseThreadInitThunk [0x7674343D+18]
	RtlInitializeExceptionChain [0x77E29812+99]
	RtlInitializeExceptionChain [0x77E297E5+54]

	at org.openqa.selenium.remote.W3CHandshakeResponse.lambda$errorHandler$0(W3CHandshakeResponse.java:62)
	at org.openqa.selenium.remote.HandshakeResponse.lambda$getResponseFunction$0(HandshakeResponse.java:30)
	at org.openqa.selenium.remote.ProtocolHandshake.lambda$createSession$0(ProtocolHandshake.java:126)
	at java.base/java.util.stream.ReferencePipeline$3$1.accept(ReferencePipeline.java:195)
	at java.base/java.util.Spliterators$ArraySpliterator.tryAdvance(Spliterators.java:958)
	at java.base/java.util.stream.ReferencePipeline.forEachWithCancel(ReferencePipeline.java:127)
	at java.base/java.util.stream.AbstractPipeline.copyIntoWithCancel(AbstractPipeline.java:502)
	at java.base/java.util.stream.AbstractPipeline.copyInto(AbstractPipeline.java:488)
	at java.base/java.util.stream.AbstractPipeline.wrapAndCopyInto(AbstractPipeline.java:474)
	at java.base/java.util.stream.FindOps$FindOp.evaluateSequential(FindOps.java:150)
	at java.base/java.util.stream.AbstractPipeline.evaluate(AbstractPipeline.java:234)
	at java.base/java.util.stream.ReferencePipeline.findFirst(ReferencePipeline.java:543)
	at org.openqa.selenium.remote.ProtocolHandshake.createSession(ProtocolHandshake.java:128)
	at org.openqa.selenium.remote.ProtocolHandshake.createSession(ProtocolHandshake.java:74)
	at org.openqa.selenium.remote.HttpCommandExecutor.execute(HttpCommandExecutor.java:136)
	at org.openqa.selenium.remote.service.DriverCommandExecutor.execute(DriverCommandExecutor.java:83)
	at org.openqa.selenium.remote.RemoteWebDriver.execute(RemoteWebDriver.java:552)
	at org.openqa.selenium.remote.RemoteWebDriver.startSession(RemoteWebDriver.java:213)
	at org.openqa.selenium.remote.RemoteWebDriver.&lt;init&gt;(RemoteWebDriver.java:131)
	at org.openqa.selenium.chrome.ChromeDriver.&lt;init&gt;(ChromeDriver.java:181)
	at org.openqa.selenium.chrome.ChromeDriver.&lt;init&gt;(ChromeDriver.java:168)
	at org.openqa.selenium.chrome.ChromeDriver.&lt;init&gt;(ChromeDriver.java:157)
	at com.jsp.tests.HeadlessBrowsingChrome.chromeHeadlessBrowsing2(HeadlessBrowsingChrome.java:44)
	at java.base/java.util.concurrent.ThreadPoolExecutor.runWorker(ThreadPoolExecutor.java:1130)
	at java.base/java.util.concurrent.ThreadPoolExecutor$Worker.run(ThreadPoolExecutor.java:630)
	at java.base/java.lang.Thread.run(Thread.java:832)
... Removed 15 stack frames</div></td></tr></table><p class="totop"><a href="#summary">back to summary</a></p>
<h3 id="m11">com.jsp.tests.HeadlessBrowsingFirefox#firefoxHeadlessBrowsing</h3><table class="result"><tr><th>Exception</th></tr><tr><td><div class="stacktrace">org.openqa.selenium.WebDriverException: Cannot find firefox binary in PATH. Make sure firefox is installed. OS appears to be: VISTA
Build info: version: &apos;3.141.59&apos;, revision: &apos;e82be7d358&apos;, time: &apos;2018-11-14T08:17:03&apos;
System info: host: &apos;SHRADDHA-PC&apos;, ip: &apos;192.168.29.116&apos;, os.name: &apos;Windows 7&apos;, os.arch: &apos;amd64&apos;, os.version: &apos;6.1&apos;, java.version: &apos;15.0.1&apos;
Driver info: driver.version: FirefoxDriver
	at org.openqa.selenium.firefox.FirefoxBinary.&lt;init&gt;(FirefoxBinary.java:100)
	at java.base/java.util.Optional.orElseGet(Optional.java:362)
	at org.openqa.selenium.firefox.FirefoxOptions.getBinary(FirefoxOptions.java:216)
	at org.openqa.selenium.firefox.FirefoxDriver.toExecutor(FirefoxDriver.java:187)
	at org.openqa.selenium.firefox.FirefoxDriver.&lt;init&gt;(FirefoxDriver.java:147)
	at com.jsp.tests.HeadlessBrowsingFirefox.firefoxHeadlessBrowsing(HeadlessBrowsingFirefox.java:20)
	at java.base/java.util.concurrent.ThreadPoolExecutor.runWorker(ThreadPoolExecutor.java:1130)
	at java.base/java.util.concurrent.ThreadPoolExecutor$Worker.run(ThreadPoolExecutor.java:630)
	at java.base/java.lang.Thread.run(Thread.java:832)
... Removed 10 stack frames</div></td></tr></table><p class="totop"><a href="#summary">back to summary</a></p>
<h3 id="m12">com.jsp.tests.IframeDemo#verifyIframeDemo</h3><table class="result"><tr><th>Exception</th></tr><tr><td><div class="stacktrace">org.openqa.selenium.StaleElementReferenceException: stale element reference: element is not attached to the page document
  (Session info: chrome=102.0.5005.115)
For documentation on this error, please visit: https://www.seleniumhq.org/exceptions/stale_element_reference.html
Build info: version: &apos;3.141.59&apos;, revision: &apos;e82be7d358&apos;, time: &apos;2018-11-14T08:17:03&apos;
System info: host: &apos;SHRADDHA-PC&apos;, ip: &apos;192.168.29.116&apos;, os.name: &apos;Windows 7&apos;, os.arch: &apos;amd64&apos;, os.version: &apos;6.1&apos;, java.version: &apos;15.0.1&apos;
Driver info: org.openqa.selenium.chrome.ChromeDriver
Capabilities {acceptInsecureCerts: false, browserName: chrome, browserVersion: 102.0.5005.115, chrome: {chromedriverVersion: 102.0.5005.61 (0e59bcc00cc4..., userDataDir: C:\Users\SHRADD~1\AppData\L...}, goog:chromeOptions: {debuggerAddress: localhost:53015}, javascriptEnabled: true, networkConnectionEnabled: false, pageLoadStrategy: normal, platform: WINDOWS, platformName: WINDOWS, proxy: Proxy(), setWindowRect: true, strictFileInteractability: false, timeouts: {implicit: 0, pageLoad: 300000, script: 30000}, unhandledPromptBehavior: dismiss and notify, webauthn:extension:credBlob: true, webauthn:extension:largeBlob: true, webauthn:virtualAuthenticators: true}
Session ID: 269729828e46d289c7ad4ffb9f0a131e
	at org.openqa.selenium.remote.http.W3CHttpResponseCodec.createException(W3CHttpResponseCodec.java:187)
	at org.openqa.selenium.remote.http.W3CHttpResponseCodec.decode(W3CHttpResponseCodec.java:122)
	at org.openqa.selenium.remote.http.W3CHttpResponseCodec.decode(W3CHttpResponseCodec.java:49)
	at org.openqa.selenium.remote.HttpCommandExecutor.execute(HttpCommandExecutor.java:158)
	at org.openqa.selenium.remote.service.DriverCommandExecutor.execute(DriverCommandExecutor.java:83)
	at org.openqa.selenium.remote.RemoteWebDriver.execute(RemoteWebDriver.java:552)
	at org.openqa.selenium.remote.RemoteWebElement.execute(RemoteWebElement.java:285)
	at org.openqa.selenium.remote.RemoteWebElement.getAttribute(RemoteWebElement.java:134)
	at com.jsp.tests.IframeDemo.verifyIframeDemo(IframeDemo.java:37)
	at java.base/java.util.concurrent.ThreadPoolExecutor.runWorker(ThreadPoolExecutor.java:1130)
	at java.base/java.util.concurrent.ThreadPoolExecutor$Worker.run(ThreadPoolExecutor.java:630)
	at java.base/java.lang.Thread.run(Thread.java:832)
... Removed 15 stack frames</div></td></tr></table><p class="totop"><a href="#summary">back to summary</a></p>
<h3 id="m13">com.jsp.tests.MousehoverDemo#verifyMousehoverDemo</h3><table class="result"><tr><th>Exception</th></tr><tr><td><div class="stacktrace">org.openqa.selenium.NoSuchElementException: no such element: Unable to locate element: {&quot;method&quot;:&quot;css selector&quot;,&quot;selector&quot;:&quot;#user_pass&quot;}
  (Session info: chrome=102.0.5005.115)
For documentation on this error, please visit: https://www.seleniumhq.org/exceptions/no_such_element.html
Build info: version: &apos;3.141.59&apos;, revision: &apos;e82be7d358&apos;, time: &apos;2018-11-14T08:17:03&apos;
System info: host: &apos;SHRADDHA-PC&apos;, ip: &apos;192.168.29.116&apos;, os.name: &apos;Windows 7&apos;, os.arch: &apos;amd64&apos;, os.version: &apos;6.1&apos;, java.version: &apos;15.0.1&apos;
Driver info: org.openqa.selenium.chrome.ChromeDriver
Capabilities {acceptInsecureCerts: false, browserName: chrome, browserVersion: 102.0.5005.115, chrome: {chromedriverVersion: 102.0.5005.61 (0e59bcc00cc4..., userDataDir: C:\Users\SHRADD~1\AppData\L...}, goog:chromeOptions: {debuggerAddress: localhost:53211}, javascriptEnabled: true, networkConnectionEnabled: false, pageLoadStrategy: normal, platform: WINDOWS, platformName: WINDOWS, proxy: Proxy(), setWindowRect: true, strictFileInteractability: false, timeouts: {implicit: 0, pageLoad: 300000, script: 30000}, unhandledPromptBehavior: dismiss and notify, webauthn:extension:credBlob: true, webauthn:extension:largeBlob: true, webauthn:virtualAuthenticators: true}
Session ID: e6b70efc4a05d98072d77ca458117a25
*** Element info: {Using=id, value=user_pass}
	at org.openqa.selenium.remote.http.W3CHttpResponseCodec.createException(W3CHttpResponseCodec.java:187)
	at org.openqa.selenium.remote.http.W3CHttpResponseCodec.decode(W3CHttpResponseCodec.java:122)
	at org.openqa.selenium.remote.http.W3CHttpResponseCodec.decode(W3CHttpResponseCodec.java:49)
	at org.openqa.selenium.remote.HttpCommandExecutor.execute(HttpCommandExecutor.java:158)
	at org.openqa.selenium.remote.service.DriverCommandExecutor.execute(DriverCommandExecutor.java:83)
	at org.openqa.selenium.remote.RemoteWebDriver.execute(RemoteWebDriver.java:552)
	at org.openqa.selenium.remote.RemoteWebDriver.findElement(RemoteWebDriver.java:323)
	at org.openqa.selenium.remote.RemoteWebDriver.findElementById(RemoteWebDriver.java:372)
	at org.openqa.selenium.By$ById.findElement(By.java:188)
	at org.openqa.selenium.remote.RemoteWebDriver.findElement(RemoteWebDriver.java:315)
	at com.jsp.tests.MousehoverDemo.verifyMousehoverDemo(MousehoverDemo.java:26)
	at java.base/java.util.concurrent.ThreadPoolExecutor.runWorker(ThreadPoolExecutor.java:1130)
	at java.base/java.util.concurrent.ThreadPoolExecutor$Worker.run(ThreadPoolExecutor.java:630)
	at java.base/java.lang.Thread.run(Thread.java:832)
... Removed 15 stack frames</div></td></tr></table><p class="totop"><a href="#summary">back to summary</a></p>
<h3 id="m14">com.jsp.tests.ScreenShotElementCrop#screenShotElementCrop</h3><table class="result"><tr><th>Exception</th></tr><tr><td><div class="stacktrace">org.openqa.selenium.NoSuchElementException: no such element: Unable to locate element: {&quot;method&quot;:&quot;css selector&quot;,&quot;selector&quot;:&quot;#wp\-submit&quot;}
  (Session info: chrome=102.0.5005.115)
For documentation on this error, please visit: https://www.seleniumhq.org/exceptions/no_such_element.html
Build info: version: &apos;3.141.59&apos;, revision: &apos;e82be7d358&apos;, time: &apos;2018-11-14T08:17:03&apos;
System info: host: &apos;SHRADDHA-PC&apos;, ip: &apos;192.168.29.116&apos;, os.name: &apos;Windows 7&apos;, os.arch: &apos;amd64&apos;, os.version: &apos;6.1&apos;, java.version: &apos;15.0.1&apos;
Driver info: org.openqa.selenium.chrome.ChromeDriver
Capabilities {acceptInsecureCerts: false, browserName: chrome, browserVersion: 102.0.5005.115, chrome: {chromedriverVersion: 102.0.5005.61 (0e59bcc00cc4..., userDataDir: C:\Users\SHRADD~1\AppData\L...}, goog:chromeOptions: {debuggerAddress: localhost:53448}, javascriptEnabled: true, networkConnectionEnabled: false, pageLoadStrategy: normal, platform: WINDOWS, platformName: WINDOWS, proxy: Proxy(), setWindowRect: true, strictFileInteractability: false, timeouts: {implicit: 0, pageLoad: 300000, script: 30000}, unhandledPromptBehavior: dismiss and notify, webauthn:extension:credBlob: true, webauthn:extension:largeBlob: true, webauthn:virtualAuthenticators: true}
Session ID: 7ec259be484b90608e3caad1c4d9e2cf
*** Element info: {Using=id, value=wp-submit}
	at org.openqa.selenium.remote.http.W3CHttpResponseCodec.createException(W3CHttpResponseCodec.java:187)
	at org.openqa.selenium.remote.http.W3CHttpResponseCodec.decode(W3CHttpResponseCodec.java:122)
	at org.openqa.selenium.remote.http.W3CHttpResponseCodec.decode(W3CHttpResponseCodec.java:49)
	at org.openqa.selenium.remote.HttpCommandExecutor.execute(HttpCommandExecutor.java:158)
	at org.openqa.selenium.remote.service.DriverCommandExecutor.execute(DriverCommandExecutor.java:83)
	at org.openqa.selenium.remote.RemoteWebDriver.execute(RemoteWebDriver.java:552)
	at org.openqa.selenium.remote.RemoteWebDriver.findElement(RemoteWebDriver.java:323)
	at org.openqa.selenium.remote.RemoteWebDriver.findElementById(RemoteWebDriver.java:372)
	at org.openqa.selenium.By$ById.findElement(By.java:188)
	at org.openqa.selenium.remote.RemoteWebDriver.findElement(RemoteWebDriver.java:315)
	at com.jsp.tests.ScreenShotElementCrop.screenShotElementCrop(ScreenShotElementCrop.java:31)
	at java.base/java.util.concurrent.ThreadPoolExecutor.runWorker(ThreadPoolExecutor.java:1130)
	at java.base/java.util.concurrent.ThreadPoolExecutor$Worker.run(ThreadPoolExecutor.java:630)
	at java.base/java.lang.Thread.run(Thread.java:832)
... Removed 15 stack frames</div></td></tr></table><p class="totop"><a href="#summary">back to summary</a></p>
<h3 id="m15">com.jsp.tests.TakesScreenshotTest#testCase1</h3><table class="result"><tr><th>Exception</th></tr><tr><td><div class="stacktrace">java.lang.AssertionError: expected [true] but found [false]
	at com.jsp.tests.TakesScreenshotTest.testCase1(TakesScreenshotTest.java:23)
	at java.base/java.util.concurrent.ThreadPoolExecutor.runWorker(ThreadPoolExecutor.java:1130)
	at java.base/java.util.concurrent.ThreadPoolExecutor$Worker.run(ThreadPoolExecutor.java:630)
	at java.base/java.lang.Thread.run(Thread.java:832)
... Removed 14 stack frames</div></td></tr></table><p class="totop"><a href="#summary">back to summary</a></p>
<h3 id="m16">com.jsp.tests.TestNGParameters#loginTest</h3><table class="result"><tr><th>Exception</th></tr><tr><td><div class="stacktrace">org.testng.TestNGException: 
Parameter &apos;username&apos; is required by @Test on method loginTest but has not been marked @Optional or defined
in H:\SELENIUM_WORK\NaveenAutomations\AutomationLearning\JavaSeleniumProgramsForAutomation\testng.xml
	at java.base/java.util.concurrent.ThreadPoolExecutor.runWorker(ThreadPoolExecutor.java:1130)
	at java.base/java.util.concurrent.ThreadPoolExecutor$Worker.run(ThreadPoolExecutor.java:630)
	at java.base/java.lang.Thread.run(Thread.java:832)
... Removed 9 stack frames</div></td></tr></table><p class="totop"><a href="#summary">back to summary</a></p>
<h3 id="m17">com.jsp.tests.Test_DataProvider#doLogin</h3><table class="result"><tr><th>Exception</th></tr><tr><td><div class="stacktrace">org.testng.internal.reflect.MethodMatcherException: 
Data provider mismatch
Method: doLogin([Parameter{index=0, type=java.lang.String, declaredAnnotations=[]}])
Arguments: [(java.lang.String) shraddha,(java.lang.String) 123456,(java.lang.String) shraddha,(java.lang.String) thakur]
	at java.base/java.util.concurrent.ThreadPoolExecutor.runWorker(ThreadPoolExecutor.java:1130)
	at java.base/java.util.concurrent.ThreadPoolExecutor$Worker.run(ThreadPoolExecutor.java:630)
	at java.base/java.lang.Thread.run(Thread.java:832)
... Removed 5 stack frames</div></td></tr></table><p class="totop"><a href="#summary">back to summary</a></p>
<h3 id="m18">com.jsp.tests.ToolTip#ToolTipbyAction</h3><table class="result"><tr><th>Exception</th></tr><tr><td><div class="stacktrace">java.lang.AssertionError: expected [What&apos;s new in 3.2+++++] but found [What&apos;s new in 3.2]
	at com.jsp.tests.ToolTip.ToolTipbyAction(ToolTip.java:40)
	at java.base/java.util.concurrent.ThreadPoolExecutor.runWorker(ThreadPoolExecutor.java:1130)
	at java.base/java.util.concurrent.ThreadPoolExecutor$Worker.run(ThreadPoolExecutor.java:630)
	at java.base/java.lang.Thread.run(Thread.java:832)
... Removed 16 stack frames</div></td></tr></table><p class="totop"><a href="#summary">back to summary</a></p>
<h3 id="m19">com.jsp.tests.ToolTip#ToolTipbyAction</h3><table class="result"><tr><th>Exception</th></tr><tr><td><div class="stacktrace">java.lang.AssertionError: expected [What&apos;s new in 3.2+++++] but found [What&apos;s new in 3.2]
	at com.jsp.tests.ToolTip.ToolTipbyAction(ToolTip.java:40)
	at java.base/java.util.concurrent.ThreadPoolExecutor.runWorker(ThreadPoolExecutor.java:1130)
	at java.base/java.util.concurrent.ThreadPoolExecutor$Worker.run(ThreadPoolExecutor.java:630)
	at java.base/java.lang.Thread.run(Thread.java:832)
... Removed 16 stack frames</div></td></tr></table><p class="totop"><a href="#summary">back to summary</a></p>
<h3 id="m20">com.jsp.tests.ToolTip#ToolTipbyAction</h3><table class="result"><tr><th>Exception</th></tr><tr><td><div class="stacktrace">java.lang.AssertionError: expected [What&apos;s new in 3.2+++++] but found [What&apos;s new in 3.2]
	at com.jsp.tests.ToolTip.ToolTipbyAction(ToolTip.java:40)
	at java.base/java.util.concurrent.ThreadPoolExecutor.runWorker(ThreadPoolExecutor.java:1130)
	at java.base/java.util.concurrent.ThreadPoolExecutor$Worker.run(ThreadPoolExecutor.java:630)
	at java.base/java.lang.Thread.run(Thread.java:832)
... Removed 16 stack frames</div></td></tr></table><p class="totop"><a href="#summary">back to summary</a></p>
<h3 id="m21">com.jsp.tests.PingTestNoReport#tearDown</h3><table class="result"><tr><th class="invisible"/></tr></table><p class="totop"><a href="#summary">back to summary</a></p>
<h3 id="m22">com.jsp.tests.TestNGDataProviders#setup</h3><table class="result"><tr><th class="invisible"/></tr></table><p class="totop"><a href="#summary">back to summary</a></p>
<h3 id="m23">com.jsp.tests.TestNGDataProviders#setup</h3><table class="result"><tr><th class="invisible"/></tr></table><p class="totop"><a href="#summary">back to summary</a></p>
<h3 id="m24">com.jsp.tests.TestNGDataProviders#tearDown</h3><table class="result"><tr><th class="invisible"/></tr></table><p class="totop"><a href="#summary">back to summary</a></p>
<h3 id="m25">com.jsp.tests.TestNGDataProviders#tearDown</h3><table class="result"><tr><th class="invisible"/></tr></table><p class="totop"><a href="#summary">back to summary</a></p>
<h3 id="m26">com.jsp.tests.TestNGDataProviders#tearDown</h3><table class="result"><tr><th class="invisible"/></tr></table><p class="totop"><a href="#summary">back to summary</a></p>
<h3 id="m27">com.jsp.tests.PingTestNoReport#pinggoogle</h3><table class="result"><tr><th>Exception</th></tr><tr><td><div class="stacktrace">org.openqa.selenium.SessionNotCreatedException: session not created: This version of ChromeDriver only supports Chrome version 98
Current browser version is 102.0.5005.115 with binary path C:\Program Files (x86)\Google\Chrome\Application\chrome.exe
Build info: version: &apos;3.141.59&apos;, revision: &apos;e82be7d358&apos;, time: &apos;2018-11-14T08:17:03&apos;
System info: host: &apos;SHRADDHA-PC&apos;, ip: &apos;192.168.29.116&apos;, os.name: &apos;Windows 7&apos;, os.arch: &apos;amd64&apos;, os.version: &apos;6.1&apos;, java.version: &apos;15.0.1&apos;
Driver info: driver.version: ChromeDriver
remote stacktrace: Backtrace:
	Ordinal0 [0x0042A0A3+2597027]
	Ordinal0 [0x003BBA61+2144865]
	Ordinal0 [0x002B3C58+1064024]
	Ordinal0 [0x002D3708+1193736]
	Ordinal0 [0x002CF585+1176965]
	Ordinal0 [0x002CCD41+1166657]
	Ordinal0 [0x002FD23F+1364543]
	Ordinal0 [0x002FCE6A+1363562]
	Ordinal0 [0x002F85C6+1344966]
	Ordinal0 [0x002D54C6+1201350]
	Ordinal0 [0x002D63B6+1205174]
	GetHandleVerifier [0x005D10A2+1681842]
	GetHandleVerifier [0x00683B0C+2413596]
	GetHandleVerifier [0x004C1221+568113]
	GetHandleVerifier [0x004BFFA3+563379]
	Ordinal0 [0x003C174E+2168654]
	Ordinal0 [0x003C6538+2188600]
	Ordinal0 [0x003C6680+2188928]
	Ordinal0 [0x003D030C+2229004]
	BaseThreadInitThunk [0x7674343D+18]
	RtlInitializeExceptionChain [0x77E29812+99]
	RtlInitializeExceptionChain [0x77E297E5+54]

	at org.openqa.selenium.remote.W3CHandshakeResponse.lambda$errorHandler$0(W3CHandshakeResponse.java:62)
	at org.openqa.selenium.remote.HandshakeResponse.lambda$getResponseFunction$0(HandshakeResponse.java:30)
	at org.openqa.selenium.remote.ProtocolHandshake.lambda$createSession$0(ProtocolHandshake.java:126)
	at java.base/java.util.stream.ReferencePipeline$3$1.accept(ReferencePipeline.java:195)
	at java.base/java.util.Spliterators$ArraySpliterator.tryAdvance(Spliterators.java:958)
	at java.base/java.util.stream.ReferencePipeline.forEachWithCancel(ReferencePipeline.java:127)
	at java.base/java.util.stream.AbstractPipeline.copyIntoWithCancel(AbstractPipeline.java:502)
	at java.base/java.util.stream.AbstractPipeline.copyInto(AbstractPipeline.java:488)
	at java.base/java.util.stream.AbstractPipeline.wrapAndCopyInto(AbstractPipeline.java:474)
	at java.base/java.util.stream.FindOps$FindOp.evaluateSequential(FindOps.java:150)
	at java.base/java.util.stream.AbstractPipeline.evaluate(AbstractPipeline.java:234)
	at java.base/java.util.stream.ReferencePipeline.findFirst(ReferencePipeline.java:543)
	at org.openqa.selenium.remote.ProtocolHandshake.createSession(ProtocolHandshake.java:128)
	at org.openqa.selenium.remote.ProtocolHandshake.createSession(ProtocolHandshake.java:74)
	at org.openqa.selenium.remote.HttpCommandExecutor.execute(HttpCommandExecutor.java:136)
	at org.openqa.selenium.remote.service.DriverCommandExecutor.execute(DriverCommandExecutor.java:83)
	at org.openqa.selenium.remote.RemoteWebDriver.execute(RemoteWebDriver.java:552)
	at org.openqa.selenium.remote.RemoteWebDriver.startSession(RemoteWebDriver.java:213)
	at org.openqa.selenium.remote.RemoteWebDriver.&lt;init&gt;(RemoteWebDriver.java:131)
	at org.openqa.selenium.chrome.ChromeDriver.&lt;init&gt;(ChromeDriver.java:181)
	at org.openqa.selenium.chrome.ChromeDriver.&lt;init&gt;(ChromeDriver.java:147)
	at com.jsp.basepackagesimple.BaseClassNoReport.setUp(BaseClassNoReport.java:83)
	at java.base/java.util.concurrent.ThreadPoolExecutor.runWorker(ThreadPoolExecutor.java:1130)
	at java.base/java.util.concurrent.ThreadPoolExecutor$Worker.run(ThreadPoolExecutor.java:630)
	at java.base/java.lang.Thread.run(Thread.java:832)
... Removed 18 stack frames</div></td></tr></table><p class="totop"><a href="#summary">back to summary</a></p>
<h3 id="m28">com.jsp.tests.TestNGDataProviders#loginTest</h3><table class="result"><tr><th>Exception</th></tr><tr><td><div class="stacktrace">org.openqa.selenium.SessionNotCreatedException: session not created: This version of ChromeDriver only supports Chrome version 98
Current browser version is 102.0.5005.115 with binary path C:\Program Files (x86)\Google\Chrome\Application\chrome.exe
Build info: version: &apos;3.141.59&apos;, revision: &apos;e82be7d358&apos;, time: &apos;2018-11-14T08:17:03&apos;
System info: host: &apos;SHRADDHA-PC&apos;, ip: &apos;192.168.29.116&apos;, os.name: &apos;Windows 7&apos;, os.arch: &apos;amd64&apos;, os.version: &apos;6.1&apos;, java.version: &apos;15.0.1&apos;
Driver info: driver.version: ChromeDriver
remote stacktrace: Backtrace:
	Ordinal0 [0x0042A0A3+2597027]
	Ordinal0 [0x003BBA61+2144865]
	Ordinal0 [0x002B3C58+1064024]
	Ordinal0 [0x002D3708+1193736]
	Ordinal0 [0x002CF585+1176965]
	Ordinal0 [0x002CCD41+1166657]
	Ordinal0 [0x002FD23F+1364543]
	Ordinal0 [0x002FCE6A+1363562]
	Ordinal0 [0x002F85C6+1344966]
	Ordinal0 [0x002D54C6+1201350]
	Ordinal0 [0x002D63B6+1205174]
	GetHandleVerifier [0x005D10A2+1681842]
	GetHandleVerifier [0x00683B0C+2413596]
	GetHandleVerifier [0x004C1221+568113]
	GetHandleVerifier [0x004BFFA3+563379]
	Ordinal0 [0x003C174E+2168654]
	Ordinal0 [0x003C6538+2188600]
	Ordinal0 [0x003C6680+2188928]
	Ordinal0 [0x003D030C+2229004]
	BaseThreadInitThunk [0x7674343D+18]
	RtlInitializeExceptionChain [0x77E29812+99]
	RtlInitializeExceptionChain [0x77E297E5+54]

	at org.openqa.selenium.remote.W3CHandshakeResponse.lambda$errorHandler$0(W3CHandshakeResponse.java:62)
	at org.openqa.selenium.remote.HandshakeResponse.lambda$getResponseFunction$0(HandshakeResponse.java:30)
	at org.openqa.selenium.remote.ProtocolHandshake.lambda$createSession$0(ProtocolHandshake.java:126)
	at java.base/java.util.stream.ReferencePipeline$3$1.accept(ReferencePipeline.java:195)
	at java.base/java.util.Spliterators$ArraySpliterator.tryAdvance(Spliterators.java:958)
	at java.base/java.util.stream.ReferencePipeline.forEachWithCancel(ReferencePipeline.java:127)
	at java.base/java.util.stream.AbstractPipeline.copyIntoWithCancel(AbstractPipeline.java:502)
	at java.base/java.util.stream.AbstractPipeline.copyInto(AbstractPipeline.java:488)
	at java.base/java.util.stream.AbstractPipeline.wrapAndCopyInto(AbstractPipeline.java:474)
	at java.base/java.util.stream.FindOps$FindOp.evaluateSequential(FindOps.java:150)
	at java.base/java.util.stream.AbstractPipeline.evaluate(AbstractPipeline.java:234)
	at java.base/java.util.stream.ReferencePipeline.findFirst(ReferencePipeline.java:543)
	at org.openqa.selenium.remote.ProtocolHandshake.createSession(ProtocolHandshake.java:128)
	at org.openqa.selenium.remote.ProtocolHandshake.createSession(ProtocolHandshake.java:74)
	at org.openqa.selenium.remote.HttpCommandExecutor.execute(HttpCommandExecutor.java:136)
	at org.openqa.selenium.remote.service.DriverCommandExecutor.execute(DriverCommandExecutor.java:83)
	at org.openqa.selenium.remote.RemoteWebDriver.execute(RemoteWebDriver.java:552)
	at org.openqa.selenium.remote.RemoteWebDriver.startSession(RemoteWebDriver.java:213)
	at org.openqa.selenium.remote.RemoteWebDriver.&lt;init&gt;(RemoteWebDriver.java:131)
	at org.openqa.selenium.chrome.ChromeDriver.&lt;init&gt;(ChromeDriver.java:181)
	at org.openqa.selenium.chrome.ChromeDriver.&lt;init&gt;(ChromeDriver.java:168)
	at org.openqa.selenium.chrome.ChromeDriver.&lt;init&gt;(ChromeDriver.java:123)
	at com.jsp.tests.TestNGDataProviders.setup(TestNGDataProviders.java:22)
	at java.base/java.util.concurrent.ThreadPoolExecutor.runWorker(ThreadPoolExecutor.java:1130)
	at java.base/java.util.concurrent.ThreadPoolExecutor$Worker.run(ThreadPoolExecutor.java:630)
	at java.base/java.lang.Thread.run(Thread.java:832)
... Removed 18 stack frames</div></td></tr></table><p class="totop"><a href="#summary">back to summary</a></p>
<h3 id="m29">com.jsp.tests.TestNGDataProviders#loginTest</h3><table class="result"><tr><th>Exception</th></tr><tr><td><div class="stacktrace">org.openqa.selenium.SessionNotCreatedException: session not created: This version of ChromeDriver only supports Chrome version 98
Current browser version is 102.0.5005.115 with binary path C:\Program Files (x86)\Google\Chrome\Application\chrome.exe
Build info: version: &apos;3.141.59&apos;, revision: &apos;e82be7d358&apos;, time: &apos;2018-11-14T08:17:03&apos;
System info: host: &apos;SHRADDHA-PC&apos;, ip: &apos;192.168.29.116&apos;, os.name: &apos;Windows 7&apos;, os.arch: &apos;amd64&apos;, os.version: &apos;6.1&apos;, java.version: &apos;15.0.1&apos;
Driver info: driver.version: ChromeDriver
remote stacktrace: Backtrace:
	Ordinal0 [0x0042A0A3+2597027]
	Ordinal0 [0x003BBA61+2144865]
	Ordinal0 [0x002B3C58+1064024]
	Ordinal0 [0x002D3708+1193736]
	Ordinal0 [0x002CF585+1176965]
	Ordinal0 [0x002CCD41+1166657]
	Ordinal0 [0x002FD23F+1364543]
	Ordinal0 [0x002FCE6A+1363562]
	Ordinal0 [0x002F85C6+1344966]
	Ordinal0 [0x002D54C6+1201350]
	Ordinal0 [0x002D63B6+1205174]
	GetHandleVerifier [0x005D10A2+1681842]
	GetHandleVerifier [0x00683B0C+2413596]
	GetHandleVerifier [0x004C1221+568113]
	GetHandleVerifier [0x004BFFA3+563379]
	Ordinal0 [0x003C174E+2168654]
	Ordinal0 [0x003C6538+2188600]
	Ordinal0 [0x003C6680+2188928]
	Ordinal0 [0x003D030C+2229004]
	BaseThreadInitThunk [0x7674343D+18]
	RtlInitializeExceptionChain [0x77E29812+99]
	RtlInitializeExceptionChain [0x77E297E5+54]

	at org.openqa.selenium.remote.W3CHandshakeResponse.lambda$errorHandler$0(W3CHandshakeResponse.java:62)
	at org.openqa.selenium.remote.HandshakeResponse.lambda$getResponseFunction$0(HandshakeResponse.java:30)
	at org.openqa.selenium.remote.ProtocolHandshake.lambda$createSession$0(ProtocolHandshake.java:126)
	at java.base/java.util.stream.ReferencePipeline$3$1.accept(ReferencePipeline.java:195)
	at java.base/java.util.Spliterators$ArraySpliterator.tryAdvance(Spliterators.java:958)
	at java.base/java.util.stream.ReferencePipeline.forEachWithCancel(ReferencePipeline.java:127)
	at java.base/java.util.stream.AbstractPipeline.copyIntoWithCancel(AbstractPipeline.java:502)
	at java.base/java.util.stream.AbstractPipeline.copyInto(AbstractPipeline.java:488)
	at java.base/java.util.stream.AbstractPipeline.wrapAndCopyInto(AbstractPipeline.java:474)
	at java.base/java.util.stream.FindOps$FindOp.evaluateSequential(FindOps.java:150)
	at java.base/java.util.stream.AbstractPipeline.evaluate(AbstractPipeline.java:234)
	at java.base/java.util.stream.ReferencePipeline.findFirst(ReferencePipeline.java:543)
	at org.openqa.selenium.remote.ProtocolHandshake.createSession(ProtocolHandshake.java:128)
	at org.openqa.selenium.remote.ProtocolHandshake.createSession(ProtocolHandshake.java:74)
	at org.openqa.selenium.remote.HttpCommandExecutor.execute(HttpCommandExecutor.java:136)
	at org.openqa.selenium.remote.service.DriverCommandExecutor.execute(DriverCommandExecutor.java:83)
	at org.openqa.selenium.remote.RemoteWebDriver.execute(RemoteWebDriver.java:552)
	at org.openqa.selenium.remote.RemoteWebDriver.startSession(RemoteWebDriver.java:213)
	at org.openqa.selenium.remote.RemoteWebDriver.&lt;init&gt;(RemoteWebDriver.java:131)
	at org.openqa.selenium.chrome.ChromeDriver.&lt;init&gt;(ChromeDriver.java:181)
	at org.openqa.selenium.chrome.ChromeDriver.&lt;init&gt;(ChromeDriver.java:168)
	at org.openqa.selenium.chrome.ChromeDriver.&lt;init&gt;(ChromeDriver.java:123)
	at com.jsp.tests.TestNGDataProviders.setup(TestNGDataProviders.java:22)
	at java.base/java.util.concurrent.ThreadPoolExecutor.runWorker(ThreadPoolExecutor.java:1130)
	at java.base/java.util.concurrent.ThreadPoolExecutor$Worker.run(ThreadPoolExecutor.java:630)
	at java.base/java.lang.Thread.run(Thread.java:832)
... Removed 18 stack frames</div></td></tr></table><p class="totop"><a href="#summary">back to summary</a></p>
<h3 id="m30">com.jsp.tests.TestNGDataProviders#loginTest</h3><table class="result"><tr><th>Exception</th></tr><tr><td><div class="stacktrace">org.openqa.selenium.SessionNotCreatedException: session not created: This version of ChromeDriver only supports Chrome version 98
Current browser version is 102.0.5005.115 with binary path C:\Program Files (x86)\Google\Chrome\Application\chrome.exe
Build info: version: &apos;3.141.59&apos;, revision: &apos;e82be7d358&apos;, time: &apos;2018-11-14T08:17:03&apos;
System info: host: &apos;SHRADDHA-PC&apos;, ip: &apos;192.168.29.116&apos;, os.name: &apos;Windows 7&apos;, os.arch: &apos;amd64&apos;, os.version: &apos;6.1&apos;, java.version: &apos;15.0.1&apos;
Driver info: driver.version: ChromeDriver
remote stacktrace: Backtrace:
	Ordinal0 [0x0042A0A3+2597027]
	Ordinal0 [0x003BBA61+2144865]
	Ordinal0 [0x002B3C58+1064024]
	Ordinal0 [0x002D3708+1193736]
	Ordinal0 [0x002CF585+1176965]
	Ordinal0 [0x002CCD41+1166657]
	Ordinal0 [0x002FD23F+1364543]
	Ordinal0 [0x002FCE6A+1363562]
	Ordinal0 [0x002F85C6+1344966]
	Ordinal0 [0x002D54C6+1201350]
	Ordinal0 [0x002D63B6+1205174]
	GetHandleVerifier [0x005D10A2+1681842]
	GetHandleVerifier [0x00683B0C+2413596]
	GetHandleVerifier [0x004C1221+568113]
	GetHandleVerifier [0x004BFFA3+563379]
	Ordinal0 [0x003C174E+2168654]
	Ordinal0 [0x003C6538+2188600]
	Ordinal0 [0x003C6680+2188928]
	Ordinal0 [0x003D030C+2229004]
	BaseThreadInitThunk [0x7674343D+18]
	RtlInitializeExceptionChain [0x77E29812+99]
	RtlInitializeExceptionChain [0x77E297E5+54]

	at org.openqa.selenium.remote.W3CHandshakeResponse.lambda$errorHandler$0(W3CHandshakeResponse.java:62)
	at org.openqa.selenium.remote.HandshakeResponse.lambda$getResponseFunction$0(HandshakeResponse.java:30)
	at org.openqa.selenium.remote.ProtocolHandshake.lambda$createSession$0(ProtocolHandshake.java:126)
	at java.base/java.util.stream.ReferencePipeline$3$1.accept(ReferencePipeline.java:195)
	at java.base/java.util.Spliterators$ArraySpliterator.tryAdvance(Spliterators.java:958)
	at java.base/java.util.stream.ReferencePipeline.forEachWithCancel(ReferencePipeline.java:127)
	at java.base/java.util.stream.AbstractPipeline.copyIntoWithCancel(AbstractPipeline.java:502)
	at java.base/java.util.stream.AbstractPipeline.copyInto(AbstractPipeline.java:488)
	at java.base/java.util.stream.AbstractPipeline.wrapAndCopyInto(AbstractPipeline.java:474)
	at java.base/java.util.stream.FindOps$FindOp.evaluateSequential(FindOps.java:150)
	at java.base/java.util.stream.AbstractPipeline.evaluate(AbstractPipeline.java:234)
	at java.base/java.util.stream.ReferencePipeline.findFirst(ReferencePipeline.java:543)
	at org.openqa.selenium.remote.ProtocolHandshake.createSession(ProtocolHandshake.java:128)
	at org.openqa.selenium.remote.ProtocolHandshake.createSession(ProtocolHandshake.java:74)
	at org.openqa.selenium.remote.HttpCommandExecutor.execute(HttpCommandExecutor.java:136)
	at org.openqa.selenium.remote.service.DriverCommandExecutor.execute(DriverCommandExecutor.java:83)
	at org.openqa.selenium.remote.RemoteWebDriver.execute(RemoteWebDriver.java:552)
	at org.openqa.selenium.remote.RemoteWebDriver.startSession(RemoteWebDriver.java:213)
	at org.openqa.selenium.remote.RemoteWebDriver.&lt;init&gt;(RemoteWebDriver.java:131)
	at org.openqa.selenium.chrome.ChromeDriver.&lt;init&gt;(ChromeDriver.java:181)
	at org.openqa.selenium.chrome.ChromeDriver.&lt;init&gt;(ChromeDriver.java:168)
	at org.openqa.selenium.chrome.ChromeDriver.&lt;init&gt;(ChromeDriver.java:123)
	at com.jsp.tests.TestNGDataProviders.setup(TestNGDataProviders.java:22)
	at java.base/java.util.concurrent.ThreadPoolExecutor.runWorker(ThreadPoolExecutor.java:1130)
	at java.base/java.util.concurrent.ThreadPoolExecutor$Worker.run(ThreadPoolExecutor.java:630)
	at java.base/java.lang.Thread.run(Thread.java:832)
... Removed 18 stack frames</div></td></tr></table><p class="totop"><a href="#summary">back to summary</a></p>
<h3 id="m31">com.jsp.assignments.CheckBoxTest#checkBoxTest</h3><table class="result"><tr><th class="invisible"/></tr></table><p class="totop"><a href="#summary">back to summary</a></p>
<h3 id="m32">com.jsp.assignments.MissingKinkofWiki#missingLink</h3><table class="result"><tr><th class="invisible"/></tr></table><p class="totop"><a href="#summary">back to summary</a></p>
<h3 id="m33">com.jsp.tests.Action#testAction1</h3><table class="result"><tr><th class="invisible"/></tr></table><p class="totop"><a href="#summary">back to summary</a></p>
<h3 id="m34">com.jsp.tests.Action#testAction2</h3><table class="result"><tr><th class="invisible"/></tr></table><p class="totop"><a href="#summary">back to summary</a></p>
<h3 id="m35">com.jsp.tests.Action#testAction3</h3><table class="result"><tr><th class="invisible"/></tr></table><p class="totop"><a href="#summary">back to summary</a></p>
<h3 id="m36">com.jsp.tests.Action#testAction4</h3><table class="result"><tr><th class="invisible"/></tr></table><p class="totop"><a href="#summary">back to summary</a></p>
<h3 id="m37">com.jsp.tests.Action#testAction5</h3><table class="result"><tr><th class="invisible"/></tr></table><p class="totop"><a href="#summary">back to summary</a></p>
<h3 id="m38">com.jsp.tests.Action#testAction7</h3><table class="result"><tr><th class="invisible"/></tr></table><p class="totop"><a href="#summary">back to summary</a></p>
<h3 id="m39">com.jsp.tests.Action#testAction8</h3><table class="result"><tr><th class="invisible"/></tr></table><p class="totop"><a href="#summary">back to summary</a></p>
<h3 id="m40">com.jsp.tests.Action#testAction9</h3><table class="result"><tr><th class="invisible"/></tr></table><p class="totop"><a href="#summary">back to summary</a></p>
<h3 id="m41">com.jsp.tests.ActiveElement#verifyActiveElement1</h3><table class="result"><tr><th class="invisible"/></tr></table><p class="totop"><a href="#summary">back to summary</a></p>
<h3 id="m42">com.jsp.tests.ActiveElement#verifyActiveElement2</h3><table class="result"><tr><th class="invisible"/></tr></table><p class="totop"><a href="#summary">back to summary</a></p>
<h3 id="m43">com.jsp.tests.AlertDemo#verifyPromptAlert</h3><table class="result"><tr><th class="invisible"/></tr></table><p class="totop"><a href="#summary">back to summary</a></p>
<h3 id="m44">com.jsp.tests.AleternateOfSendKeys#alternateOfSendkeys2</h3><table class="result"><tr><th class="invisible"/></tr></table><p class="totop"><a href="#summary">back to summary</a></p>
<h3 id="m45">com.jsp.tests.AshotTest1FullSS#ashotTest1</h3><table class="result"><tr><th class="invisible"/></tr></table><p class="totop"><a href="#summary">back to summary</a></p>
<h3 id="m46">com.jsp.tests.AshotTest2ElementSS#ashotTest2</h3><table class="result"><tr><th class="invisible"/></tr></table><p class="totop"><a href="#summary">back to summary</a></p>
<h3 id="m47">com.jsp.tests.AutoSuggestionList#autoSuggestion2</h3><table class="result"><tr><th class="invisible"/></tr></table><p class="totop"><a href="#summary">back to summary</a></p>
<h3 id="m48">com.jsp.tests.BrokenLinksTest#getLinks</h3><table class="result"><tr><th class="invisible"/></tr></table><p class="totop"><a href="#summary">back to summary</a></p>
<h3 id="m49">com.jsp.tests.BrowserNavigationCmd#browserNavigationCmd</h3><table class="result"><tr><th class="invisible"/></tr></table><p class="totop"><a href="#summary">back to summary</a></p>
<h3 id="m50">com.jsp.tests.BrowserSpecificCmd#browserSpecificCommands</h3><table class="result"><tr><th class="invisible"/></tr></table><p class="totop"><a href="#summary">back to summary</a></p>
<h3 id="m51">com.jsp.tests.CSVRead#csvReadtest</h3><table class="result"><tr><th class="invisible"/></tr></table><p class="totop"><a href="#summary">back to summary</a></p>
<h3 id="m52">com.jsp.tests.CheckBoxex#checkBoxTest</h3><table class="result"><tr><th class="invisible"/></tr></table><p class="totop"><a href="#summary">back to summary</a></p>
<h3 id="m53">com.jsp.tests.ClicksLinksRandomly#clicksLinksRandomly</h3><table class="result"><tr><th class="invisible"/></tr></table><p class="totop"><a href="#summary">back to summary</a></p>
<h3 id="m54">com.jsp.tests.DropDown#dropdownWiki</h3><table class="result"><tr><th class="invisible"/></tr></table><p class="totop"><a href="#summary">back to summary</a></p>
<h3 id="m55">com.jsp.tests.DropDownBootStrap#dropDownDemo</h3><table class="result"><tr><th class="invisible"/></tr></table><p class="totop"><a href="#summary">back to summary</a></p>
<h3 id="m56">com.jsp.tests.DropDownDemo#dropDownDemo</h3><table class="result"><tr><th class="invisible"/></tr></table><p class="totop"><a href="#summary">back to summary</a></p>
<h3 id="m57">com.jsp.tests.DynamicWebTable#dynamicWebTable1</h3><table class="result"><tr><th class="invisible"/></tr></table><p class="totop"><a href="#summary">back to summary</a></p>
<h3 id="m58">com.jsp.tests.DynamicWebTable2#dynamicWebTable3</h3><table class="result"><tr><th class="invisible"/></tr></table><p class="totop"><a href="#summary">back to summary</a></p>
<h3 id="m59">com.jsp.tests.ElementSpecificCmd#elementSpecificCmd</h3><table class="result"><tr><th class="invisible"/></tr></table><p class="totop"><a href="#summary">back to summary</a></p>
<h3 id="m60">com.jsp.tests.ExcelPOI#excelFileRead</h3><table class="result"><tr><th class="invisible"/></tr></table><p class="totop"><a href="#summary">back to summary</a></p>
<h3 id="m61">com.jsp.tests.FileUploadSendKeys#fileUpload3</h3><table class="result"><tr><th class="invisible"/></tr></table><p class="totop"><a href="#summary">back to summary</a></p>
<h3 id="m62">com.jsp.tests.GetBrowserName#GetBrowserName</h3><table class="result"><tr><th class="invisible"/></tr></table><p class="totop"><a href="#summary">back to summary</a></p>
<h3 id="m63">com.jsp.tests.HandleWindwowAuthentication#verifyHandleWindwowAuthentication</h3><table class="result"><tr><th class="invisible"/></tr></table><p class="totop"><a href="#summary">back to summary</a></p>
<h3 id="m64">com.jsp.tests.HeadlessBrowsingHTMLunit#testHeadlessBrowser</h3><table class="result"><tr><th class="invisible"/></tr></table><p class="totop"><a href="#summary">back to summary</a></p>
<h3 id="m65">com.jsp.tests.HighlightElementJS#highlightElementJS</h3><table class="result"><tr><th class="invisible"/></tr></table><p class="totop"><a href="#summary">back to summary</a></p>
<h3 id="m66">com.jsp.tests.ImportLinks#importLinks</h3><table class="result"><tr><th class="invisible"/></tr></table><p class="totop"><a href="#summary">back to summary</a></p>
<h3 id="m67">com.jsp.tests.Locators#locators</h3><table class="result"><tr><th class="invisible"/></tr></table><p class="totop"><a href="#summary">back to summary</a></p>
<h3 id="m68">com.jsp.tests.MultiSelect#multiSelect</h3><table class="result"><tr><th class="invisible"/></tr></table><p class="totop"><a href="#summary">back to summary</a></p>
<h3 id="m69">com.jsp.tests.RadioCheckbox#verifyCheckbox</h3><table class="result"><tr><th class="invisible"/></tr></table><p class="totop"><a href="#summary">back to summary</a></p>
<h3 id="m70">com.jsp.tests.RadioCheckbox#verifyRadiobtn</h3><table class="result"><tr><th class="invisible"/></tr></table><p class="totop"><a href="#summary">back to summary</a></p>
<h3 id="m71">com.jsp.tests.Scrolling#verifyScrollUpDown</h3><table class="result"><tr><th class="invisible"/></tr></table><p class="totop"><a href="#summary">back to summary</a></p>
<h3 id="m72">com.jsp.tests.TC001_GET_All_Emps#checkResponseBody</h3><table class="result"><tr><th class="invisible"/></tr></table><p class="totop"><a href="#summary">back to summary</a></p>
<h3 id="m73">com.jsp.tests.TakesScreenshotTest#testCase2</h3><table class="result"><tr><th class="invisible"/></tr></table><p class="totop"><a href="#summary">back to summary</a></p>
<h3 id="m74">com.jsp.tests.ToolTip#ToolTipbyAtributeTitle</h3><table class="result"><tr><th class="invisible"/></tr></table><p class="totop"><a href="#summary">back to summary</a></p>
<h3 id="m75">com.jsp.tests.Waits#threadSleepDemo6</h3><table class="result"><tr><th class="invisible"/></tr></table><p class="totop"><a href="#summary">back to summary</a></p>
<h3 id="m76">com.jsp.tests.WindowChild#verifyChildWindow</h3><table class="result"><tr><th class="invisible"/></tr></table><p class="totop"><a href="#summary">back to summary</a></p>
<h3 id="m77">com.jsp.tests.WindowMultipleChild#verifyMultipleWindows</h3><table class="result"><tr><th class="invisible"/></tr></table><p class="totop"><a href="#summary">back to summary</a></p>
<h3 id="m78">com.jsp.tests.WindowSwitchBackParent#verifySwitchBackParentWindow</h3><table class="result"><tr><th class="invisible"/></tr></table><p class="totop"><a href="#summary">back to summary</a></p>
<h3 id="m79">com.jsp.tests.simplepingtest#pingtest</h3><table class="result"><tr><th class="invisible"/></tr></table><p class="totop"><a href="#summary">back to summary</a></p>
</body>
</html>
